{"/home/dstevengmz/Escritorio/Clinestetica/Proyecto-Sena-Clinica-Estetica-Frontend-Backend/Backend/assets/HorariosDisponibles.js": {"path":"/home/dstevengmz/Escritorio/Clinestetica/Proyecto-Sena-Clinica-Estetica-Frontend-Backend/Backend/assets/HorariosDisponibles.js","statementMap":{"0":{"start":{"line":3,"column":4},"end":{"line":23,"column":6}},"1":{"start":{"line":27,"column":4},"end":{"line":30,"column":6}},"2":{"start":{"line":34,"column":0},"end":{"line":34,"column":43}}},"fnMap":{"0":{"name":"(anonymous_0)","decl":{"start":{"line":2,"column":2},"end":{"line":2,"column":3}},"loc":{"start":{"line":2,"column":13},"end":{"line":24,"column":3}},"line":2},"1":{"name":"(anonymous_1)","decl":{"start":{"line":26,"column":2},"end":{"line":26,"column":3}},"loc":{"start":{"line":26,"column":15},"end":{"line":31,"column":3}},"line":26}},"branchMap":{},"s":{"0":1,"1":1,"2":1},"f":{"0":1,"1":1},"b":{},"_coverageSchema":"1a1c01bbd47fc00a2c39e90264f33305004495a9","hash":"62dad27c8b9bda1fd72d9991476bc161a5d10f09"}
,"/home/dstevengmz/Escritorio/Clinestetica/Proyecto-Sena-Clinica-Estetica-Frontend-Backend/Backend/assets/LimpiarNombreUtils.js": {"path":"/home/dstevengmz/Escritorio/Clinestetica/Proyecto-Sena-Clinica-Estetica-Frontend-Backend/Backend/assets/LimpiarNombreUtils.js","statementMap":{"0":{"start":{"line":2,"column":2},"end":{"line":9,"column":15}},"1":{"start":{"line":7,"column":8},"end":{"line":7,"column":72}},"2":{"start":{"line":12,"column":0},"end":{"line":12,"column":34}}},"fnMap":{"0":{"name":"formatearNombre","decl":{"start":{"line":1,"column":9},"end":{"line":1,"column":24}},"loc":{"start":{"line":1,"column":41},"end":{"line":10,"column":1}},"line":1},"1":{"name":"(anonymous_1)","decl":{"start":{"line":6,"column":6},"end":{"line":6,"column":7}},"loc":{"start":{"line":7,"column":8},"end":{"line":7,"column":72}},"line":7}},"branchMap":{},"s":{"0":7,"1":10,"2":2},"f":{"0":7,"1":10},"b":{},"_coverageSchema":"1a1c01bbd47fc00a2c39e90264f33305004495a9","hash":"a84692067f2e1dc8912005ae05796c8b2acf25a1"}
,"/home/dstevengmz/Escritorio/Clinestetica/Proyecto-Sena-Clinica-Estetica-Frontend-Backend/Backend/assets/Validarfecharegistro.js": {"path":"/home/dstevengmz/Escritorio/Clinestetica/Proyecto-Sena-Clinica-Estetica-Frontend-Backend/Backend/assets/Validarfecharegistro.js","statementMap":{"0":{"start":{"line":1,"column":15},"end":{"line":1,"column":41}},"1":{"start":{"line":4,"column":16},"end":{"line":4,"column":43}},"2":{"start":{"line":6,"column":2},"end":{"line":8,"column":3}},"3":{"start":{"line":7,"column":4},"end":{"line":7,"column":50}},"4":{"start":{"line":10,"column":20},"end":{"line":10,"column":59}},"5":{"start":{"line":12,"column":2},"end":{"line":14,"column":3}},"6":{"start":{"line":13,"column":4},"end":{"line":13,"column":63}},"7":{"start":{"line":17,"column":0},"end":{"line":17,"column":35}}},"fnMap":{"0":{"name":"ValidarLaCita","decl":{"start":{"line":3,"column":9},"end":{"line":3,"column":22}},"loc":{"start":{"line":3,"column":29},"end":{"line":15,"column":1}},"line":3}},"branchMap":{"0":{"loc":{"start":{"line":6,"column":2},"end":{"line":8,"column":3}},"type":"if","locations":[{"start":{"line":6,"column":2},"end":{"line":8,"column":3}},{"start":{},"end":{}}],"line":6},"1":{"loc":{"start":{"line":12,"column":2},"end":{"line":14,"column":3}},"type":"if","locations":[{"start":{"line":12,"column":2},"end":{"line":14,"column":3}},{"start":{},"end":{}}],"line":12}},"s":{"0":2,"1":3,"2":3,"3":1,"4":2,"5":2,"6":1,"7":2},"f":{"0":3},"b":{"0":[1,2],"1":[1,1]},"_coverageSchema":"1a1c01bbd47fc00a2c39e90264f33305004495a9","hash":"e312b904eb1872162e91b24cd652120e664aa36e"}
,"/home/dstevengmz/Escritorio/Clinestetica/Proyecto-Sena-Clinica-Estetica-Frontend-Backend/Backend/assets/corre.js": {"path":"/home/dstevengmz/Escritorio/Clinestetica/Proyecto-Sena-Clinica-Estetica-Frontend-Backend/Backend/assets/corre.js","statementMap":{"0":{"start":{"line":1,"column":19},"end":{"line":1,"column":40}},"1":{"start":{"line":2,"column":0},"end":{"line":2,"column":27}},"2":{"start":{"line":4,"column":0},"end":{"line":4,"column":44}},"3":{"start":{"line":5,"column":20},"end":{"line":13,"column":2}},"4":{"start":{"line":16,"column":4},"end":{"line":26,"column":9}},"5":{"start":{"line":17,"column":19},"end":{"line":23,"column":8}},"6":{"start":{"line":24,"column":6},"end":{"line":24,"column":55}},"7":{"start":{"line":25,"column":6},"end":{"line":25,"column":54}},"8":{"start":{"line":29,"column":0},"end":{"line":29,"column":34}}},"fnMap":{"0":{"name":"EnviarCorreo","decl":{"start":{"line":15,"column":9},"end":{"line":15,"column":21}},"loc":{"start":{"line":15,"column":53},"end":{"line":27,"column":1}},"line":15},"1":{"name":"(anonymous_1)","decl":{"start":{"line":16,"column":5},"end":{"line":16,"column":6}},"loc":{"start":{"line":16,"column":17},"end":{"line":26,"column":5}},"line":16}},"branchMap":{},"s":{"0":2,"1":2,"2":2,"3":2,"4":1,"5":1,"6":1,"7":1,"8":2},"f":{"0":1,"1":1},"b":{},"_coverageSchema":"1a1c01bbd47fc00a2c39e90264f33305004495a9","hash":"89a570e4a80a8d15a723b86f9c14777cd3ae8278"}
,"/home/dstevengmz/Escritorio/Clinestetica/Proyecto-Sena-Clinica-Estetica-Frontend-Backend/Backend/controllers/CambiarContrasena.Controllers.js": {"path":"/home/dstevengmz/Escritorio/Clinestetica/Proyecto-Sena-Clinica-Estetica-Frontend-Backend/Backend/controllers/CambiarContrasena.Controllers.js","statementMap":{"0":{"start":{"line":1,"column":23},"end":{"line":1,"column":71}},"1":{"start":{"line":5,"column":4},"end":{"line":12,"column":5}},"2":{"start":{"line":6,"column":32},"end":{"line":6,"column":40}},"3":{"start":{"line":7,"column":25},"end":{"line":7,"column":39}},"4":{"start":{"line":8,"column":21},"end":{"line":8,"column":86}},"5":{"start":{"line":9,"column":6},"end":{"line":9,"column":23}},"6":{"start":{"line":11,"column":6},"end":{"line":11,"column":51}},"7":{"start":{"line":15,"column":4},"end":{"line":21,"column":5}},"8":{"start":{"line":16,"column":25},"end":{"line":16,"column":33}},"9":{"start":{"line":17,"column":21},"end":{"line":17,"column":64}},"10":{"start":{"line":18,"column":6},"end":{"line":18,"column":23}},"11":{"start":{"line":20,"column":6},"end":{"line":20,"column":51}},"12":{"start":{"line":26,"column":4},"end":{"line":33,"column":5}},"13":{"start":{"line":27,"column":24},"end":{"line":27,"column":34}},"14":{"start":{"line":28,"column":24},"end":{"line":28,"column":32}},"15":{"start":{"line":29,"column":21},"end":{"line":29,"column":72}},"16":{"start":{"line":30,"column":6},"end":{"line":30,"column":23}},"17":{"start":{"line":32,"column":6},"end":{"line":32,"column":51}},"18":{"start":{"line":37,"column":0},"end":{"line":37,"column":51}}},"fnMap":{"0":{"name":"(anonymous_0)","decl":{"start":{"line":4,"column":0},"end":{"line":4,"column":1}},"loc":{"start":{"line":4,"column":34},"end":{"line":13,"column":3}},"line":4},"1":{"name":"(anonymous_1)","decl":{"start":{"line":14,"column":2},"end":{"line":14,"column":3}},"loc":{"start":{"line":14,"column":33},"end":{"line":22,"column":3}},"line":14},"2":{"name":"(anonymous_2)","decl":{"start":{"line":25,"column":2},"end":{"line":25,"column":3}},"loc":{"start":{"line":25,"column":35},"end":{"line":34,"column":3}},"line":25}},"branchMap":{},"s":{"0":1,"1":2,"2":2,"3":2,"4":2,"5":1,"6":1,"7":2,"8":2,"9":2,"10":1,"11":1,"12":2,"13":2,"14":2,"15":2,"16":1,"17":1,"18":1},"f":{"0":2,"1":2,"2":2},"b":{},"_coverageSchema":"1a1c01bbd47fc00a2c39e90264f33305004495a9","hash":"7383d64e0194a47285cc956f021e28fccac92183"}
,"/home/dstevengmz/Escritorio/Clinestetica/Proyecto-Sena-Clinica-Estetica-Frontend-Backend/Backend/controllers/CarritoControllers.js": {"path":"/home/dstevengmz/Escritorio/Clinestetica/Proyecto-Sena-Clinica-Estetica-Frontend-Backend/Backend/controllers/CarritoControllers.js","statementMap":{"0":{"start":{"line":1,"column":23},"end":{"line":1,"column":61}},"1":{"start":{"line":5,"column":4},"end":{"line":12,"column":5}},"2":{"start":{"line":6,"column":25},"end":{"line":6,"column":39}},"3":{"start":{"line":7,"column":22},"end":{"line":7,"column":78}},"4":{"start":{"line":8,"column":6},"end":{"line":8,"column":24}},"5":{"start":{"line":10,"column":6},"end":{"line":10,"column":54}},"6":{"start":{"line":11,"column":6},"end":{"line":11,"column":69}},"7":{"start":{"line":16,"column":4},"end":{"line":32,"column":5}},"8":{"start":{"line":17,"column":35},"end":{"line":17,"column":43}},"9":{"start":{"line":18,"column":25},"end":{"line":18,"column":39}},"10":{"start":{"line":20,"column":24},"end":{"line":23,"column":8}},"11":{"start":{"line":25,"column":6},"end":{"line":25,"column":38}},"12":{"start":{"line":27,"column":6},"end":{"line":29,"column":7}},"13":{"start":{"line":28,"column":8},"end":{"line":28,"column":62}},"14":{"start":{"line":30,"column":6},"end":{"line":30,"column":57}},"15":{"start":{"line":31,"column":6},"end":{"line":31,"column":69}},"16":{"start":{"line":36,"column":4},"end":{"line":43,"column":5}},"17":{"start":{"line":37,"column":21},"end":{"line":37,"column":31}},"18":{"start":{"line":38,"column":6},"end":{"line":38,"column":50}},"19":{"start":{"line":39,"column":6},"end":{"line":39,"column":67}},"20":{"start":{"line":41,"column":6},"end":{"line":41,"column":57}},"21":{"start":{"line":42,"column":6},"end":{"line":42,"column":71}},"22":{"start":{"line":47,"column":4},"end":{"line":54,"column":5}},"23":{"start":{"line":48,"column":25},"end":{"line":48,"column":39}},"24":{"start":{"line":49,"column":6},"end":{"line":49,"column":61}},"25":{"start":{"line":50,"column":6},"end":{"line":50,"column":62}},"26":{"start":{"line":52,"column":6},"end":{"line":52,"column":55}},"27":{"start":{"line":53,"column":6},"end":{"line":53,"column":69}},"28":{"start":{"line":58,"column":0},"end":{"line":58,"column":41}}},"fnMap":{"0":{"name":"(anonymous_0)","decl":{"start":{"line":4,"column":2},"end":{"line":4,"column":3}},"loc":{"start":{"line":4,"column":34},"end":{"line":13,"column":3}},"line":4},"1":{"name":"(anonymous_1)","decl":{"start":{"line":15,"column":2},"end":{"line":15,"column":3}},"loc":{"start":{"line":15,"column":35},"end":{"line":33,"column":3}},"line":15},"2":{"name":"(anonymous_2)","decl":{"start":{"line":35,"column":2},"end":{"line":35,"column":3}},"loc":{"start":{"line":35,"column":37},"end":{"line":44,"column":3}},"line":35},"3":{"name":"(anonymous_3)","decl":{"start":{"line":46,"column":2},"end":{"line":46,"column":3}},"loc":{"start":{"line":46,"column":35},"end":{"line":55,"column":3}},"line":46}},"branchMap":{"0":{"loc":{"start":{"line":27,"column":6},"end":{"line":29,"column":7}},"type":"if","locations":[{"start":{"line":27,"column":6},"end":{"line":29,"column":7}},{"start":{},"end":{}}],"line":27}},"s":{"0":1,"1":2,"2":2,"3":2,"4":1,"5":1,"6":1,"7":3,"8":3,"9":3,"10":3,"11":1,"12":2,"13":1,"14":1,"15":1,"16":2,"17":2,"18":2,"19":1,"20":1,"21":1,"22":2,"23":2,"24":2,"25":1,"26":1,"27":1,"28":1},"f":{"0":2,"1":3,"2":2,"3":2},"b":{"0":[1,1]},"_coverageSchema":"1a1c01bbd47fc00a2c39e90264f33305004495a9","hash":"c11193d85f62e1e2cc1a2e75d9bff09e4cb3cffd"}
,"/home/dstevengmz/Escritorio/Clinestetica/Proyecto-Sena-Clinica-Estetica-Frontend-Backend/Backend/controllers/CategoriaProcedimientosControllers.js": {"path":"/home/dstevengmz/Escritorio/Clinestetica/Proyecto-Sena-Clinica-Estetica-Frontend-Backend/Backend/controllers/CategoriaProcedimientosControllers.js","statementMap":{"0":{"start":{"line":1,"column":25},"end":{"line":1,"column":79}},"1":{"start":{"line":5,"column":4},"end":{"line":11,"column":5}},"2":{"start":{"line":6,"column":25},"end":{"line":6,"column":69}},"3":{"start":{"line":7,"column":6},"end":{"line":7,"column":27}},"4":{"start":{"line":9,"column":6},"end":{"line":9,"column":58}},"5":{"start":{"line":10,"column":6},"end":{"line":10,"column":68}},"6":{"start":{"line":15,"column":4},"end":{"line":24,"column":5}},"7":{"start":{"line":16,"column":24},"end":{"line":16,"column":79}},"8":{"start":{"line":17,"column":6},"end":{"line":19,"column":7}},"9":{"start":{"line":18,"column":8},"end":{"line":18,"column":74}},"10":{"start":{"line":20,"column":6},"end":{"line":20,"column":26}},"11":{"start":{"line":22,"column":6},"end":{"line":22,"column":57}},"12":{"start":{"line":23,"column":6},"end":{"line":23,"column":67}},"13":{"start":{"line":28,"column":4},"end":{"line":45,"column":5}},"14":{"start":{"line":29,"column":20},"end":{"line":29,"column":28}},"15":{"start":{"line":30,"column":6},"end":{"line":32,"column":7}},"16":{"start":{"line":31,"column":8},"end":{"line":31,"column":47}},"17":{"start":{"line":33,"column":20},"end":{"line":33,"column":66}},"18":{"start":{"line":34,"column":6},"end":{"line":34,"column":34}},"19":{"start":{"line":36,"column":6},"end":{"line":36,"column":56}},"20":{"start":{"line":37,"column":21},"end":{"line":37,"column":40}},"21":{"start":{"line":39,"column":8},"end":{"line":43,"column":84}},"22":{"start":{"line":44,"column":6},"end":{"line":44,"column":39}},"23":{"start":{"line":49,"column":4},"end":{"line":78,"column":5}},"24":{"start":{"line":50,"column":21},"end":{"line":50,"column":31}},"25":{"start":{"line":51,"column":6},"end":{"line":53,"column":7}},"26":{"start":{"line":52,"column":8},"end":{"line":52,"column":62}},"27":{"start":{"line":54,"column":21},"end":{"line":54,"column":65}},"28":{"start":{"line":55,"column":6},"end":{"line":57,"column":7}},"29":{"start":{"line":56,"column":8},"end":{"line":56,"column":74}},"30":{"start":{"line":58,"column":22},"end":{"line":58,"column":37}},"31":{"start":{"line":59,"column":6},"end":{"line":61,"column":7}},"32":{"start":{"line":60,"column":8},"end":{"line":60,"column":51}},"33":{"start":{"line":62,"column":24},"end":{"line":65,"column":7}},"34":{"start":{"line":66,"column":6},"end":{"line":70,"column":7}},"35":{"start":{"line":67,"column":8},"end":{"line":69,"column":65}},"36":{"start":{"line":71,"column":6},"end":{"line":71,"column":67}},"37":{"start":{"line":73,"column":6},"end":{"line":73,"column":61}},"38":{"start":{"line":74,"column":6},"end":{"line":77,"column":9}},"39":{"start":{"line":82,"column":4},"end":{"line":93,"column":5}},"40":{"start":{"line":83,"column":24},"end":{"line":85,"column":7}},"41":{"start":{"line":86,"column":6},"end":{"line":88,"column":7}},"42":{"start":{"line":87,"column":8},"end":{"line":87,"column":74}},"43":{"start":{"line":89,"column":6},"end":{"line":89,"column":51}},"44":{"start":{"line":91,"column":6},"end":{"line":91,"column":59}},"45":{"start":{"line":92,"column":6},"end":{"line":92,"column":72}},"46":{"start":{"line":97,"column":0},"end":{"line":97,"column":57}}},"fnMap":{"0":{"name":"(anonymous_0)","decl":{"start":{"line":4,"column":2},"end":{"line":4,"column":3}},"loc":{"start":{"line":4,"column":35},"end":{"line":12,"column":3}},"line":4},"1":{"name":"(anonymous_1)","decl":{"start":{"line":14,"column":2},"end":{"line":14,"column":3}},"loc":{"start":{"line":14,"column":34},"end":{"line":25,"column":3}},"line":14},"2":{"name":"(anonymous_2)","decl":{"start":{"line":27,"column":2},"end":{"line":27,"column":3}},"loc":{"start":{"line":27,"column":33},"end":{"line":46,"column":3}},"line":27},"3":{"name":"(anonymous_3)","decl":{"start":{"line":48,"column":2},"end":{"line":48,"column":3}},"loc":{"start":{"line":48,"column":38},"end":{"line":79,"column":3}},"line":48},"4":{"name":"(anonymous_4)","decl":{"start":{"line":81,"column":2},"end":{"line":81,"column":3}},"loc":{"start":{"line":81,"column":36},"end":{"line":94,"column":3}},"line":81}},"branchMap":{"0":{"loc":{"start":{"line":17,"column":6},"end":{"line":19,"column":7}},"type":"if","locations":[{"start":{"line":17,"column":6},"end":{"line":19,"column":7}},{"start":{},"end":{}}],"line":17},"1":{"loc":{"start":{"line":30,"column":6},"end":{"line":32,"column":7}},"type":"if","locations":[{"start":{"line":30,"column":6},"end":{"line":32,"column":7}},{"start":{},"end":{}}],"line":30},"2":{"loc":{"start":{"line":37,"column":21},"end":{"line":37,"column":40}},"type":"binary-expr","locations":[{"start":{"line":37,"column":21},"end":{"line":37,"column":33}},{"start":{"line":37,"column":37},"end":{"line":37,"column":40}}],"line":37},"3":{"loc":{"start":{"line":39,"column":8},"end":{"line":43,"column":84}},"type":"cond-expr","locations":[{"start":{"line":40,"column":12},"end":{"line":40,"column":65}},{"start":{"line":41,"column":12},"end":{"line":43,"column":84}}],"line":39},"4":{"loc":{"start":{"line":41,"column":12},"end":{"line":43,"column":84}},"type":"cond-expr","locations":[{"start":{"line":42,"column":12},"end":{"line":42,"column":65}},{"start":{"line":43,"column":12},"end":{"line":43,"column":84}}],"line":41},"5":{"loc":{"start":{"line":51,"column":6},"end":{"line":53,"column":7}},"type":"if","locations":[{"start":{"line":51,"column":6},"end":{"line":53,"column":7}},{"start":{},"end":{}}],"line":51},"6":{"loc":{"start":{"line":55,"column":6},"end":{"line":57,"column":7}},"type":"if","locations":[{"start":{"line":55,"column":6},"end":{"line":57,"column":7}},{"start":{},"end":{}}],"line":55},"7":{"loc":{"start":{"line":59,"column":6},"end":{"line":61,"column":7}},"type":"if","locations":[{"start":{"line":59,"column":6},"end":{"line":61,"column":7}},{"start":{},"end":{}}],"line":59},"8":{"loc":{"start":{"line":66,"column":6},"end":{"line":70,"column":7}},"type":"if","locations":[{"start":{"line":66,"column":6},"end":{"line":70,"column":7}},{"start":{},"end":{}}],"line":66},"9":{"loc":{"start":{"line":86,"column":6},"end":{"line":88,"column":7}},"type":"if","locations":[{"start":{"line":86,"column":6},"end":{"line":88,"column":7}},{"start":{},"end":{}}],"line":86}},"s":{"0":1,"1":2,"2":2,"3":1,"4":1,"5":1,"6":3,"7":3,"8":2,"9":1,"10":1,"11":1,"12":1,"13":4,"14":4,"15":4,"16":1,"17":4,"18":1,"19":3,"20":3,"21":3,"22":3,"23":5,"24":5,"25":5,"26":1,"27":4,"28":4,"29":1,"30":3,"31":3,"32":1,"33":3,"34":2,"35":1,"36":1,"37":1,"38":1,"39":3,"40":3,"41":2,"42":1,"43":1,"44":1,"45":1,"46":1},"f":{"0":2,"1":3,"2":4,"3":5,"4":3},"b":{"0":[1,1],"1":[1,3],"2":[3,1],"3":[1,2],"4":[1,1],"5":[1,4],"6":[1,3],"7":[1,2],"8":[1,1],"9":[1,1]},"_coverageSchema":"1a1c01bbd47fc00a2c39e90264f33305004495a9","hash":"645547a53a7d26c7d83edc2503e9a4705fcec262"}
,"/home/dstevengmz/Escritorio/Clinestetica/Proyecto-Sena-Clinica-Estetica-Frontend-Backend/Backend/controllers/ChatControllers.js": {"path":"/home/dstevengmz/Escritorio/Clinestetica/Proyecto-Sena-Clinica-Estetica-Frontend-Backend/Backend/controllers/ChatControllers.js","statementMap":{"0":{"start":{"line":1,"column":21},"end":{"line":1,"column":56}},"1":{"start":{"line":5,"column":4},"end":{"line":16,"column":5}},"2":{"start":{"line":6,"column":26},"end":{"line":6,"column":40}},"3":{"start":{"line":7,"column":6},"end":{"line":9,"column":7}},"4":{"start":{"line":8,"column":8},"end":{"line":8,"column":80}},"5":{"start":{"line":11,"column":24},"end":{"line":11,"column":62}},"6":{"start":{"line":12,"column":6},"end":{"line":12,"column":33}},"7":{"start":{"line":14,"column":6},"end":{"line":14,"column":61}},"8":{"start":{"line":15,"column":6},"end":{"line":15,"column":78}},"9":{"start":{"line":20,"column":0},"end":{"line":20,"column":38}}},"fnMap":{"0":{"name":"(anonymous_0)","decl":{"start":{"line":4,"column":2},"end":{"line":4,"column":3}},"loc":{"start":{"line":4,"column":32},"end":{"line":17,"column":3}},"line":4}},"branchMap":{"0":{"loc":{"start":{"line":6,"column":26},"end":{"line":6,"column":40}},"type":"binary-expr","locations":[{"start":{"line":6,"column":26},"end":{"line":6,"column":34}},{"start":{"line":6,"column":38},"end":{"line":6,"column":40}}],"line":6},"1":{"loc":{"start":{"line":7,"column":6},"end":{"line":9,"column":7}},"type":"if","locations":[{"start":{"line":7,"column":6},"end":{"line":9,"column":7}},{"start":{},"end":{}}],"line":7},"2":{"loc":{"start":{"line":7,"column":10},"end":{"line":7,"column":49}},"type":"binary-expr","locations":[{"start":{"line":7,"column":10},"end":{"line":7,"column":18}},{"start":{"line":7,"column":22},"end":{"line":7,"column":49}}],"line":7}},"s":{"0":1,"1":3,"2":3,"3":3,"4":1,"5":2,"6":1,"7":1,"8":1,"9":1},"f":{"0":3},"b":{"0":[3,0],"1":[1,2],"2":[3,2]},"_coverageSchema":"1a1c01bbd47fc00a2c39e90264f33305004495a9","hash":"9bf7601434bcc32a93261d296eb02b4ac8d4afb7"}
,"/home/dstevengmz/Escritorio/Clinestetica/Proyecto-Sena-Clinica-Estetica-Frontend-Backend/Backend/controllers/CitasControllers.js": {"path":"/home/dstevengmz/Escritorio/Clinestetica/Proyecto-Sena-Clinica-Estetica-Frontend-Backend/Backend/controllers/CitasControllers.js","statementMap":{"0":{"start":{"line":1,"column":21},"end":{"line":1,"column":57}},"1":{"start":{"line":2,"column":20},"end":{"line":2,"column":37}},"2":{"start":{"line":6,"column":4},"end":{"line":13,"column":5}},"3":{"start":{"line":7,"column":19},"end":{"line":7,"column":61}},"4":{"start":{"line":8,"column":24},"end":{"line":8,"column":67}},"5":{"start":{"line":9,"column":6},"end":{"line":9,"column":38}},"6":{"start":{"line":11,"column":6},"end":{"line":11,"column":55}},"7":{"start":{"line":12,"column":6},"end":{"line":12,"column":70}},"8":{"start":{"line":17,"column":4},"end":{"line":24,"column":5}},"9":{"start":{"line":18,"column":23},"end":{"line":18,"column":37}},"10":{"start":{"line":19,"column":24},"end":{"line":19,"column":77}},"11":{"start":{"line":20,"column":6},"end":{"line":20,"column":26}},"12":{"start":{"line":22,"column":6},"end":{"line":22,"column":65}},"13":{"start":{"line":23,"column":6},"end":{"line":23,"column":67}},"14":{"start":{"line":28,"column":4},"end":{"line":39,"column":5}},"15":{"start":{"line":29,"column":28},"end":{"line":29,"column":38}},"16":{"start":{"line":30,"column":23},"end":{"line":30,"column":37}},"17":{"start":{"line":31,"column":28},"end":{"line":34,"column":7}},"18":{"start":{"line":35,"column":6},"end":{"line":35,"column":30}},"19":{"start":{"line":37,"column":6},"end":{"line":37,"column":69}},"20":{"start":{"line":38,"column":6},"end":{"line":38,"column":76}},"21":{"start":{"line":43,"column":4},"end":{"line":68,"column":5}},"22":{"start":{"line":44,"column":18},"end":{"line":44,"column":33}},"23":{"start":{"line":45,"column":21},"end":{"line":45,"column":25}},"24":{"start":{"line":47,"column":6},"end":{"line":58,"column":7}},"25":{"start":{"line":48,"column":8},"end":{"line":48,"column":34}},"26":{"start":{"line":49,"column":13},"end":{"line":58,"column":7}},"27":{"start":{"line":50,"column":44},"end":{"line":50,"column":53}},"28":{"start":{"line":51,"column":8},"end":{"line":53,"column":9}},"29":{"start":{"line":52,"column":10},"end":{"line":52,"column":30}},"30":{"start":{"line":54,"column":8},"end":{"line":56,"column":9}},"31":{"start":{"line":55,"column":10},"end":{"line":55,"column":70}},"32":{"start":{"line":57,"column":8},"end":{"line":57,"column":47}},"33":{"start":{"line":60,"column":20},"end":{"line":60,"column":63}},"34":{"start":{"line":61,"column":6},"end":{"line":61,"column":29}},"35":{"start":{"line":63,"column":6},"end":{"line":63,"column":53}},"36":{"start":{"line":64,"column":6},"end":{"line":67,"column":9}},"37":{"start":{"line":72,"column":4},"end":{"line":100,"column":5}},"38":{"start":{"line":73,"column":21},"end":{"line":73,"column":31}},"39":{"start":{"line":75,"column":19},"end":{"line":75,"column":56}},"40":{"start":{"line":76,"column":6},"end":{"line":78,"column":7}},"41":{"start":{"line":77,"column":8},"end":{"line":77,"column":69}},"42":{"start":{"line":80,"column":6},"end":{"line":80,"column":73}},"43":{"start":{"line":82,"column":6},"end":{"line":93,"column":7}},"44":{"start":{"line":83,"column":8},"end":{"line":83,"column":73}},"45":{"start":{"line":84,"column":8},"end":{"line":84,"column":76}},"46":{"start":{"line":85,"column":8},"end":{"line":85,"column":76}},"47":{"start":{"line":86,"column":8},"end":{"line":88,"column":10}},"48":{"start":{"line":90,"column":8},"end":{"line":90,"column":63}},"49":{"start":{"line":91,"column":8},"end":{"line":91,"column":66}},"50":{"start":{"line":92,"column":8},"end":{"line":92,"column":63}},"51":{"start":{"line":94,"column":6},"end":{"line":94,"column":60}},"52":{"start":{"line":96,"column":6},"end":{"line":96,"column":50}},"53":{"start":{"line":97,"column":6},"end":{"line":99,"column":69}},"54":{"start":{"line":104,"column":4},"end":{"line":114,"column":5}},"55":{"start":{"line":105,"column":20},"end":{"line":105,"column":68}},"56":{"start":{"line":106,"column":6},"end":{"line":108,"column":65}},"57":{"start":{"line":110,"column":6},"end":{"line":112,"column":68}},"58":{"start":{"line":113,"column":6},"end":{"line":113,"column":21}},"59":{"start":{"line":118,"column":4},"end":{"line":170,"column":5}},"60":{"start":{"line":119,"column":22},"end":{"line":119,"column":37}},"61":{"start":{"line":120,"column":18},"end":{"line":120,"column":34}},"62":{"start":{"line":121,"column":6},"end":{"line":134,"column":7}},"63":{"start":{"line":122,"column":8},"end":{"line":127,"column":9}},"64":{"start":{"line":123,"column":10},"end":{"line":126,"column":13}},"65":{"start":{"line":128,"column":8},"end":{"line":128,"column":36}},"66":{"start":{"line":130,"column":8},"end":{"line":130,"column":55}},"67":{"start":{"line":130,"column":27},"end":{"line":130,"column":55}},"68":{"start":{"line":131,"column":8},"end":{"line":133,"column":9}},"69":{"start":{"line":132,"column":10},"end":{"line":132,"column":77}},"70":{"start":{"line":135,"column":6},"end":{"line":135,"column":33}},"71":{"start":{"line":137,"column":25},"end":{"line":137,"column":66}},"72":{"start":{"line":139,"column":6},"end":{"line":160,"column":7}},"73":{"start":{"line":140,"column":8},"end":{"line":140,"column":69}},"74":{"start":{"line":141,"column":8},"end":{"line":143,"column":10}},"75":{"start":{"line":144,"column":8},"end":{"line":146,"column":10}},"76":{"start":{"line":148,"column":8},"end":{"line":156,"column":9}},"77":{"start":{"line":149,"column":10},"end":{"line":151,"column":12}},"78":{"start":{"line":152,"column":15},"end":{"line":156,"column":9}},"79":{"start":{"line":153,"column":10},"end":{"line":155,"column":12}},"80":{"start":{"line":157,"column":8},"end":{"line":157,"column":69}},"81":{"start":{"line":158,"column":8},"end":{"line":158,"column":72}},"82":{"start":{"line":159,"column":8},"end":{"line":159,"column":69}},"83":{"start":{"line":162,"column":6},"end":{"line":162,"column":39}},"84":{"start":{"line":164,"column":6},"end":{"line":164,"column":52}},"85":{"start":{"line":165,"column":21},"end":{"line":165,"column":40}},"86":{"start":{"line":166,"column":6},"end":{"line":169,"column":9}},"87":{"start":{"line":174,"column":4},"end":{"line":184,"column":5}},"88":{"start":{"line":175,"column":21},"end":{"line":175,"column":31}},"89":{"start":{"line":176,"column":24},"end":{"line":176,"column":32}},"90":{"start":{"line":178,"column":24},"end":{"line":178,"column":76}},"91":{"start":{"line":179,"column":6},"end":{"line":180,"column":69}},"92":{"start":{"line":180,"column":8},"end":{"line":180,"column":69}},"93":{"start":{"line":181,"column":6},"end":{"line":181,"column":61}},"94":{"start":{"line":183,"column":6},"end":{"line":183,"column":68}},"95":{"start":{"line":188,"column":4},"end":{"line":251,"column":5}},"96":{"start":{"line":189,"column":21},"end":{"line":189,"column":31}},"97":{"start":{"line":199,"column":10},"end":{"line":199,"column":18}},"98":{"start":{"line":201,"column":24},"end":{"line":209,"column":8}},"99":{"start":{"line":211,"column":6},"end":{"line":212,"column":69}},"100":{"start":{"line":212,"column":8},"end":{"line":212,"column":69}},"101":{"start":{"line":214,"column":19},"end":{"line":214,"column":56}},"102":{"start":{"line":215,"column":6},"end":{"line":232,"column":7}},"103":{"start":{"line":216,"column":8},"end":{"line":231,"column":9}},"104":{"start":{"line":217,"column":10},"end":{"line":230,"column":11}},"105":{"start":{"line":218,"column":12},"end":{"line":227,"column":15}},"106":{"start":{"line":229,"column":12},"end":{"line":229,"column":63}},"107":{"start":{"line":234,"column":6},"end":{"line":246,"column":7}},"108":{"start":{"line":235,"column":8},"end":{"line":243,"column":9}},"109":{"start":{"line":236,"column":10},"end":{"line":238,"column":12}},"110":{"start":{"line":239,"column":15},"end":{"line":243,"column":9}},"111":{"start":{"line":240,"column":10},"end":{"line":242,"column":12}},"112":{"start":{"line":245,"column":8},"end":{"line":245,"column":76}},"113":{"start":{"line":248,"column":6},"end":{"line":248,"column":59}},"114":{"start":{"line":250,"column":6},"end":{"line":250,"column":69}},"115":{"start":{"line":255,"column":4},"end":{"line":266,"column":5}},"116":{"start":{"line":256,"column":25},"end":{"line":256,"column":39}},"117":{"start":{"line":257,"column":26},"end":{"line":257,"column":79}},"118":{"start":{"line":258,"column":6},"end":{"line":261,"column":9}},"119":{"start":{"line":262,"column":6},"end":{"line":262,"column":65}},"120":{"start":{"line":264,"column":6},"end":{"line":264,"column":57}},"121":{"start":{"line":265,"column":6},"end":{"line":265,"column":78}},"122":{"start":{"line":270,"column":4},"end":{"line":270,"column":55}},"123":{"start":{"line":271,"column":4},"end":{"line":271,"column":45}},"124":{"start":{"line":275,"column":22},"end":{"line":275,"column":32}},"125":{"start":{"line":276,"column":25},"end":{"line":276,"column":34}},"126":{"start":{"line":278,"column":4},"end":{"line":282,"column":5}},"127":{"start":{"line":279,"column":6},"end":{"line":281,"column":72}},"128":{"start":{"line":284,"column":4},"end":{"line":300,"column":5}},"129":{"start":{"line":285,"column":20},"end":{"line":288,"column":7}},"130":{"start":{"line":289,"column":6},"end":{"line":296,"column":8}},"131":{"start":{"line":290,"column":29},"end":{"line":295,"column":9}},"132":{"start":{"line":298,"column":6},"end":{"line":298,"column":66}},"133":{"start":{"line":299,"column":6},"end":{"line":299,"column":76}},"134":{"start":{"line":301,"column":4},"end":{"line":301,"column":65}},"135":{"start":{"line":305,"column":25},"end":{"line":305,"column":35}},"136":{"start":{"line":306,"column":22},"end":{"line":306,"column":31}},"137":{"start":{"line":308,"column":4},"end":{"line":318,"column":5}},"138":{"start":{"line":309,"column":20},"end":{"line":309,"column":74}},"139":{"start":{"line":311,"column":6},"end":{"line":315,"column":7}},"140":{"start":{"line":312,"column":8},"end":{"line":312,"column":24}},"141":{"start":{"line":314,"column":8},"end":{"line":314,"column":73}},"142":{"start":{"line":317,"column":6},"end":{"line":317,"column":53}},"143":{"start":{"line":322,"column":25},"end":{"line":322,"column":35}},"144":{"start":{"line":323,"column":29},"end":{"line":323,"column":38}},"145":{"start":{"line":325,"column":4},"end":{"line":342,"column":5}},"146":{"start":{"line":326,"column":20},"end":{"line":330,"column":7}},"147":{"start":{"line":332,"column":6},"end":{"line":338,"column":7}},"148":{"start":{"line":333,"column":8},"end":{"line":333,"column":24}},"149":{"start":{"line":335,"column":8},"end":{"line":337,"column":70}},"150":{"start":{"line":340,"column":6},"end":{"line":340,"column":64}},"151":{"start":{"line":341,"column":6},"end":{"line":341,"column":53}},"152":{"start":{"line":346,"column":25},"end":{"line":346,"column":35}},"153":{"start":{"line":347,"column":21},"end":{"line":347,"column":30}},"154":{"start":{"line":348,"column":22},"end":{"line":348,"column":31}},"155":{"start":{"line":350,"column":4},"end":{"line":365,"column":5}},"156":{"start":{"line":351,"column":20},"end":{"line":355,"column":7}},"157":{"start":{"line":357,"column":6},"end":{"line":361,"column":7}},"158":{"start":{"line":358,"column":8},"end":{"line":358,"column":24}},"159":{"start":{"line":360,"column":8},"end":{"line":360,"column":75}},"160":{"start":{"line":363,"column":6},"end":{"line":363,"column":63}},"161":{"start":{"line":364,"column":6},"end":{"line":364,"column":53}},"162":{"start":{"line":369,"column":4},"end":{"line":376,"column":5}},"163":{"start":{"line":370,"column":24},"end":{"line":370,"column":38}},"164":{"start":{"line":371,"column":20},"end":{"line":371,"column":65}},"165":{"start":{"line":372,"column":6},"end":{"line":372,"column":22}},"166":{"start":{"line":374,"column":6},"end":{"line":374,"column":58}},"167":{"start":{"line":375,"column":6},"end":{"line":375,"column":68}},"168":{"start":{"line":380,"column":4},"end":{"line":423,"column":5}},"169":{"start":{"line":381,"column":21},"end":{"line":381,"column":31}},"170":{"start":{"line":382,"column":39},"end":{"line":382,"column":47}},"171":{"start":{"line":383,"column":6},"end":{"line":385,"column":7}},"172":{"start":{"line":384,"column":8},"end":{"line":384,"column":62}},"173":{"start":{"line":386,"column":23},"end":{"line":386,"column":37}},"174":{"start":{"line":387,"column":24},"end":{"line":391,"column":8}},"175":{"start":{"line":392,"column":6},"end":{"line":394,"column":7}},"176":{"start":{"line":393,"column":8},"end":{"line":393,"column":69}},"177":{"start":{"line":395,"column":19},"end":{"line":395,"column":56}},"178":{"start":{"line":396,"column":6},"end":{"line":412,"column":7}},"179":{"start":{"line":397,"column":8},"end":{"line":405,"column":9}},"180":{"start":{"line":398,"column":10},"end":{"line":400,"column":12}},"181":{"start":{"line":401,"column":15},"end":{"line":405,"column":9}},"182":{"start":{"line":402,"column":10},"end":{"line":404,"column":12}},"183":{"start":{"line":407,"column":8},"end":{"line":407,"column":76}},"184":{"start":{"line":409,"column":8},"end":{"line":409,"column":63}},"185":{"start":{"line":410,"column":8},"end":{"line":410,"column":66}},"186":{"start":{"line":411,"column":8},"end":{"line":411,"column":63}},"187":{"start":{"line":414,"column":6},"end":{"line":417,"column":9}},"188":{"start":{"line":419,"column":21},"end":{"line":419,"column":36}},"189":{"start":{"line":420,"column":6},"end":{"line":422,"column":9}},"190":{"start":{"line":427,"column":4},"end":{"line":615,"column":5}},"191":{"start":{"line":428,"column":21},"end":{"line":428,"column":31}},"192":{"start":{"line":429,"column":19},"end":{"line":429,"column":56}},"193":{"start":{"line":430,"column":6},"end":{"line":430,"column":78}},"194":{"start":{"line":430,"column":17},"end":{"line":430,"column":78}},"195":{"start":{"line":431,"column":6},"end":{"line":434,"column":67}},"196":{"start":{"line":432,"column":8},"end":{"line":434,"column":67}},"197":{"start":{"line":435,"column":6},"end":{"line":435,"column":55}},"198":{"start":{"line":436,"column":6},"end":{"line":439,"column":8}},"199":{"start":{"line":440,"column":18},"end":{"line":440,"column":49}},"200":{"start":{"line":441,"column":6},"end":{"line":441,"column":20}},"201":{"start":{"line":443,"column":20},"end":{"line":443,"column":34}},"202":{"start":{"line":444,"column":19},"end":{"line":444,"column":34}},"203":{"start":{"line":445,"column":25},"end":{"line":451,"column":10}},"204":{"start":{"line":446,"column":8},"end":{"line":450,"column":9}},"205":{"start":{"line":447,"column":10},"end":{"line":447,"column":62}},"206":{"start":{"line":449,"column":10},"end":{"line":449,"column":36}},"207":{"start":{"line":454,"column":6},"end":{"line":457,"column":24}},"208":{"start":{"line":459,"column":6},"end":{"line":459,"column":17}},"209":{"start":{"line":460,"column":6},"end":{"line":464,"column":55}},"210":{"start":{"line":465,"column":6},"end":{"line":465,"column":20}},"211":{"start":{"line":467,"column":6},"end":{"line":476,"column":10}},"212":{"start":{"line":477,"column":6},"end":{"line":480,"column":71}},"213":{"start":{"line":481,"column":6},"end":{"line":481,"column":24}},"214":{"start":{"line":482,"column":6},"end":{"line":486,"column":24}},"215":{"start":{"line":487,"column":6},"end":{"line":487,"column":24}},"216":{"start":{"line":490,"column":21},"end":{"line":490,"column":23}},"217":{"start":{"line":491,"column":20},"end":{"line":502,"column":7}},"218":{"start":{"line":492,"column":8},"end":{"line":496,"column":76}},"219":{"start":{"line":497,"column":8},"end":{"line":501,"column":38}},"220":{"start":{"line":504,"column":14},"end":{"line":504,"column":19}},"221":{"start":{"line":505,"column":6},"end":{"line":505,"column":35}},"222":{"start":{"line":506,"column":6},"end":{"line":506,"column":20}},"223":{"start":{"line":507,"column":6},"end":{"line":507,"column":56}},"224":{"start":{"line":508,"column":6},"end":{"line":508,"column":20}},"225":{"start":{"line":509,"column":6},"end":{"line":509,"column":41}},"226":{"start":{"line":510,"column":6},"end":{"line":510,"column":20}},"227":{"start":{"line":511,"column":6},"end":{"line":511,"column":34}},"228":{"start":{"line":512,"column":6},"end":{"line":512,"column":20}},"229":{"start":{"line":515,"column":6},"end":{"line":518,"column":24}},"230":{"start":{"line":519,"column":6},"end":{"line":519,"column":14}},"231":{"start":{"line":522,"column":6},"end":{"line":529,"column":11}},"232":{"start":{"line":530,"column":6},"end":{"line":530,"column":20}},"233":{"start":{"line":532,"column":6},"end":{"line":532,"column":74}},"234":{"start":{"line":533,"column":6},"end":{"line":533,"column":20}},"235":{"start":{"line":534,"column":24},"end":{"line":536,"column":32}},"236":{"start":{"line":536,"column":23},"end":{"line":536,"column":31}},"237":{"start":{"line":537,"column":6},"end":{"line":537,"column":59}},"238":{"start":{"line":538,"column":6},"end":{"line":541,"column":9}},"239":{"start":{"line":539,"column":21},"end":{"line":539,"column":33}},"240":{"start":{"line":540,"column":8},"end":{"line":540,"column":79}},"241":{"start":{"line":542,"column":6},"end":{"line":542,"column":21}},"242":{"start":{"line":545,"column":6},"end":{"line":558,"column":7}},"243":{"start":{"line":546,"column":8},"end":{"line":550,"column":55}},"244":{"start":{"line":551,"column":8},"end":{"line":551,"column":22}},"245":{"start":{"line":552,"column":8},"end":{"line":556,"column":60}},"246":{"start":{"line":557,"column":8},"end":{"line":557,"column":23}},"247":{"start":{"line":561,"column":21},"end":{"line":561,"column":31}},"248":{"start":{"line":562,"column":6},"end":{"line":568,"column":7}},"249":{"start":{"line":563,"column":21},"end":{"line":563,"column":36}},"250":{"start":{"line":564,"column":26},"end":{"line":564,"column":73}},"251":{"start":{"line":565,"column":8},"end":{"line":565,"column":71}},"252":{"start":{"line":567,"column":8},"end":{"line":567,"column":69}},"253":{"start":{"line":569,"column":6},"end":{"line":572,"column":24}},"254":{"start":{"line":573,"column":6},"end":{"line":579,"column":11}},"255":{"start":{"line":582,"column":22},"end":{"line":582,"column":31}},"256":{"start":{"line":583,"column":6},"end":{"line":586,"column":24}},"257":{"start":{"line":587,"column":6},"end":{"line":590,"column":66}},"258":{"start":{"line":591,"column":6},"end":{"line":600,"column":10}},"259":{"start":{"line":601,"column":6},"end":{"line":609,"column":10}},"260":{"start":{"line":611,"column":6},"end":{"line":611,"column":16}},"261":{"start":{"line":613,"column":6},"end":{"line":613,"column":56}},"262":{"start":{"line":614,"column":6},"end":{"line":614,"column":62}},"263":{"start":{"line":619,"column":4},"end":{"line":806,"column":5}},"264":{"start":{"line":620,"column":21},"end":{"line":620,"column":31}},"265":{"start":{"line":621,"column":19},"end":{"line":621,"column":56}},"266":{"start":{"line":622,"column":6},"end":{"line":622,"column":78}},"267":{"start":{"line":622,"column":17},"end":{"line":622,"column":78}},"268":{"start":{"line":623,"column":6},"end":{"line":626,"column":70}},"269":{"start":{"line":624,"column":8},"end":{"line":626,"column":70}},"270":{"start":{"line":627,"column":6},"end":{"line":627,"column":55}},"271":{"start":{"line":628,"column":6},"end":{"line":631,"column":8}},"272":{"start":{"line":632,"column":18},"end":{"line":632,"column":49}},"273":{"start":{"line":633,"column":6},"end":{"line":633,"column":20}},"274":{"start":{"line":635,"column":20},"end":{"line":635,"column":34}},"275":{"start":{"line":636,"column":19},"end":{"line":636,"column":34}},"276":{"start":{"line":637,"column":25},"end":{"line":643,"column":10}},"277":{"start":{"line":638,"column":8},"end":{"line":642,"column":9}},"278":{"start":{"line":639,"column":10},"end":{"line":639,"column":62}},"279":{"start":{"line":641,"column":10},"end":{"line":641,"column":36}},"280":{"start":{"line":646,"column":6},"end":{"line":649,"column":24}},"281":{"start":{"line":652,"column":6},"end":{"line":652,"column":17}},"282":{"start":{"line":653,"column":6},"end":{"line":657,"column":55}},"283":{"start":{"line":658,"column":6},"end":{"line":658,"column":20}},"284":{"start":{"line":660,"column":6},"end":{"line":669,"column":10}},"285":{"start":{"line":670,"column":6},"end":{"line":673,"column":71}},"286":{"start":{"line":674,"column":6},"end":{"line":674,"column":24}},"287":{"start":{"line":675,"column":6},"end":{"line":679,"column":24}},"288":{"start":{"line":680,"column":6},"end":{"line":680,"column":24}},"289":{"start":{"line":683,"column":21},"end":{"line":683,"column":23}},"290":{"start":{"line":684,"column":20},"end":{"line":695,"column":7}},"291":{"start":{"line":685,"column":8},"end":{"line":689,"column":76}},"292":{"start":{"line":690,"column":8},"end":{"line":694,"column":40}},"293":{"start":{"line":696,"column":14},"end":{"line":696,"column":19}},"294":{"start":{"line":697,"column":6},"end":{"line":697,"column":35}},"295":{"start":{"line":698,"column":6},"end":{"line":698,"column":20}},"296":{"start":{"line":699,"column":6},"end":{"line":699,"column":56}},"297":{"start":{"line":700,"column":6},"end":{"line":700,"column":20}},"298":{"start":{"line":701,"column":6},"end":{"line":701,"column":41}},"299":{"start":{"line":702,"column":6},"end":{"line":702,"column":20}},"300":{"start":{"line":703,"column":6},"end":{"line":703,"column":34}},"301":{"start":{"line":704,"column":6},"end":{"line":704,"column":20}},"302":{"start":{"line":707,"column":6},"end":{"line":710,"column":24}},"303":{"start":{"line":711,"column":6},"end":{"line":711,"column":13}},"304":{"start":{"line":712,"column":6},"end":{"line":712,"column":14}},"305":{"start":{"line":715,"column":6},"end":{"line":722,"column":11}},"306":{"start":{"line":723,"column":6},"end":{"line":723,"column":20}},"307":{"start":{"line":725,"column":6},"end":{"line":725,"column":73}},"308":{"start":{"line":726,"column":6},"end":{"line":726,"column":20}},"309":{"start":{"line":727,"column":23},"end":{"line":729,"column":32}},"310":{"start":{"line":729,"column":23},"end":{"line":729,"column":31}},"311":{"start":{"line":730,"column":6},"end":{"line":730,"column":59}},"312":{"start":{"line":731,"column":6},"end":{"line":734,"column":9}},"313":{"start":{"line":732,"column":21},"end":{"line":732,"column":33}},"314":{"start":{"line":733,"column":8},"end":{"line":733,"column":79}},"315":{"start":{"line":735,"column":6},"end":{"line":735,"column":21}},"316":{"start":{"line":738,"column":6},"end":{"line":751,"column":7}},"317":{"start":{"line":739,"column":8},"end":{"line":743,"column":55}},"318":{"start":{"line":744,"column":8},"end":{"line":744,"column":22}},"319":{"start":{"line":745,"column":8},"end":{"line":749,"column":60}},"320":{"start":{"line":750,"column":8},"end":{"line":750,"column":23}},"321":{"start":{"line":752,"column":21},"end":{"line":752,"column":31}},"322":{"start":{"line":753,"column":6},"end":{"line":759,"column":7}},"323":{"start":{"line":754,"column":21},"end":{"line":754,"column":36}},"324":{"start":{"line":755,"column":26},"end":{"line":755,"column":73}},"325":{"start":{"line":756,"column":8},"end":{"line":756,"column":71}},"326":{"start":{"line":758,"column":8},"end":{"line":758,"column":69}},"327":{"start":{"line":760,"column":6},"end":{"line":763,"column":24}},"328":{"start":{"line":764,"column":6},"end":{"line":770,"column":11}},"329":{"start":{"line":773,"column":22},"end":{"line":773,"column":31}},"330":{"start":{"line":774,"column":6},"end":{"line":777,"column":24}},"331":{"start":{"line":778,"column":6},"end":{"line":781,"column":66}},"332":{"start":{"line":782,"column":6},"end":{"line":791,"column":10}},"333":{"start":{"line":792,"column":6},"end":{"line":800,"column":10}},"334":{"start":{"line":802,"column":6},"end":{"line":802,"column":16}},"335":{"start":{"line":804,"column":6},"end":{"line":804,"column":60}},"336":{"start":{"line":805,"column":6},"end":{"line":805,"column":62}},"337":{"start":{"line":810,"column":4},"end":{"line":827,"column":5}},"338":{"start":{"line":811,"column":21},"end":{"line":811,"column":31}},"339":{"start":{"line":812,"column":6},"end":{"line":816,"column":7}},"340":{"start":{"line":813,"column":8},"end":{"line":815,"column":11}},"341":{"start":{"line":817,"column":19},"end":{"line":820,"column":8}},"342":{"start":{"line":821,"column":6},"end":{"line":821,"column":68}},"343":{"start":{"line":823,"column":21},"end":{"line":823,"column":36}},"344":{"start":{"line":824,"column":6},"end":{"line":826,"column":66}},"345":{"start":{"line":831,"column":4},"end":{"line":850,"column":5}},"346":{"start":{"line":832,"column":21},"end":{"line":832,"column":31}},"347":{"start":{"line":833,"column":24},"end":{"line":833,"column":32}},"348":{"start":{"line":834,"column":22},"end":{"line":834,"column":33}},"349":{"start":{"line":836,"column":29},"end":{"line":840,"column":7}},"350":{"start":{"line":842,"column":6},"end":{"line":845,"column":9}},"351":{"start":{"line":847,"column":6},"end":{"line":847,"column":55}},"352":{"start":{"line":848,"column":21},"end":{"line":848,"column":40}},"353":{"start":{"line":849,"column":6},"end":{"line":849,"column":56}},"354":{"start":{"line":854,"column":4},"end":{"line":860,"column":5}},"355":{"start":{"line":855,"column":20},"end":{"line":855,"column":72}},"356":{"start":{"line":856,"column":6},"end":{"line":856,"column":22}},"357":{"start":{"line":858,"column":6},"end":{"line":858,"column":65}},"358":{"start":{"line":859,"column":6},"end":{"line":859,"column":68}},"359":{"start":{"line":863,"column":0},"end":{"line":863,"column":40}}},"fnMap":{"0":{"name":"(anonymous_0)","decl":{"start":{"line":5,"column":2},"end":{"line":5,"column":3}},"loc":{"start":{"line":5,"column":37},"end":{"line":14,"column":3}},"line":5},"1":{"name":"(anonymous_1)","decl":{"start":{"line":16,"column":2},"end":{"line":16,"column":3}},"loc":{"start":{"line":16,"column":43},"end":{"line":25,"column":3}},"line":16},"2":{"name":"(anonymous_2)","decl":{"start":{"line":27,"column":2},"end":{"line":27,"column":3}},"loc":{"start":{"line":27,"column":47},"end":{"line":40,"column":3}},"line":27},"3":{"name":"(anonymous_3)","decl":{"start":{"line":42,"column":2},"end":{"line":42,"column":3}},"loc":{"start":{"line":42,"column":30},"end":{"line":69,"column":3}},"line":42},"4":{"name":"(anonymous_4)","decl":{"start":{"line":71,"column":2},"end":{"line":71,"column":3}},"loc":{"start":{"line":71,"column":31},"end":{"line":101,"column":3}},"line":71},"5":{"name":"(anonymous_5)","decl":{"start":{"line":103,"column":2},"end":{"line":103,"column":3}},"loc":{"start":{"line":103,"column":30},"end":{"line":115,"column":3}},"line":103},"6":{"name":"(anonymous_6)","decl":{"start":{"line":117,"column":2},"end":{"line":117,"column":3}},"loc":{"start":{"line":117,"column":29},"end":{"line":171,"column":3}},"line":117},"7":{"name":"(anonymous_7)","decl":{"start":{"line":173,"column":2},"end":{"line":173,"column":3}},"loc":{"start":{"line":173,"column":40},"end":{"line":185,"column":3}},"line":173},"8":{"name":"(anonymous_8)","decl":{"start":{"line":187,"column":2},"end":{"line":187,"column":3}},"loc":{"start":{"line":187,"column":39},"end":{"line":252,"column":3}},"line":187},"9":{"name":"(anonymous_9)","decl":{"start":{"line":254,"column":2},"end":{"line":254,"column":3}},"loc":{"start":{"line":254,"column":41},"end":{"line":267,"column":3}},"line":254},"10":{"name":"(anonymous_10)","decl":{"start":{"line":269,"column":2},"end":{"line":269,"column":3}},"loc":{"start":{"line":269,"column":32},"end":{"line":272,"column":3}},"line":269},"11":{"name":"(anonymous_11)","decl":{"start":{"line":274,"column":2},"end":{"line":274,"column":3}},"loc":{"start":{"line":274,"column":42},"end":{"line":302,"column":3}},"line":274},"12":{"name":"(anonymous_12)","decl":{"start":{"line":290,"column":18},"end":{"line":290,"column":19}},"loc":{"start":{"line":290,"column":29},"end":{"line":295,"column":9}},"line":290},"13":{"name":"(anonymous_13)","decl":{"start":{"line":304,"column":2},"end":{"line":304,"column":3}},"loc":{"start":{"line":304,"column":30},"end":{"line":319,"column":3}},"line":304},"14":{"name":"(anonymous_14)","decl":{"start":{"line":321,"column":2},"end":{"line":321,"column":3}},"loc":{"start":{"line":321,"column":32},"end":{"line":343,"column":3}},"line":321},"15":{"name":"(anonymous_15)","decl":{"start":{"line":345,"column":2},"end":{"line":345,"column":3}},"loc":{"start":{"line":345,"column":31},"end":{"line":366,"column":3}},"line":345},"16":{"name":"(anonymous_16)","decl":{"start":{"line":368,"column":2},"end":{"line":368,"column":3}},"loc":{"start":{"line":368,"column":27},"end":{"line":377,"column":3}},"line":368},"17":{"name":"(anonymous_17)","decl":{"start":{"line":379,"column":2},"end":{"line":379,"column":3}},"loc":{"start":{"line":379,"column":39},"end":{"line":424,"column":3}},"line":379},"18":{"name":"(anonymous_18)","decl":{"start":{"line":426,"column":2},"end":{"line":426,"column":3}},"loc":{"start":{"line":426,"column":37},"end":{"line":616,"column":3}},"line":426},"19":{"name":"(anonymous_19)","decl":{"start":{"line":445,"column":26},"end":{"line":445,"column":27}},"loc":{"start":{"line":445,"column":32},"end":{"line":451,"column":7}},"line":445},"20":{"name":"(anonymous_20)","decl":{"start":{"line":491,"column":20},"end":{"line":491,"column":21}},"loc":{"start":{"line":491,"column":42},"end":{"line":502,"column":7}},"line":491},"21":{"name":"(anonymous_21)","decl":{"start":{"line":536,"column":16},"end":{"line":536,"column":17}},"loc":{"start":{"line":536,"column":23},"end":{"line":536,"column":31}},"line":536},"22":{"name":"(anonymous_22)","decl":{"start":{"line":538,"column":24},"end":{"line":538,"column":25}},"loc":{"start":{"line":538,"column":40},"end":{"line":541,"column":7}},"line":538},"23":{"name":"(anonymous_23)","decl":{"start":{"line":618,"column":2},"end":{"line":618,"column":3}},"loc":{"start":{"line":618,"column":41},"end":{"line":807,"column":3}},"line":618},"24":{"name":"(anonymous_24)","decl":{"start":{"line":637,"column":26},"end":{"line":637,"column":27}},"loc":{"start":{"line":637,"column":32},"end":{"line":643,"column":7}},"line":637},"25":{"name":"(anonymous_25)","decl":{"start":{"line":684,"column":20},"end":{"line":684,"column":21}},"loc":{"start":{"line":684,"column":42},"end":{"line":695,"column":7}},"line":684},"26":{"name":"(anonymous_26)","decl":{"start":{"line":729,"column":16},"end":{"line":729,"column":17}},"loc":{"start":{"line":729,"column":23},"end":{"line":729,"column":31}},"line":729},"27":{"name":"(anonymous_27)","decl":{"start":{"line":731,"column":23},"end":{"line":731,"column":24}},"loc":{"start":{"line":731,"column":39},"end":{"line":734,"column":7}},"line":731},"28":{"name":"(anonymous_28)","decl":{"start":{"line":809,"column":2},"end":{"line":809,"column":3}},"loc":{"start":{"line":809,"column":40},"end":{"line":828,"column":3}},"line":809},"29":{"name":"(anonymous_29)","decl":{"start":{"line":830,"column":2},"end":{"line":830,"column":3}},"loc":{"start":{"line":830,"column":28},"end":{"line":851,"column":3}},"line":830},"30":{"name":"(anonymous_30)","decl":{"start":{"line":853,"column":2},"end":{"line":853,"column":3}},"loc":{"start":{"line":853,"column":50},"end":{"line":861,"column":3}},"line":853}},"branchMap":{"0":{"loc":{"start":{"line":47,"column":6},"end":{"line":58,"column":7}},"type":"if","locations":[{"start":{"line":47,"column":6},"end":{"line":58,"column":7}},{"start":{"line":49,"column":13},"end":{"line":58,"column":7}}],"line":47},"1":{"loc":{"start":{"line":49,"column":13},"end":{"line":58,"column":7}},"type":"if","locations":[{"start":{"line":49,"column":13},"end":{"line":58,"column":7}},{"start":{},"end":{}}],"line":49},"2":{"loc":{"start":{"line":49,"column":17},"end":{"line":49,"column":57}},"type":"binary-expr","locations":[{"start":{"line":49,"column":17},"end":{"line":49,"column":36}},{"start":{"line":49,"column":40},"end":{"line":49,"column":57}}],"line":49},"3":{"loc":{"start":{"line":51,"column":8},"end":{"line":53,"column":9}},"type":"if","locations":[{"start":{"line":51,"column":8},"end":{"line":53,"column":9}},{"start":{},"end":{}}],"line":51},"4":{"loc":{"start":{"line":54,"column":8},"end":{"line":56,"column":9}},"type":"if","locations":[{"start":{"line":54,"column":8},"end":{"line":56,"column":9}},{"start":{},"end":{}}],"line":54},"5":{"loc":{"start":{"line":76,"column":6},"end":{"line":78,"column":7}},"type":"if","locations":[{"start":{"line":76,"column":6},"end":{"line":78,"column":7}},{"start":{},"end":{}}],"line":76},"6":{"loc":{"start":{"line":82,"column":6},"end":{"line":93,"column":7}},"type":"if","locations":[{"start":{"line":82,"column":6},"end":{"line":93,"column":7}},{"start":{},"end":{}}],"line":82},"7":{"loc":{"start":{"line":106,"column":6},"end":{"line":108,"column":64}},"type":"cond-expr","locations":[{"start":{"line":107,"column":10},"end":{"line":107,"column":25}},{"start":{"line":108,"column":10},"end":{"line":108,"column":64}}],"line":106},"8":{"loc":{"start":{"line":121,"column":6},"end":{"line":134,"column":7}},"type":"if","locations":[{"start":{"line":121,"column":6},"end":{"line":134,"column":7}},{"start":{"line":129,"column":13},"end":{"line":134,"column":7}}],"line":121},"9":{"loc":{"start":{"line":122,"column":8},"end":{"line":127,"column":9}},"type":"if","locations":[{"start":{"line":122,"column":8},"end":{"line":127,"column":9}},{"start":{},"end":{}}],"line":122},"10":{"loc":{"start":{"line":122,"column":12},"end":{"line":122,"column":57}},"type":"binary-expr","locations":[{"start":{"line":122,"column":12},"end":{"line":122,"column":24}},{"start":{"line":122,"column":28},"end":{"line":122,"column":57}}],"line":122},"11":{"loc":{"start":{"line":130,"column":8},"end":{"line":130,"column":55}},"type":"if","locations":[{"start":{"line":130,"column":8},"end":{"line":130,"column":55}},{"start":{},"end":{}}],"line":130},"12":{"loc":{"start":{"line":131,"column":8},"end":{"line":133,"column":9}},"type":"if","locations":[{"start":{"line":131,"column":8},"end":{"line":133,"column":9}},{"start":{},"end":{}}],"line":131},"13":{"loc":{"start":{"line":139,"column":6},"end":{"line":160,"column":7}},"type":"if","locations":[{"start":{"line":139,"column":6},"end":{"line":160,"column":7}},{"start":{},"end":{}}],"line":139},"14":{"loc":{"start":{"line":139,"column":10},"end":{"line":139,"column":44}},"type":"binary-expr","locations":[{"start":{"line":139,"column":10},"end":{"line":139,"column":20}},{"start":{"line":139,"column":24},"end":{"line":139,"column":44}}],"line":139},"15":{"loc":{"start":{"line":148,"column":8},"end":{"line":156,"column":9}},"type":"if","locations":[{"start":{"line":148,"column":8},"end":{"line":156,"column":9}},{"start":{"line":152,"column":15},"end":{"line":156,"column":9}}],"line":148},"16":{"loc":{"start":{"line":152,"column":15},"end":{"line":156,"column":9}},"type":"if","locations":[{"start":{"line":152,"column":15},"end":{"line":156,"column":9}},{"start":{},"end":{}}],"line":152},"17":{"loc":{"start":{"line":165,"column":21},"end":{"line":165,"column":40}},"type":"binary-expr","locations":[{"start":{"line":165,"column":21},"end":{"line":165,"column":33}},{"start":{"line":165,"column":37},"end":{"line":165,"column":40}}],"line":165},"18":{"loc":{"start":{"line":179,"column":6},"end":{"line":180,"column":69}},"type":"if","locations":[{"start":{"line":179,"column":6},"end":{"line":180,"column":69}},{"start":{},"end":{}}],"line":179},"19":{"loc":{"start":{"line":211,"column":6},"end":{"line":212,"column":69}},"type":"if","locations":[{"start":{"line":211,"column":6},"end":{"line":212,"column":69}},{"start":{},"end":{}}],"line":211},"20":{"loc":{"start":{"line":215,"column":6},"end":{"line":232,"column":7}},"type":"if","locations":[{"start":{"line":215,"column":6},"end":{"line":232,"column":7}},{"start":{},"end":{}}],"line":215},"21":{"loc":{"start":{"line":215,"column":10},"end":{"line":215,"column":76}},"type":"binary-expr","locations":[{"start":{"line":215,"column":10},"end":{"line":215,"column":39}},{"start":{"line":215,"column":43},"end":{"line":215,"column":68}},{"start":{"line":215,"column":72},"end":{"line":215,"column":76}}],"line":215},"22":{"loc":{"start":{"line":234,"column":6},"end":{"line":246,"column":7}},"type":"if","locations":[{"start":{"line":234,"column":6},"end":{"line":246,"column":7}},{"start":{},"end":{}}],"line":234},"23":{"loc":{"start":{"line":234,"column":10},"end":{"line":234,"column":32}},"type":"binary-expr","locations":[{"start":{"line":234,"column":10},"end":{"line":234,"column":14}},{"start":{"line":234,"column":18},"end":{"line":234,"column":32}}],"line":234},"24":{"loc":{"start":{"line":235,"column":8},"end":{"line":243,"column":9}},"type":"if","locations":[{"start":{"line":235,"column":8},"end":{"line":243,"column":9}},{"start":{"line":239,"column":15},"end":{"line":243,"column":9}}],"line":235},"25":{"loc":{"start":{"line":239,"column":15},"end":{"line":243,"column":9}},"type":"if","locations":[{"start":{"line":239,"column":15},"end":{"line":243,"column":9}},{"start":{},"end":{}}],"line":239},"26":{"loc":{"start":{"line":265,"column":36},"end":{"line":265,"column":74}},"type":"binary-expr","locations":[{"start":{"line":265,"column":36},"end":{"line":265,"column":45}},{"start":{"line":265,"column":49},"end":{"line":265,"column":74}}],"line":265},"27":{"loc":{"start":{"line":278,"column":4},"end":{"line":282,"column":5}},"type":"if","locations":[{"start":{"line":278,"column":4},"end":{"line":282,"column":5}},{"start":{},"end":{}}],"line":278},"28":{"loc":{"start":{"line":287,"column":8},"end":{"line":287,"column":24}},"type":"binary-expr","locations":[{"start":{"line":287,"column":8},"end":{"line":287,"column":16}},{"start":{"line":287,"column":20},"end":{"line":287,"column":24}}],"line":287},"29":{"loc":{"start":{"line":294,"column":20},"end":{"line":294,"column":57}},"type":"cond-expr","locations":[{"start":{"line":294,"column":49},"end":{"line":294,"column":51}},{"start":{"line":294,"column":54},"end":{"line":294,"column":57}}],"line":294},"30":{"loc":{"start":{"line":311,"column":6},"end":{"line":315,"column":7}},"type":"if","locations":[{"start":{"line":311,"column":6},"end":{"line":315,"column":7}},{"start":{"line":313,"column":13},"end":{"line":315,"column":7}}],"line":311},"31":{"loc":{"start":{"line":332,"column":6},"end":{"line":338,"column":7}},"type":"if","locations":[{"start":{"line":332,"column":6},"end":{"line":338,"column":7}},{"start":{"line":334,"column":13},"end":{"line":338,"column":7}}],"line":332},"32":{"loc":{"start":{"line":357,"column":6},"end":{"line":361,"column":7}},"type":"if","locations":[{"start":{"line":357,"column":6},"end":{"line":361,"column":7}},{"start":{"line":359,"column":13},"end":{"line":361,"column":7}}],"line":357},"33":{"loc":{"start":{"line":382,"column":14},"end":{"line":382,"column":34}},"type":"default-arg","locations":[{"start":{"line":382,"column":23},"end":{"line":382,"column":34}}],"line":382},"34":{"loc":{"start":{"line":383,"column":6},"end":{"line":385,"column":7}},"type":"if","locations":[{"start":{"line":383,"column":6},"end":{"line":385,"column":7}},{"start":{},"end":{}}],"line":383},"35":{"loc":{"start":{"line":392,"column":6},"end":{"line":394,"column":7}},"type":"if","locations":[{"start":{"line":392,"column":6},"end":{"line":394,"column":7}},{"start":{},"end":{}}],"line":392},"36":{"loc":{"start":{"line":396,"column":6},"end":{"line":412,"column":7}},"type":"if","locations":[{"start":{"line":396,"column":6},"end":{"line":412,"column":7}},{"start":{},"end":{}}],"line":396},"37":{"loc":{"start":{"line":396,"column":10},"end":{"line":396,"column":32}},"type":"binary-expr","locations":[{"start":{"line":396,"column":10},"end":{"line":396,"column":14}},{"start":{"line":396,"column":18},"end":{"line":396,"column":32}}],"line":396},"38":{"loc":{"start":{"line":397,"column":8},"end":{"line":405,"column":9}},"type":"if","locations":[{"start":{"line":397,"column":8},"end":{"line":405,"column":9}},{"start":{"line":401,"column":15},"end":{"line":405,"column":9}}],"line":397},"39":{"loc":{"start":{"line":401,"column":15},"end":{"line":405,"column":9}},"type":"if","locations":[{"start":{"line":401,"column":15},"end":{"line":405,"column":9}},{"start":{},"end":{}}],"line":401},"40":{"loc":{"start":{"line":419,"column":21},"end":{"line":419,"column":36}},"type":"binary-expr","locations":[{"start":{"line":419,"column":21},"end":{"line":419,"column":29}},{"start":{"line":419,"column":33},"end":{"line":419,"column":36}}],"line":419},"41":{"loc":{"start":{"line":421,"column":15},"end":{"line":421,"column":72}},"type":"binary-expr","locations":[{"start":{"line":421,"column":15},"end":{"line":421,"column":24}},{"start":{"line":421,"column":28},"end":{"line":421,"column":72}}],"line":421},"42":{"loc":{"start":{"line":430,"column":6},"end":{"line":430,"column":78}},"type":"if","locations":[{"start":{"line":430,"column":6},"end":{"line":430,"column":78}},{"start":{},"end":{}}],"line":430},"43":{"loc":{"start":{"line":431,"column":6},"end":{"line":434,"column":67}},"type":"if","locations":[{"start":{"line":431,"column":6},"end":{"line":434,"column":67}},{"start":{},"end":{}}],"line":431},"44":{"loc":{"start":{"line":472,"column":11},"end":{"line":472,"column":53}},"type":"binary-expr","locations":[{"start":{"line":472,"column":11},"end":{"line":472,"column":30}},{"start":{"line":472,"column":34},"end":{"line":472,"column":53}}],"line":472},"45":{"loc":{"start":{"line":480,"column":14},"end":{"line":480,"column":48}},"type":"binary-expr","locations":[{"start":{"line":480,"column":14},"end":{"line":480,"column":36}},{"start":{"line":480,"column":40},"end":{"line":480,"column":48}}],"line":480},"46":{"loc":{"start":{"line":501,"column":23},"end":{"line":501,"column":35}},"type":"binary-expr","locations":[{"start":{"line":501,"column":23},"end":{"line":501,"column":28}},{"start":{"line":501,"column":32},"end":{"line":501,"column":35}}],"line":501},"47":{"loc":{"start":{"line":545,"column":6},"end":{"line":558,"column":7}},"type":"if","locations":[{"start":{"line":545,"column":6},"end":{"line":558,"column":7}},{"start":{},"end":{}}],"line":545},"48":{"loc":{"start":{"line":622,"column":6},"end":{"line":622,"column":78}},"type":"if","locations":[{"start":{"line":622,"column":6},"end":{"line":622,"column":78}},{"start":{},"end":{}}],"line":622},"49":{"loc":{"start":{"line":623,"column":6},"end":{"line":626,"column":70}},"type":"if","locations":[{"start":{"line":623,"column":6},"end":{"line":626,"column":70}},{"start":{},"end":{}}],"line":623},"50":{"loc":{"start":{"line":665,"column":11},"end":{"line":665,"column":53}},"type":"binary-expr","locations":[{"start":{"line":665,"column":11},"end":{"line":665,"column":30}},{"start":{"line":665,"column":34},"end":{"line":665,"column":53}}],"line":665},"51":{"loc":{"start":{"line":673,"column":14},"end":{"line":673,"column":48}},"type":"binary-expr","locations":[{"start":{"line":673,"column":14},"end":{"line":673,"column":36}},{"start":{"line":673,"column":40},"end":{"line":673,"column":48}}],"line":673},"52":{"loc":{"start":{"line":738,"column":6},"end":{"line":751,"column":7}},"type":"if","locations":[{"start":{"line":738,"column":6},"end":{"line":751,"column":7}},{"start":{},"end":{}}],"line":738},"53":{"loc":{"start":{"line":812,"column":6},"end":{"line":816,"column":7}},"type":"if","locations":[{"start":{"line":812,"column":6},"end":{"line":816,"column":7}},{"start":{},"end":{}}],"line":812},"54":{"loc":{"start":{"line":823,"column":21},"end":{"line":823,"column":36}},"type":"binary-expr","locations":[{"start":{"line":823,"column":21},"end":{"line":823,"column":29}},{"start":{"line":823,"column":33},"end":{"line":823,"column":36}}],"line":823},"55":{"loc":{"start":{"line":826,"column":23},"end":{"line":826,"column":62}},"type":"binary-expr","locations":[{"start":{"line":826,"column":23},"end":{"line":826,"column":32}},{"start":{"line":826,"column":36},"end":{"line":826,"column":62}}],"line":826},"56":{"loc":{"start":{"line":848,"column":21},"end":{"line":848,"column":40}},"type":"binary-expr","locations":[{"start":{"line":848,"column":21},"end":{"line":848,"column":33}},{"start":{"line":848,"column":37},"end":{"line":848,"column":40}}],"line":848}},"s":{"0":4,"1":4,"2":3,"3":3,"4":3,"5":2,"6":1,"7":1,"8":2,"9":2,"10":2,"11":1,"12":1,"13":1,"14":2,"15":2,"16":2,"17":2,"18":1,"19":1,"20":1,"21":9,"22":9,"23":9,"24":9,"25":3,"26":6,"27":5,"28":5,"29":2,"30":3,"31":2,"32":1,"33":5,"34":4,"35":1,"36":1,"37":6,"38":6,"39":6,"40":5,"41":2,"42":3,"43":3,"44":2,"45":2,"46":2,"47":2,"48":2,"49":2,"50":2,"51":3,"52":1,"53":1,"54":5,"55":5,"56":4,"57":1,"58":1,"59":8,"60":8,"61":8,"62":8,"63":3,"64":1,"65":2,"66":5,"67":1,"68":5,"69":2,"70":5,"71":5,"72":4,"73":4,"74":4,"75":4,"76":4,"77":3,"78":1,"79":1,"80":4,"81":4,"82":4,"83":4,"84":1,"85":1,"86":1,"87":5,"88":5,"89":5,"90":5,"91":4,"92":2,"93":2,"94":1,"95":5,"96":5,"97":5,"98":5,"99":4,"100":1,"101":3,"102":3,"103":2,"104":4,"105":4,"106":1,"107":3,"108":3,"109":2,"110":1,"111":1,"112":3,"113":3,"114":1,"115":2,"116":2,"117":2,"118":1,"119":1,"120":1,"121":1,"122":1,"123":1,"124":4,"125":4,"126":4,"127":1,"128":3,"129":3,"130":2,"131":4,"132":1,"133":1,"134":3,"135":3,"136":3,"137":3,"138":3,"139":2,"140":1,"141":1,"142":1,"143":3,"144":3,"145":3,"146":3,"147":2,"148":1,"149":1,"150":1,"151":1,"152":3,"153":3,"154":3,"155":3,"156":3,"157":2,"158":1,"159":1,"160":1,"161":1,"162":3,"163":3,"164":3,"165":2,"166":1,"167":1,"168":8,"169":8,"170":8,"171":8,"172":2,"173":6,"174":6,"175":5,"176":2,"177":3,"178":3,"179":3,"180":2,"181":1,"182":1,"183":3,"184":3,"185":3,"186":3,"187":3,"188":1,"189":1,"190":9,"191":9,"192":9,"193":9,"194":2,"195":7,"196":2,"197":5,"198":5,"199":5,"200":4,"201":4,"202":4,"203":4,"204":4,"205":4,"206":0,"207":4,"208":4,"209":4,"210":4,"211":4,"212":4,"213":4,"214":4,"215":4,"216":4,"217":4,"218":16,"219":16,"220":4,"221":4,"222":4,"223":4,"224":4,"225":4,"226":4,"227":4,"228":4,"229":4,"230":4,"231":4,"232":4,"233":4,"234":4,"235":4,"236":6,"237":4,"238":4,"239":6,"240":6,"241":4,"242":4,"243":1,"244":1,"245":1,"246":1,"247":4,"248":4,"249":4,"250":4,"251":4,"252":1,"253":4,"254":4,"255":4,"256":4,"257":4,"258":4,"259":4,"260":4,"261":1,"262":1,"263":9,"264":9,"265":9,"266":9,"267":2,"268":7,"269":2,"270":5,"271":5,"272":5,"273":4,"274":4,"275":4,"276":4,"277":4,"278":4,"279":1,"280":4,"281":4,"282":4,"283":4,"284":4,"285":4,"286":4,"287":4,"288":4,"289":4,"290":4,"291":16,"292":16,"293":4,"294":4,"295":4,"296":4,"297":4,"298":4,"299":4,"300":4,"301":4,"302":4,"303":4,"304":4,"305":4,"306":4,"307":4,"308":4,"309":4,"310":5,"311":4,"312":4,"313":5,"314":5,"315":4,"316":4,"317":1,"318":1,"319":1,"320":1,"321":4,"322":4,"323":4,"324":4,"325":4,"326":0,"327":4,"328":4,"329":4,"330":4,"331":4,"332":4,"333":4,"334":4,"335":1,"336":1,"337":5,"338":5,"339":5,"340":2,"341":3,"342":2,"343":1,"344":1,"345":3,"346":3,"347":3,"348":3,"349":3,"350":2,"351":1,"352":1,"353":1,"354":3,"355":3,"356":2,"357":1,"358":1,"359":4},"f":{"0":3,"1":2,"2":2,"3":9,"4":6,"5":5,"6":8,"7":5,"8":5,"9":2,"10":1,"11":4,"12":4,"13":3,"14":3,"15":3,"16":3,"17":8,"18":9,"19":4,"20":16,"21":6,"22":6,"23":9,"24":4,"25":16,"26":5,"27":5,"28":5,"29":3,"30":3},"b":{"0":[3,6],"1":[5,1],"2":[6,4],"3":[2,3],"4":[2,1],"5":[2,3],"6":[2,1],"7":[2,2],"8":[3,5],"9":[1,2],"10":[3,1],"11":[1,4],"12":[2,3],"13":[4,0],"14":[4,4],"15":[3,1],"16":[1,0],"17":[1,0],"18":[2,2],"19":[1,3],"20":[2,1],"21":[3,2,2],"22":[3,0],"23":[3,3],"24":[2,1],"25":[1,0],"26":[1,0],"27":[1,3],"28":[3,2],"29":[2,2],"30":[1,1],"31":[1,1],"32":[1,1],"33":[4],"34":[2,6],"35":[2,3],"36":[3,0],"37":[3,3],"38":[2,1],"39":[1,0],"40":[1,0],"41":[1,0],"42":[2,7],"43":[2,5],"44":[4,1],"45":[4,1],"46":[16,1],"47":[1,3],"48":[2,7],"49":[2,5],"50":[4,0],"51":[4,0],"52":[1,3],"53":[2,3],"54":[1,0],"55":[1,0],"56":[1,0]},"_coverageSchema":"1a1c01bbd47fc00a2c39e90264f33305004495a9","hash":"c7e32c602bd11db86bb1d2bf7d907d51b2b850b0"}
,"/home/dstevengmz/Escritorio/Clinestetica/Proyecto-Sena-Clinica-Estetica-Frontend-Backend/Backend/controllers/ConsentimientoControllers.js": {"path":"/home/dstevengmz/Escritorio/Clinestetica/Proyecto-Sena-Clinica-Estetica-Frontend-Backend/Backend/controllers/ConsentimientoControllers.js","statementMap":{"0":{"start":{"line":1,"column":30},"end":{"line":1,"column":74}},"1":{"start":{"line":2,"column":53},"end":{"line":2,"column":73}},"2":{"start":{"line":5,"column":4},"end":{"line":17,"column":5}},"3":{"start":{"line":6,"column":25},"end":{"line":6,"column":39}},"4":{"start":{"line":8,"column":8},"end":{"line":10,"column":9}},"5":{"start":{"line":11,"column":6},"end":{"line":11,"column":39}},"6":{"start":{"line":13,"column":6},"end":{"line":13,"column":73}},"7":{"start":{"line":14,"column":6},"end":{"line":16,"column":77}},"8":{"start":{"line":21,"column":4},"end":{"line":31,"column":5}},"9":{"start":{"line":22,"column":26},"end":{"line":22,"column":36}},"10":{"start":{"line":24,"column":8},"end":{"line":24,"column":74}},"11":{"start":{"line":25,"column":6},"end":{"line":25,"column":39}},"12":{"start":{"line":27,"column":6},"end":{"line":27,"column":70}},"13":{"start":{"line":28,"column":6},"end":{"line":30,"column":76}},"14":{"start":{"line":35,"column":4},"end":{"line":52,"column":5}},"15":{"start":{"line":36,"column":42},"end":{"line":36,"column":50}},"16":{"start":{"line":37,"column":25},"end":{"line":37,"column":39}},"17":{"start":{"line":40,"column":8},"end":{"line":46,"column":10}},"18":{"start":{"line":48,"column":6},"end":{"line":48,"column":48}},"19":{"start":{"line":50,"column":6},"end":{"line":50,"column":62}},"20":{"start":{"line":51,"column":6},"end":{"line":51,"column":76}},"21":{"start":{"line":56,"column":4},"end":{"line":63,"column":5}},"22":{"start":{"line":57,"column":21},"end":{"line":57,"column":31}},"23":{"start":{"line":58,"column":6},"end":{"line":58,"column":61}},"24":{"start":{"line":59,"column":6},"end":{"line":59,"column":56}},"25":{"start":{"line":61,"column":6},"end":{"line":61,"column":63}},"26":{"start":{"line":62,"column":6},"end":{"line":62,"column":77}},"27":{"start":{"line":67,"column":4},"end":{"line":74,"column":5}},"28":{"start":{"line":68,"column":25},"end":{"line":68,"column":39}},"29":{"start":{"line":69,"column":6},"end":{"line":69,"column":79}},"30":{"start":{"line":70,"column":6},"end":{"line":70,"column":71}},"31":{"start":{"line":72,"column":6},"end":{"line":72,"column":63}},"32":{"start":{"line":73,"column":6},"end":{"line":73,"column":78}},"33":{"start":{"line":78,"column":4},"end":{"line":150,"column":5}},"34":{"start":{"line":79,"column":21},"end":{"line":79,"column":31}},"35":{"start":{"line":80,"column":29},"end":{"line":80,"column":73}},"36":{"start":{"line":82,"column":6},"end":{"line":84,"column":7}},"37":{"start":{"line":83,"column":8},"end":{"line":83,"column":79}},"38":{"start":{"line":86,"column":19},"end":{"line":86,"column":63}},"39":{"start":{"line":87,"column":6},"end":{"line":89,"column":7}},"40":{"start":{"line":88,"column":8},"end":{"line":88,"column":78}},"41":{"start":{"line":90,"column":22},"end":{"line":90,"column":72}},"42":{"start":{"line":91,"column":6},"end":{"line":95,"column":7}},"43":{"start":{"line":92,"column":8},"end":{"line":94,"column":61}},"44":{"start":{"line":96,"column":20},"end":{"line":104,"column":8}},"45":{"start":{"line":106,"column":6},"end":{"line":110,"column":7}},"46":{"start":{"line":107,"column":8},"end":{"line":109,"column":69}},"47":{"start":{"line":112,"column":40},"end":{"line":114,"column":12}},"48":{"start":{"line":117,"column":8},"end":{"line":123,"column":9}},"49":{"start":{"line":125,"column":6},"end":{"line":133,"column":7}},"50":{"start":{"line":126,"column":8},"end":{"line":130,"column":10}},"51":{"start":{"line":132,"column":8},"end":{"line":132,"column":74}},"52":{"start":{"line":135,"column":25},"end":{"line":135,"column":56}},"53":{"start":{"line":136,"column":26},"end":{"line":144,"column":7}},"54":{"start":{"line":146,"column":6},"end":{"line":146,"column":54}},"55":{"start":{"line":148,"column":6},"end":{"line":148,"column":64}},"56":{"start":{"line":149,"column":6},"end":{"line":149,"column":65}},"57":{"start":{"line":154,"column":0},"end":{"line":154,"column":48}}},"fnMap":{"0":{"name":"(anonymous_0)","decl":{"start":{"line":4,"column":2},"end":{"line":4,"column":3}},"loc":{"start":{"line":4,"column":51},"end":{"line":18,"column":3}},"line":4},"1":{"name":"(anonymous_1)","decl":{"start":{"line":20,"column":2},"end":{"line":20,"column":3}},"loc":{"start":{"line":20,"column":48},"end":{"line":32,"column":3}},"line":20},"2":{"name":"(anonymous_2)","decl":{"start":{"line":34,"column":2},"end":{"line":34,"column":3}},"loc":{"start":{"line":34,"column":40},"end":{"line":53,"column":3}},"line":34},"3":{"name":"(anonymous_3)","decl":{"start":{"line":55,"column":2},"end":{"line":55,"column":3}},"loc":{"start":{"line":55,"column":41},"end":{"line":64,"column":3}},"line":55},"4":{"name":"(anonymous_4)","decl":{"start":{"line":66,"column":2},"end":{"line":66,"column":3}},"loc":{"start":{"line":66,"column":41},"end":{"line":75,"column":3}},"line":66},"5":{"name":"(anonymous_5)","decl":{"start":{"line":77,"column":2},"end":{"line":77,"column":3}},"loc":{"start":{"line":77,"column":42},"end":{"line":151,"column":3}},"line":77}},"branchMap":{"0":{"loc":{"start":{"line":82,"column":6},"end":{"line":84,"column":7}},"type":"if","locations":[{"start":{"line":82,"column":6},"end":{"line":84,"column":7}},{"start":{},"end":{}}],"line":82},"1":{"loc":{"start":{"line":87,"column":6},"end":{"line":89,"column":7}},"type":"if","locations":[{"start":{"line":87,"column":6},"end":{"line":89,"column":7}},{"start":{},"end":{}}],"line":87},"2":{"loc":{"start":{"line":91,"column":6},"end":{"line":95,"column":7}},"type":"if","locations":[{"start":{"line":91,"column":6},"end":{"line":95,"column":7}},{"start":{},"end":{}}],"line":91},"3":{"loc":{"start":{"line":106,"column":6},"end":{"line":110,"column":7}},"type":"if","locations":[{"start":{"line":106,"column":6},"end":{"line":110,"column":7}},{"start":{},"end":{}}],"line":106},"4":{"loc":{"start":{"line":112,"column":40},"end":{"line":114,"column":12}},"type":"cond-expr","locations":[{"start":{"line":113,"column":10},"end":{"line":113,"column":30}},{"start":{"line":114,"column":10},"end":{"line":114,"column":12}}],"line":112}},"s":{"0":1,"1":1,"2":2,"3":2,"4":2,"5":1,"6":1,"7":1,"8":2,"9":2,"10":2,"11":1,"12":1,"13":1,"14":2,"15":2,"16":2,"17":2,"18":1,"19":1,"20":1,"21":2,"22":2,"23":2,"24":1,"25":1,"26":1,"27":2,"28":2,"29":2,"30":1,"31":1,"32":1,"33":8,"34":8,"35":8,"36":8,"37":1,"38":7,"39":7,"40":1,"41":6,"42":6,"43":1,"44":5,"45":5,"46":1,"47":4,"48":4,"49":3,"50":3,"51":1,"52":3,"53":3,"54":3,"55":1,"56":1,"57":1},"f":{"0":2,"1":2,"2":2,"3":2,"4":2,"5":8},"b":{"0":[1,7],"1":[1,6],"2":[1,5],"3":[1,4],"4":[3,1]},"_coverageSchema":"1a1c01bbd47fc00a2c39e90264f33305004495a9","hash":"711830df111a5f22a3e8dc867a2aaf0dbbcfa9d9"}
,"/home/dstevengmz/Escritorio/Clinestetica/Proyecto-Sena-Clinica-Estetica-Frontend-Backend/Backend/controllers/ContactoControllers.js": {"path":"/home/dstevengmz/Escritorio/Clinestetica/Proyecto-Sena-Clinica-Estetica-Frontend-Backend/Backend/controllers/ContactoControllers.js","statementMap":{"0":{"start":{"line":1,"column":24},"end":{"line":1,"column":63}},"1":{"start":{"line":3,"column":17},"end":{"line":9,"column":1}},"2":{"start":{"line":4,"column":2},"end":{"line":8,"column":3}},"3":{"start":{"line":5,"column":16},"end":{"line":5,"column":60}},"4":{"start":{"line":6,"column":4},"end":{"line":6,"column":21}},"5":{"start":{"line":7,"column":4},"end":{"line":7,"column":14}},"6":{"start":{"line":14,"column":4},"end":{"line":48,"column":5}},"7":{"start":{"line":15,"column":49},"end":{"line":15,"column":63}},"8":{"start":{"line":16,"column":6},"end":{"line":16,"column":33}},"9":{"start":{"line":17,"column":6},"end":{"line":17,"column":31}},"10":{"start":{"line":18,"column":6},"end":{"line":18,"column":35}},"11":{"start":{"line":20,"column":25},"end":{"line":20,"column":53}},"12":{"start":{"line":21,"column":6},"end":{"line":25,"column":7}},"13":{"start":{"line":22,"column":20},"end":{"line":22,"column":54}},"14":{"start":{"line":23,"column":8},"end":{"line":23,"column":25}},"15":{"start":{"line":24,"column":8},"end":{"line":24,"column":18}},"16":{"start":{"line":26,"column":6},"end":{"line":30,"column":7}},"17":{"start":{"line":27,"column":20},"end":{"line":27,"column":71}},"18":{"start":{"line":28,"column":8},"end":{"line":28,"column":25}},"19":{"start":{"line":29,"column":8},"end":{"line":29,"column":18}},"20":{"start":{"line":31,"column":6},"end":{"line":35,"column":7}},"21":{"start":{"line":32,"column":20},"end":{"line":32,"column":71}},"22":{"start":{"line":33,"column":8},"end":{"line":33,"column":25}},"23":{"start":{"line":34,"column":8},"end":{"line":34,"column":18}},"24":{"start":{"line":36,"column":6},"end":{"line":40,"column":7}},"25":{"start":{"line":37,"column":20},"end":{"line":37,"column":73}},"26":{"start":{"line":38,"column":8},"end":{"line":38,"column":25}},"27":{"start":{"line":39,"column":8},"end":{"line":39,"column":18}},"28":{"start":{"line":42,"column":15},"end":{"line":42,"column":79}},"29":{"start":{"line":44,"column":6},"end":{"line":44,"column":56}},"30":{"start":{"line":46,"column":21},"end":{"line":46,"column":38}},"31":{"start":{"line":47,"column":6},"end":{"line":47,"column":88}},"32":{"start":{"line":52,"column":0},"end":{"line":52,"column":36}}},"fnMap":{"0":{"name":"(anonymous_0)","decl":{"start":{"line":3,"column":17},"end":{"line":3,"column":18}},"loc":{"start":{"line":3,"column":34},"end":{"line":9,"column":1}},"line":3},"1":{"name":"(anonymous_1)","decl":{"start":{"line":13,"column":2},"end":{"line":13,"column":3}},"loc":{"start":{"line":13,"column":32},"end":{"line":49,"column":3}},"line":13}},"branchMap":{"0":{"loc":{"start":{"line":4,"column":2},"end":{"line":8,"column":3}},"type":"if","locations":[{"start":{"line":4,"column":2},"end":{"line":8,"column":3}},{"start":{},"end":{}}],"line":4},"1":{"loc":{"start":{"line":4,"column":6},"end":{"line":4,"column":43}},"type":"binary-expr","locations":[{"start":{"line":4,"column":6},"end":{"line":4,"column":12}},{"start":{"line":4,"column":16},"end":{"line":4,"column":43}}],"line":4},"2":{"loc":{"start":{"line":15,"column":49},"end":{"line":15,"column":63}},"type":"binary-expr","locations":[{"start":{"line":15,"column":49},"end":{"line":15,"column":57}},{"start":{"line":15,"column":61},"end":{"line":15,"column":63}}],"line":15},"3":{"loc":{"start":{"line":21,"column":6},"end":{"line":25,"column":7}},"type":"if","locations":[{"start":{"line":21,"column":6},"end":{"line":25,"column":7}},{"start":{},"end":{}}],"line":21},"4":{"loc":{"start":{"line":26,"column":6},"end":{"line":30,"column":7}},"type":"if","locations":[{"start":{"line":26,"column":6},"end":{"line":30,"column":7}},{"start":{},"end":{}}],"line":26},"5":{"loc":{"start":{"line":31,"column":6},"end":{"line":35,"column":7}},"type":"if","locations":[{"start":{"line":31,"column":6},"end":{"line":35,"column":7}},{"start":{},"end":{}}],"line":31},"6":{"loc":{"start":{"line":31,"column":17},"end":{"line":31,"column":29}},"type":"binary-expr","locations":[{"start":{"line":31,"column":17},"end":{"line":31,"column":23}},{"start":{"line":31,"column":27},"end":{"line":31,"column":29}}],"line":31},"7":{"loc":{"start":{"line":36,"column":6},"end":{"line":40,"column":7}},"type":"if","locations":[{"start":{"line":36,"column":6},"end":{"line":40,"column":7}},{"start":{},"end":{}}],"line":36},"8":{"loc":{"start":{"line":46,"column":21},"end":{"line":46,"column":38}},"type":"binary-expr","locations":[{"start":{"line":46,"column":21},"end":{"line":46,"column":31}},{"start":{"line":46,"column":35},"end":{"line"
[...]
nd":{"line":537,"column":29}},"239":{"start":{"line":541,"column":4},"end":{"line":582,"column":5}},"240":{"start":{"line":542,"column":25},"end":{"line":542,"column":29}},"241":{"start":{"line":543,"column":6},"end":{"line":543,"column":59}},"242":{"start":{"line":543,"column":19},"end":{"line":543,"column":59}},"243":{"start":{"line":546,"column":24},"end":{"line":546,"column":69}},"244":{"start":{"line":547,"column":6},"end":{"line":549,"column":7}},"245":{"start":{"line":548,"column":8},"end":{"line":548,"column":58}},"246":{"start":{"line":551,"column":18},"end":{"line":551,"column":48}},"247":{"start":{"line":553,"column":6},"end":{"line":553,"column":75}},"248":{"start":{"line":553,"column":28},"end":{"line":553,"column":75}},"249":{"start":{"line":554,"column":29},"end":{"line":554,"column":78}},"250":{"start":{"line":557,"column":6},"end":{"line":559,"column":7}},"251":{"start":{"line":558,"column":8},"end":{"line":558,"column":49}},"252":{"start":{"line":561,"column":22},"end":{"line":567,"column":7}},"253":{"start":{"line":570,"column":6},"end":{"line":570,"column":60}},"254":{"start":{"line":573,"column":6},"end":{"line":573,"column":50}},"255":{"start":{"line":575,"column":6},"end":{"line":578,"column":8}},"256":{"start":{"line":580,"column":6},"end":{"line":580,"column":48}},"257":{"start":{"line":581,"column":6},"end":{"line":581,"column":51}},"258":{"start":{"line":586,"column":4},"end":{"line":646,"column":5}},"259":{"start":{"line":587,"column":6},"end":{"line":588,"column":59}},"260":{"start":{"line":588,"column":8},"end":{"line":588,"column":59}},"261":{"start":{"line":591,"column":20},"end":{"line":591,"column":62}},"262":{"start":{"line":592,"column":6},"end":{"line":594,"column":7}},"263":{"start":{"line":593,"column":8},"end":{"line":593,"column":21}},"264":{"start":{"line":596,"column":18},"end":{"line":596,"column":48}},"265":{"start":{"line":597,"column":22},"end":{"line":597,"column":42}},"266":{"start":{"line":598,"column":6},"end":{"line":600,"column":7}},"267":{"start":{"line":599,"column":8},"end":{"line":599,"column":73}},"268":{"start":{"line":601,"column":19},"end":{"line":601,"column":38}},"269":{"start":{"line":604,"column":17},"end":{"line":604,"column":62}},"270":{"start":{"line":605,"column":6},"end":{"line":608,"column":7}},"271":{"start":{"line":606,"column":8},"end":{"line":606,"column":29}},"272":{"start":{"line":607,"column":8},"end":{"line":607,"column":58}},"273":{"start":{"line":610,"column":27},"end":{"line":624,"column":8}},"274":{"start":{"line":626,"column":6},"end":{"line":626,"column":27}},"275":{"start":{"line":629,"column":6},"end":{"line":637,"column":7}},"276":{"start":{"line":630,"column":8},"end":{"line":634,"column":11}},"277":{"start":{"line":636,"column":8},"end":{"line":636,"column":62}},"278":{"start":{"line":638,"column":6},"end":{"line":642,"column":8}},"279":{"start":{"line":644,"column":6},"end":{"line":644,"column":54}},"280":{"start":{"line":645,"column":6},"end":{"line":645,"column":57}},"281":{"start":{"line":649,"column":0},"end":{"line":649,"column":39}}},"fnMap":{"0":{"name":"(anonymous_0)","decl":{"start":{"line":9,"column":2},"end":{"line":9,"column":3}},"loc":{"start":{"line":9,"column":28},"end":{"line":11,"column":3}},"line":9},"1":{"name":"(anonymous_1)","decl":{"start":{"line":13,"column":2},"end":{"line":13,"column":3}},"loc":{"start":{"line":13,"column":29},"end":{"line":23,"column":3}},"line":13},"2":{"name":"(anonymous_2)","decl":{"start":{"line":25,"column":2},"end":{"line":25,"column":3}},"loc":{"start":{"line":25,"column":29},"end":{"line":44,"column":3}},"line":25},"3":{"name":"(anonymous_3)","decl":{"start":{"line":46,"column":2},"end":{"line":46,"column":3}},"loc":{"start":{"line":46,"column":30},"end":{"line":48,"column":3}},"line":46},"4":{"name":"(anonymous_4)","decl":{"start":{"line":50,"column":2},"end":{"line":50,"column":3}},"loc":{"start":{"line":50,"column":31},"end":{"line":73,"column":3}},"line":50},"5":{"name":"(anonymous_5)","decl":{"start":{"line":75,"column":2},"end":{"line":75,"column":3}},"loc":{"start":{"line":75,"column":36},"end":{"line":98,"column":3}},"line":75},"6":{"name":"(anonymous_6)","decl":{"start":{"line":100,"column":2},"end":{"line":100,"column":3}},"loc":{"start":{"line":100,"column":32},"end":{"line":106,"column":3}},"line":100},"7":{"name":"(anonymous_7)","decl":{"start":{"line":108,"column":0},"end":{"line":108,"column":1}},"loc":{"start":{"line":108,"column":57},"end":{"line":125,"column":1}},"line":108},"8":{"name":"(anonymous_8)","decl":{"start":{"line":127,"column":2},"end":{"line":127,"column":3}},"loc":{"start":{"line":127,"column":42},"end":{"line":171,"column":3}},"line":127},"9":{"name":"(anonymous_9)","decl":{"start":{"line":173,"column":2},"end":{"line":173,"column":3}},"loc":{"start":{"line":173,"column":35},"end":{"line":190,"column":3}},"line":173},"10":{"name":"(anonymous_10)","decl":{"start":{"line":192,"column":2},"end":{"line":192,"column":3}},"loc":{"start":{"line":192,"column":51},"end":{"line":225,"column":3}},"line":192},"11":{"name":"(anonymous_11)","decl":{"start":{"line":196,"column":56},"end":{"line":196,"column":57}},"loc":{"start":{"line":196,"column":67},"end":{"line":202,"column":7}},"line":196},"12":{"name":"(anonymous_12)","decl":{"start":{"line":206,"column":10},"end":{"line":206,"column":11}},"loc":{"start":{"line":206,"column":28},"end":{"line":206,"column":75}},"line":206},"13":{"name":"(anonymous_13)","decl":{"start":{"line":212,"column":66},"end":{"line":212,"column":67}},"loc":{"start":{"line":213,"column":12},"end":{"line":213,"column":33}},"line":213},"14":{"name":"(anonymous_14)","decl":{"start":{"line":227,"column":2},"end":{"line":227,"column":3}},"loc":{"start":{"line":227,"column":46},"end":{"line":263,"column":3}},"line":227},"15":{"name":"(anonymous_15)","decl":{"start":{"line":232,"column":56},"end":{"line":232,"column":57}},"loc":{"start":{"line":232,"column":67},"end":{"line":238,"column":7}},"line":232},"16":{"name":"(anonymous_16)","decl":{"start":{"line":243,"column":10},"end":{"line":243,"column":11}},"loc":{"start":{"line":243,"column":28},"end":{"line":243,"column":75}},"line":243},"17":{"name":"(anonymous_17)","decl":{"start":{"line":249,"column":66},"end":{"line":249,"column":67}},"loc":{"start":{"line":250,"column":12},"end":{"line":250,"column":33}},"line":250},"18":{"name":"(anonymous_18)","decl":{"start":{"line":265,"column":2},"end":{"line":265,"column":3}},"loc":{"start":{"line":265,"column":62},"end":{"line":300,"column":3}},"line":265},"19":{"name":"(anonymous_19)","decl":{"start":{"line":278,"column":35},"end":{"line":278,"column":36}},"loc":{"start":{"line":278,"column":45},"end":{"line":286,"column":7}},"line":278},"20":{"name":"(anonymous_20)","decl":{"start":{"line":302,"column":2},"end":{"line":302,"column":3}},"loc":{"start":{"line":302,"column":54},"end":{"line":334,"column":3}},"line":302},"21":{"name":"(anonymous_21)","decl":{"start":{"line":314,"column":37},"end":{"line":314,"column":38}},"loc":{"start":{"line":314,"column":47},"end":{"line":318,"column":9}},"line":314},"22":{"name":"(anonymous_22)","decl":{"start":{"line":336,"column":2},"end":{"line":336,"column":3}},"loc":{"start":{"line":336,"column":47},"end":{"line":348,"column":3}},"line":336},"23":{"name":"(anonymous_23)","decl":{"start":{"line":350,"column":2},"end":{"line":350,"column":3}},"loc":{"start":{"line":350,"column":49},"end":{"line":367,"column":3}},"line":350},"24":{"name":"(anonymous_24)","decl":{"start":{"line":369,"column":2},"end":{"line":369,"column":3}},"loc":{"start":{"line":369,"column":70},"end":{"line":407,"column":3}},"line":369},"25":{"name":"(anonymous_25)","decl":{"start":{"line":382,"column":35},"end":{"line":382,"column":36}},"loc":{"start":{"line":382,"column":45},"end":{"line":390,"column":7}},"line":382},"26":{"name":"(anonymous_26)","decl":{"start":{"line":409,"column":2},"end":{"line":409,"column":3}},"loc":{"start":{"line":409,"column":55},"end":{"line":421,"column":3}},"line":409},"27":{"name":"(anonymous_27)","decl":{"start":{"line":423,"column":2},"end":{"line":423,"column":3}},"loc":{"start":{"line":423,"column":62},"end":{"line":454,"column":3}},"line":423},"28":{"name":"(anonymous_28)","decl":{"start":{"line":434,"column":37},"end":{"line":434,"column":38}},"loc":{"start":{"line":434,"column":47},"end":{"line":438,"column":9}},"line":434},"29":{"name":"(anonymous_29)","decl":{"start":{"line":456,"column":2},"end":{"line":456,"column":3}},"loc":{"start":{"line":456,"column":57},"end":{"line":473,"column":3}},"line":456},"30":{"name":"(anonymous_30)","decl":{"start":{"line":475,"column":2},"end":{"line":475,"column":3}},"loc":{"start":{"line":475,"column":41},"end":{"line":495,"column":3}},"line":475},"31":{"name":"(anonymous_31)","decl":{"start":{"line":476,"column":26},"end":{"line":476,"column":27}},"loc":{"start":{"line":477,"column":6},"end":{"line":477,"column":60}},"line":477},"32":{"name":"(anonymous_32)","decl":{"start":{"line":497,"column":2},"end":{"line":497,"column":3}},"loc":{"start":{"line":497,"column":49},"end":{"line":538,"column":3}},"line":497},"33":{"name":"(anonymous_33)","decl":{"start":{"line":540,"column":2},"end":{"line":540,"column":3}},"loc":{"start":{"line":540,"column":34},"end":{"line":583,"column":3}},"line":540},"34":{"name":"(anonymous_34)","decl":{"start":{"line":585,"column":2},"end":{"line":585,"column":3}},"loc":{"start":{"line":585,"column":42},"end":{"line":647,"column":3}},"line":585}},"branchMap":{"0":{"loc":{"start":{"line":102,"column":4},"end":{"line":104,"column":5}},"type":"if","locations":[{"start":{"line":102,"column":4},"end":{"line":104,"column":5}},{"start":{},"end":{}}],"line":102},"1":{"loc":{"start":{"line":110,"column":5},"end":{"line":112,"column":5}},"type":"if","locations":[{"start":{"line":110,"column":5},"end":{"line":112,"column":5}},{"start":{},"end":{}}],"line":110},"2":{"loc":{"start":{"line":110,"column":9},"end":{"line":110,"column":52}},"type":"binary-expr","locations":[{"start":{"line":110,"column":9},"end":{"line":110,"column":18}},{"start":{"line":110,"column":22},"end":{"line":110,"column":52}}],"line":110},"3":{"loc":{"start":{"line":115,"column":4},"end":{"line":117,"column":5}},"type":"if","locations":[{"start":{"line":115,"column":4},"end":{"line":117,"column":5}},{"start":{},"end":{}}],"line":115},"4":{"loc":{"start":{"line":130,"column":6},"end":{"line":132,"column":7}},"type":"if","locations":[{"start":{"line":130,"column":6},"end":{"line":132,"column":7}},{"start":{},"end":{}}],"line":130},"5":{"loc":{"start":{"line":133,"column":6},"end":{"line":136,"column":7}},"type":"if","locations":[{"start":{"line":133,"column":6},"end":{"line":136,"column":7}},{"start":{},"end":{}}],"line":133},"6":{"loc":{"start":{"line":141,"column":6},"end":{"line":143,"column":7}},"type":"if","locations":[{"start":{"line":141,"column":6},"end":{"line":143,"column":7}},{"start":{},"end":{}}],"line":141},"7":{"loc":{"start":{"line":176,"column":6},"end":{"line":178,"column":7}},"type":"if","locations":[{"start":{"line":176,"column":6},"end":{"line":178,"column":7}},{"start":{},"end":{}}],"line":176},"8":{"loc":{"start":{"line":198,"column":8},"end":{"line":200,"column":9}},"type":"if","locations":[{"start":{"line":198,"column":8},"end":{"line":200,"column":9}},{"start":{},"end":{}}],"line":198},"9":{"loc":{"start":{"line":204,"column":6},"end":{"line":219,"column":7}},"type":"if","locations":[{"start":{"line":204,"column":6},"end":{"line":219,"column":7}},{"start":{},"end":{}}],"line":204},"10":{"loc":{"start":{"line":210,"column":8},"end":{"line":218,"column":9}},"type":"if","locations":[{"start":{"line":210,"column":8},"end":{"line":218,"column":9}},{"start":{},"end":{}}],"line":210},"11":{"loc":{"start":{"line":234,"column":8},"end":{"line":236,"column":9}},"type":"if","locations":[{"start":{"line":234,"column":8},"end":{"line":236,"column":9}},{"start":{},"end":{}}],"line":234},"12":{"loc":{"start":{"line":241,"column":6},"end":{"line":256,"column":7}},"type":"if","locations":[{"start":{"line":241,"column":6},"end":{"line":256,"column":7}},{"start":{},"end":{}}],"line":241},"13":{"loc":{"start":{"line":247,"column":8},"end":{"line":255,"column":9}},"type":"if","locations":[{"start":{"line":247,"column":8},"end":{"line":255,"column":9}},{"start":{},"end":{}}],"line":247},"14":{"loc":{"start":{"line":270,"column":6},"end":{"line":270,"column":65}},"type":"if","locations":[{"start":{"line":270,"column":6},"end":{"line":270,"column":65}},{"start":{},"end":{}}],"line":270},"15":{"loc":{"start":{"line":281,"column":8},"end":{"line":283,"column":9}},"type":"if","locations":[{"start":{"line":281,"column":8},"end":{"line":283,"column":9}},{"start":{},"end":{}}],"line":281},"16":{"loc":{"start":{"line":289,"column":6},"end":{"line":293,"column":7}},"type":"if","locations":[{"start":{"line":289,"column":6},"end":{"line":293,"column":7}},{"start":{},"end":{}}],"line":289},"17":{"loc":{"start":{"line":313,"column":6},"end":{"line":324,"column":7}},"type":"if","locations":[{"start":{"line":313,"column":6},"end":{"line":324,"column":7}},{"start":{},"end":{}}],"line":313},"18":{"loc":{"start":{"line":374,"column":6},"end":{"line":374,"column":65}},"type":"if","locations":[{"start":{"line":374,"column":6},"end":{"line":374,"column":65}},{"start":{},"end":{}}],"line":374},"19":{"loc":{"start":{"line":385,"column":8},"end":{"line":387,"column":9}},"type":"if","locations":[{"start":{"line":385,"column":8},"end":{"line":387,"column":9}},{"start":{},"end":{}}],"line":385},"20":{"loc":{"start":{"line":393,"column":6},"end":{"line":397,"column":7}},"type":"if","locations":[{"start":{"line":393,"column":6},"end":{"line":397,"column":7}},{"start":{},"end":{}}],"line":393},"21":{"loc":{"start":{"line":433,"column":6},"end":{"line":444,"column":7}},"type":"if","locations":[{"start":{"line":433,"column":6},"end":{"line":444,"column":7}},{"start":{},"end":{}}],"line":433},"22":{"loc":{"start":{"line":481,"column":4},"end":{"line":485,"column":5}},"type":"if","locations":[{"start":{"line":481,"column":4},"end":{"line":485,"column":5}},{"start":{},"end":{}}],"line":481},"23":{"loc":{"start":{"line":502,"column":4},"end":{"line":504,"column":5}},"type":"if","locations":[{"start":{"line":502,"column":4},"end":{"line":504,"column":5}},{"start":{},"end":{}}],"line":502},"24":{"loc":{"start":{"line":506,"column":4},"end":{"line":530,"column":5}},"type":"if","locations":[{"start":{"line":506,"column":4},"end":{"line":530,"column":5}},{"start":{},"end":{}}],"line":506},"25":{"loc":{"start":{"line":511,"column":6},"end":{"line":513,"column":7}},"type":"if","locations":[{"start":{"line":511,"column":6},"end":{"line":513,"column":7}},{"start":{},"end":{}}],"line":511},"26":{"loc":{"start":{"line":515,"column":6},"end":{"line":523,"column":7}},"type":"if","locations":[{"start":{"line":515,"column":6},"end":{"line":523,"column":7}},{"start":{},"end":{}}],"line":515},"27":{"loc":{"start":{"line":543,"column":6},"end":{"line":543,"column":59}},"type":"if","locations":[{"start":{"line":543,"column":6},"end":{"line":543,"column":59}},{"start":{},"end":{}}],"line":543},"28":{"loc":{"start":{"line":547,"column":6},"end":{"line":549,"column":7}},"type":"if","locations":[{"start":{"line":547,"column":6},"end":{"line":549,"column":7}},{"start":{},"end":{}}],"line":547},"29":{"loc":{"start":{"line":553,"column":6},"end":{"line":553,"column":75}},"type":"if","locations":[{"start":{"line":553,"column":6},"end":{"line":553,"column":75}},{"start":{},"end":{}}],"line":553},"30":{"loc":{"start":{"line":557,"column":6},"end":{"line":559,"column":7}},"type":"if","locations":[{"start":{"line":557,"column":6},"end":{"line":559,"column":7}},{"start":{},"end":{}}],"line":557},"31":{"loc":{"start":{"line":587,"column":6},"end":{"line":588,"column":59}},"type":"if","locations":[{"start":{"line":587,"column":6},"end":{"line":588,"column":59}},{"start":{},"end":{}}],"line":587},"32":{"loc":{"start":{"line":587,"column":10},"end":{"line":587,"column":28}},"type":"binary-expr","locations":[{"start":{"line":587,"column":10},"end":{"line":587,"column":17}},{"start":{"line":587,"column":21},"end":{"line":587,"column":28}}],"line":587},"33":{"loc":{"start":{"line":592,"column":6},"end":{"line":594,"column":7}},"type":"if","locations":[{"start":{"line":592,"column":6},"end":{"line":594,"column":7}},{"start":{},"end":{}}],"line":592},"34":{"loc":{"start":{"line":598,"column":6},"end":{"line":600,"column":7}},"type":"if","locations":[{"start":{"line":598,"column":6},"end":{"line":600,"column":7}},{"start":{},"end":{}}],"line":598},"35":{"loc":{"start":{"line":605,"column":6},"end":{"line":608,"column":7}},"type":"if","locations":[{"start":{"line":605,"column":6},"end":{"line":608,"column":7}},{"start":{},"end":{}}],"line":605},"36":{"loc":{"start":{"line":614,"column":13},"end":{"line":614,"column":34}},"type":"binary-expr","locations":[{"start":{"line":614,"column":13},"end":{"line":614,"column":21}},{"start":{"line":614,"column":25},"end":{"line":614,"column":34}}],"line":614}},"s":{"0":1,"1":1,"2":1,"3":1,"4":1,"5":1,"6":1,"7":1,"8":1,"9":1,"10":0,"11":0,"12":1,"13":1,"14":0,"15":0,"16":1,"17":1,"18":1,"19":1,"20":1,"21":1,"22":1,"23":0,"24":1,"25":1,"26":1,"27":1,"28":1,"29":1,"30":1,"31":0,"32":1,"33":2,"34":2,"35":1,"36":1,"37":3,"38":3,"39":1,"40":3,"41":3,"42":1,"43":2,"44":1,"45":1,"46":1,"47":5,"48":5,"49":4,"50":1,"51":3,"52":1,"53":1,"54":2,"55":2,"56":1,"57":1,"58":1,"59":1,"60":1,"61":0,"62":1,"63":1,"64":1,"65":3,"66":3,"67":2,"68":1,"69":1,"70":1,"71":1,"72":1,"73":1,"74":1,"75":2,"76":2,"77":2,"78":1,"79":2,"80":2,"81":1,"82":2,"83":1,"84":1,"85":1,"86":1,"87":1,"88":2,"89":1,"90":1,"91":2,"92":1,"93":1,"94":1,"95":2,"96":2,"97":2,"98":1,"99":1,"100":1,"101":1,"102":1,"103":1,"104":1,"105":1,"106":1,"107":1,"108":1,"109":1,"110":1,"111":1,"112":1,"113":1,"114":1,"115":3,"116":3,"117":2,"118":1,"119":1,"120":1,"121":1,"122":1,"123":1,"124":2,"125":2,"126":1,"127":2,"128":1,"129":1,"130":1,"131":1,"132":2,"133":1,"134":1,"135":1,"136":2,"137":2,"138":1,"139":1,"140":1,"141":1,"142":2,"143":2,"144":2,"145":1,"146":1,"147":1,"148":2,"149":1,"150":1,"151":1,"152":2,"153":2,"154":1,"155":1,"156":1,"157":1,"158":2,"159":2,"160":1,"161":1,"162":1,"163":2,"164":2,"165":1,"166":0,"167":1,"168":1,"169":1,"170":1,"171":1,"172":2,"173":2,"174":1,"175":2,"176":1,"177":1,"178":1,"179":1,"180":2,"181":1,"182":1,"183":1,"184":2,"185":2,"186":1,"187":1,"188":1,"189":1,"190":2,"191":2,"192":1,"193":1,"194":1,"195":1,"196":2,"197":2,"198":2,"199":1,"200":1,"201":1,"202":2,"203":1,"204":1,"205":1,"206":2,"207":2,"208":1,"209":1,"210":1,"211":3,"212":2,"213":3,"214":3,"215":3,"216":1,"217":2,"218":2,"219":2,"220":2,"221":2,"222":4,"223":4,"224":4,"225":4,"226":1,"227":3,"228":2,"229":2,"230":1,"231":2,"232":1,"233":1,"234":1,"235":1,"236":1,"237":1,"238":1,"239":5,"240":5,"241":5,"242":1,"243":4,"244":4,"245":1,"246":3,"247":3,"248":1,"249":2,"250":2,"251":2,"252":2,"253":2,"254":2,"255":2,"256":0,"257":0,"258":4,"259":4,"260":0,"261":4,"262":4,"263":1,"264":3,"265":3,"266":3,"267":1,"268":2,"269":2,"270":2,"271":1,"272":1,"273":1,"274":1,"275":1,"276":1,"277":0,"278":1,"279":0,"280":0,"281":1},"f":{"0":1,"1":1,"2":1,"3":1,"4":1,"5":1,"6":2,"7":3,"8":5,"9":3,"10":2,"11":2,"12":1,"13":2,"14":2,"15":1,"16":1,"17":1,"18":3,"19":2,"20":2,"21":2,"22":2,"23":2,"24":2,"25":2,"26":2,"27":2,"28":2,"29":2,"30":3,"31":2,"32":4,"33":5,"34":4},"b":{"0":[1,1],"1":[1,2],"2":[3,1],"3":[1,2],"4":[1,3],"5":[1,2],"6":[1,1],"7":[1,1],"8":[1,1],"9":[1,0],"10":[1,0],"11":[1,0],"12":[1,0],"13":[1,0],"14":[1,1],"15":[1,1],"16":[1,0],"17":[1,0],"18":[0,1],"19":[1,1],"20":[1,0],"21":[1,0],"22":[1,2],"23":[1,3],"24":[2,1],"25":[1,1],"26":[1,1],"27":[1,4],"28":[1,3],"29":[1,2],"30":[2,0],"31":[0,4],"32":[4,4],"33":[1,3],"34":[1,2],"35":[1,1],"36":[1,0]},"_coverageSchema":"1a1c01bbd47fc00a2c39e90264f33305004495a9","hash":"33459cdb0ad508853629ca3f77cacb16aa1b8dab"}
}
