TN:
SF:assets/HorariosDisponibles.js
FN:2,(anonymous_0)
FN:26,(anonymous_1)
FNF:2
FNH:2
FNDA:1,(anonymous_0)
FNDA:1,(anonymous_1)
DA:3,1
DA:27,1
DA:34,1
LF:3
LH:3
BRF:0
BRH:0
end_of_record
TN:
SF:assets/LimpiarNombreUtils.js
FN:1,formatearNombre
FN:6,(anonymous_1)
FNF:2
FNH:2
FNDA:7,formatearNombre
FNDA:10,(anonymous_1)
DA:2,7
DA:7,10
DA:12,2
LF:3
LH:3
BRF:0
BRH:0
end_of_record
TN:
SF:assets/Validarfecharegistro.js
FN:3,ValidarLaCita
FNF:1
FNH:1
FNDA:3,ValidarLaCita
DA:1,2
DA:4,3
DA:6,3
DA:7,1
DA:10,2
DA:12,2
DA:13,1
DA:17,2
LF:8
LH:8
BRDA:6,0,0,1
BRDA:6,0,1,2
BRDA:12,1,0,1
BRDA:12,1,1,1
BRF:4
BRH:4
end_of_record
TN:
SF:assets/corre.js
FN:15,EnviarCorreo
FN:16,(anonymous_1)
FNF:2
FNH:2
FNDA:1,EnviarCorreo
FNDA:1,(anonymous_1)
DA:1,2
DA:2,2
DA:4,2
DA:5,2
DA:16,1
DA:17,1
DA:24,1
DA:25,1
DA:29,2
LF:9
LH:9
BRF:0
BRH:0
end_of_record
TN:
SF:controllers/CambiarContrasena.Controllers.js
FN:4,(anonymous_0)
FN:14,(anonymous_1)
FN:25,(anonymous_2)
FNF:3
FNH:3
FNDA:2,(anonymous_0)
FNDA:2,(anonymous_1)
FNDA:2,(anonymous_2)
DA:1,1
DA:5,2
DA:6,2
DA:7,2
DA:8,2
DA:9,1
DA:11,1
DA:15,2
DA:16,2
DA:17,2
DA:18,1
DA:20,1
DA:26,2
DA:27,2
DA:28,2
DA:29,2
DA:30,1
DA:32,1
DA:37,1
LF:19
LH:19
BRF:0
BRH:0
end_of_record
TN:
SF:controllers/CarritoControllers.js
FN:4,(anonymous_0)
FN:15,(anonymous_1)
FN:35,(anonymous_2)
FN:46,(anonymous_3)
FNF:4
FNH:4
FNDA:2,(anonymous_0)
FNDA:3,(anonymous_1)
FNDA:2,(anonymous_2)
FNDA:2,(anonymous_3)
DA:1,1
DA:5,2
DA:6,2
DA:7,2
DA:8,1
DA:10,1
DA:11,1
DA:16,3
DA:17,3
DA:18,3
DA:20,3
DA:25,1
DA:27,2
DA:28,1
DA:30,1
DA:31,1
DA:36,2
DA:37,2
DA:38,2
DA:39,1
DA:41,1
DA:42,1
DA:47,2
DA:48,2
DA:49,2
DA:50,1
DA:52,1
DA:53,1
DA:58,1
LF:29
LH:29
BRDA:27,0,0,1
BRDA:27,0,1,1
BRF:2
BRH:2
end_of_record
TN:
SF:controllers/CategoriaProcedimientosControllers.js
FN:4,(anonymous_0)
FN:14,(anonymous_1)
FN:27,(anonymous_2)
FN:48,(anonymous_3)
FN:81,(anonymous_4)
FNF:5
FNH:5
FNDA:2,(anonymous_0)
FNDA:3,(anonymous_1)
FNDA:4,(anonymous_2)
FNDA:5,(anonymous_3)
FNDA:3,(anonymous_4)
DA:1,1
DA:5,2
DA:6,2
DA:7,1
DA:9,1
DA:10,1
DA:15,3
DA:16,3
DA:17,2
DA:18,1
DA:20,1
DA:22,1
DA:23,1
DA:28,4
DA:29,4
DA:30,4
DA:31,1
DA:33,4
DA:34,1
DA:36,3
DA:37,3
DA:39,3
DA:44,3
DA:49,5
DA:50,5
DA:51,5
DA:52,1
DA:54,4
DA:55,4
DA:56,1
DA:58,3
DA:59,3
DA:60,1
DA:62,3
DA:66,2
DA:67,1
DA:71,1
DA:73,1
DA:74,1
DA:82,3
DA:83,3
DA:86,2
DA:87,1
DA:89,1
DA:91,1
DA:92,1
DA:97,1
LF:47
LH:47
BRDA:17,0,0,1
BRDA:17,0,1,1
BRDA:30,1,0,1
BRDA:30,1,1,3
BRDA:37,2,0,3
BRDA:37,2,1,1
BRDA:39,3,0,1
BRDA:39,3,1,2
BRDA:41,4,0,1
BRDA:41,4,1,1
BRDA:51,5,0,1
BRDA:51,5,1,4
BRDA:55,6,0,1
BRDA:55,6,1,3
BRDA:59,7,0,1
BRDA:59,7,1,2
BRDA:66,8,0,1
BRDA:66,8,1,1
BRDA:86,9,0,1
BRDA:86,9,1,1
BRF:20
BRH:20
end_of_record
TN:
SF:controllers/ChatControllers.js
FN:4,(anonymous_0)
FNF:1
FNH:1
FNDA:3,(anonymous_0)
DA:1,1
DA:5,3
DA:6,3
DA:7,3
DA:8,1
DA:11,2
DA:12,1
DA:14,1
DA:15,1
DA:20,1
LF:10
LH:10
BRDA:6,0,0,3
BRDA:6,0,1,0
BRDA:7,1,0,1
BRDA:7,1,1,2
BRDA:7,2,0,3
BRDA:7,2,1,2
BRF:6
BRH:5
end_of_record
TN:
SF:controllers/CitasControllers.js
FN:5,(anonymous_0)
FN:16,(anonymous_1)
FN:27,(anonymous_2)
FN:42,(anonymous_3)
FN:71,(anonymous_4)
FN:103,(anonymous_5)
FN:117,(anonymous_6)
FN:173,(anonymous_7)
FN:187,(anonymous_8)
FN:254,(anonymous_9)
FN:269,(anonymous_10)
FN:274,(anonymous_11)
FN:290,(anonymous_12)
FN:304,(anonymous_13)
FN:321,(anonymous_14)
FN:345,(anonymous_15)
FN:368,(anonymous_16)
FN:379,(anonymous_17)
FN:426,(anonymous_18)
FN:445,(anonymous_19)
FN:491,(anonymous_20)
FN:536,(anonymous_21)
FN:538,(anonymous_22)
FN:618,(anonymous_23)
FN:637,(anonymous_24)
FN:684,(anonymous_25)
FN:729,(anonymous_26)
FN:731,(anonymous_27)
FN:809,(anonymous_28)
FN:830,(anonymous_29)
FN:853,(anonymous_30)
FNF:31
FNH:31
FNDA:3,(anonymous_0)
FNDA:2,(anonymous_1)
FNDA:2,(anonymous_2)
FNDA:9,(anonymous_3)
FNDA:6,(anonymous_4)
FNDA:5,(anonymous_5)
FNDA:8,(anonymous_6)
FNDA:5,(anonymous_7)
FNDA:5,(anonymous_8)
FNDA:2,(anonymous_9)
FNDA:1,(anonymous_10)
FNDA:4,(anonymous_11)
FNDA:4,(anonymous_12)
FNDA:3,(anonymous_13)
FNDA:3,(anonymous_14)
FNDA:3,(anonymous_15)
FNDA:3,(anonymous_16)
FNDA:8,(anonymous_17)
FNDA:9,(anonymous_18)
FNDA:4,(anonymous_19)
FNDA:16,(anonymous_20)
FNDA:6,(anonymous_21)
FNDA:6,(anonymous_22)
FNDA:9,(anonymous_23)
FNDA:4,(anonymous_24)
FNDA:16,(anonymous_25)
FNDA:5,(anonymous_26)
FNDA:5,(anonymous_27)
FNDA:5,(anonymous_28)
FNDA:3,(anonymous_29)
FNDA:3,(anonymous_30)
DA:1,4
DA:2,4
DA:6,3
DA:7,3
DA:8,3
DA:9,2
DA:11,1
DA:12,1
DA:17,2
DA:18,2
DA:19,2
DA:20,1
DA:22,1
DA:23,1
DA:28,2
DA:29,2
DA:30,2
DA:31,2
DA:35,1
DA:37,1
DA:38,1
DA:43,9
DA:44,9
DA:45,9
DA:47,9
DA:48,3
DA:49,6
DA:50,5
DA:51,5
DA:52,2
DA:54,3
DA:55,2
DA:57,1
DA:60,5
DA:61,4
DA:63,1
DA:64,1
DA:72,6
DA:73,6
DA:75,6
DA:76,5
DA:77,2
DA:80,3
DA:82,3
DA:83,2
DA:84,2
DA:85,2
DA:86,2
DA:90,2
DA:91,2
DA:92,2
DA:94,3
DA:96,1
DA:97,1
DA:104,5
DA:105,5
DA:106,4
DA:110,1
DA:113,1
DA:118,8
DA:119,8
DA:120,8
DA:121,8
DA:122,3
DA:123,1
DA:128,2
DA:130,5
DA:131,5
DA:132,2
DA:135,5
DA:137,5
DA:139,4
DA:140,4
DA:141,4
DA:144,4
DA:148,4
DA:149,3
DA:152,1
DA:153,1
DA:157,4
DA:158,4
DA:159,4
DA:162,4
DA:164,1
DA:165,1
DA:166,1
DA:174,5
DA:175,5
DA:176,5
DA:178,5
DA:179,4
DA:180,2
DA:181,2
DA:183,1
DA:188,5
DA:189,5
DA:199,5
DA:201,5
DA:211,4
DA:212,1
DA:214,3
DA:215,3
DA:216,2
DA:217,4
DA:218,4
DA:229,1
DA:234,3
DA:235,3
DA:236,2
DA:239,1
DA:240,1
DA:245,3
DA:248,3
DA:250,1
DA:255,2
DA:256,2
DA:257,2
DA:258,1
DA:262,1
DA:264,1
DA:265,1
DA:270,1
DA:271,1
DA:275,4
DA:276,4
DA:278,4
DA:279,1
DA:284,3
DA:285,3
DA:289,2
DA:290,4
DA:298,1
DA:299,1
DA:301,3
DA:305,3
DA:306,3
DA:308,3
DA:309,3
DA:311,2
DA:312,1
DA:314,1
DA:317,1
DA:322,3
DA:323,3
DA:325,3
DA:326,3
DA:332,2
DA:333,1
DA:335,1
DA:340,1
DA:341,1
DA:346,3
DA:347,3
DA:348,3
DA:350,3
DA:351,3
DA:357,2
DA:358,1
DA:360,1
DA:363,1
DA:364,1
DA:369,3
DA:370,3
DA:371,3
DA:372,2
DA:374,1
DA:375,1
DA:380,8
DA:381,8
DA:382,8
DA:383,8
DA:384,2
DA:386,6
DA:387,6
DA:392,5
DA:393,2
DA:395,3
DA:396,3
DA:397,3
DA:398,2
DA:401,1
DA:402,1
DA:407,3
DA:409,3
DA:410,3
DA:411,3
DA:414,3
DA:419,1
DA:420,1
DA:427,9
DA:428,9
DA:429,9
DA:430,9
DA:431,7
DA:432,2
DA:435,5
DA:436,5
DA:440,5
DA:441,4
DA:443,4
DA:444,4
DA:445,4
DA:446,4
DA:447,4
DA:449,0
DA:454,4
DA:459,4
DA:460,4
DA:465,4
DA:467,4
DA:477,4
DA:481,4
DA:482,4
DA:487,4
DA:490,4
DA:491,4
DA:492,16
DA:497,16
DA:504,4
DA:505,4
DA:506,4
DA:507,4
DA:508,4
DA:509,4
DA:510,4
DA:511,4
DA:512,4
DA:515,4
DA:519,4
DA:522,4
DA:530,4
DA:532,4
DA:533,4
DA:534,4
DA:536,6
DA:537,4
DA:538,4
DA:539,6
DA:540,6
DA:542,4
DA:545,4
DA:546,1
DA:551,1
DA:552,1
DA:557,1
DA:561,4
DA:562,4
DA:563,4
DA:564,4
DA:565,4
DA:567,1
DA:569,4
DA:573,4
DA:582,4
DA:583,4
DA:587,4
DA:591,4
DA:601,4
DA:611,4
DA:613,1
DA:614,1
DA:619,9
DA:620,9
DA:621,9
DA:622,9
DA:623,7
DA:624,2
DA:627,5
DA:628,5
DA:632,5
DA:633,4
DA:635,4
DA:636,4
DA:637,4
DA:638,4
DA:639,4
DA:641,1
DA:646,4
DA:652,4
DA:653,4
DA:658,4
DA:660,4
DA:670,4
DA:674,4
DA:675,4
DA:680,4
DA:683,4
DA:684,4
DA:685,16
DA:690,16
DA:696,4
DA:697,4
DA:698,4
DA:699,4
DA:700,4
DA:701,4
DA:702,4
DA:703,4
DA:704,4
DA:707,4
DA:711,4
DA:712,4
DA:715,4
DA:723,4
DA:725,4
DA:726,4
DA:727,4
DA:729,5
DA:730,4
DA:731,4
DA:732,5
DA:733,5
DA:735,4
DA:738,4
DA:739,1
DA:744,1
DA:745,1
DA:750,1
DA:752,4
DA:753,4
DA:754,4
DA:755,4
DA:756,4
DA:758,0
DA:760,4
DA:764,4
DA:773,4
DA:774,4
DA:778,4
DA:782,4
DA:792,4
DA:802,4
DA:804,1
DA:805,1
DA:810,5
DA:811,5
DA:812,5
DA:813,2
DA:817,3
DA:821,2
DA:823,1
DA:824,1
DA:831,3
DA:832,3
DA:833,3
DA:834,3
DA:836,3
DA:842,2
DA:847,1
DA:848,1
DA:849,1
DA:854,3
DA:855,3
DA:856,2
DA:858,1
DA:859,1
DA:863,4
LF:357
LH:355
BRDA:47,0,0,3
BRDA:47,0,1,6
BRDA:49,1,0,5
BRDA:49,1,1,1
BRDA:49,2,0,6
BRDA:49,2,1,4
BRDA:51,3,0,2
BRDA:51,3,1,3
BRDA:54,4,0,2
BRDA:54,4,1,1
BRDA:76,5,0,2
BRDA:76,5,1,3
BRDA:82,6,0,2
BRDA:82,6,1,1
BRDA:106,7,0,2
BRDA:106,7,1,2
BRDA:121,8,0,3
BRDA:121,8,1,5
BRDA:122,9,0,1
BRDA:122,9,1,2
BRDA:122,10,0,3
BRDA:122,10,1,1
BRDA:130,11,0,1
BRDA:130,11,1,4
BRDA:131,12,0,2
BRDA:131,12,1,3
BRDA:139,13,0,4
BRDA:139,13,1,0
BRDA:139,14,0,4
BRDA:139,14,1,4
BRDA:148,15,0,3
BRDA:148,15,1,1
BRDA:152,16,0,1
BRDA:152,16,1,0
BRDA:165,17,0,1
BRDA:165,17,1,0
BRDA:179,18,0,2
BRDA:179,18,1,2
BRDA:211,19,0,1
BRDA:211,19,1,3
BRDA:215,20,0,2
BRDA:215,20,1,1
BRDA:215,21,0,3
BRDA:215,21,1,2
BRDA:215,21,2,2
BRDA:234,22,0,3
BRDA:234,22,1,0
BRDA:234,23,0,3
BRDA:234,23,1,3
BRDA:235,24,0,2
BRDA:235,24,1,1
BRDA:239,25,0,1
BRDA:239,25,1,0
BRDA:265,26,0,1
BRDA:265,26,1,0
BRDA:278,27,0,1
BRDA:278,27,1,3
BRDA:287,28,0,3
BRDA:287,28,1,2
BRDA:294,29,0,2
BRDA:294,29,1,2
BRDA:311,30,0,1
BRDA:311,30,1,1
BRDA:332,31,0,1
BRDA:332,31,1,1
BRDA:357,32,0,1
BRDA:357,32,1,1
BRDA:382,33,0,4
BRDA:383,34,0,2
BRDA:383,34,1,6
BRDA:392,35,0,2
BRDA:392,35,1,3
BRDA:396,36,0,3
BRDA:396,36,1,0
BRDA:396,37,0,3
BRDA:396,37,1,3
BRDA:397,38,0,2
BRDA:397,38,1,1
BRDA:401,39,0,1
BRDA:401,39,1,0
BRDA:419,40,0,1
BRDA:419,40,1,0
BRDA:421,41,0,1
BRDA:421,41,1,0
BRDA:430,42,0,2
BRDA:430,42,1,7
BRDA:431,43,0,2
BRDA:431,43,1,5
BRDA:472,44,0,4
BRDA:472,44,1,1
BRDA:480,45,0,4
BRDA:480,45,1,1
BRDA:501,46,0,16
BRDA:501,46,1,1
BRDA:545,47,0,1
BRDA:545,47,1,3
BRDA:622,48,0,2
BRDA:622,48,1,7
BRDA:623,49,0,2
BRDA:623,49,1,5
BRDA:665,50,0,4
BRDA:665,50,1,0
BRDA:673,51,0,4
BRDA:673,51,1,0
BRDA:738,52,0,1
BRDA:738,52,1,3
BRDA:812,53,0,2
BRDA:812,53,1,3
BRDA:823,54,0,1
BRDA:823,54,1,0
BRDA:826,55,0,1
BRDA:826,55,1,0
BRDA:848,56,0,1
BRDA:848,56,1,0
BRF:114
BRH:99
end_of_record
TN:
SF:controllers/ConsentimientoControllers.js
FN:4,(anonymous_0)
FN:20,(anonymous_1)
FN:34,(anonymous_2)
FN:55,(anonymous_3)
FN:66,(anonymous_4)
FN:77,(anonymous_5)
FNF:6
FNH:6
FNDA:2,(anonymous_0)
FNDA:2,(anonymous_1)
FNDA:2,(anonymous_2)
FNDA:2,(anonymous_3)
FNDA:2,(anonymous_4)
FNDA:8,(anonymous_5)
DA:1,1
DA:2,1
DA:5,2
DA:6,2
DA:8,2
DA:11,1
DA:13,1
DA:14,1
DA:21,2
DA:22,2
DA:24,2
DA:25,1
DA:27,1
DA:28,1
DA:35,2
DA:36,2
DA:37,2
DA:40,2
DA:48,1
DA:50,1
DA:51,1
DA:56,2
DA:57,2
DA:58,2
DA:59,1
DA:61,1
DA:62,1
DA:67,2
DA:68,2
DA:69,2
DA:70,1
DA:72,1
DA:73,1
DA:78,8
DA:79,8
DA:80,8
DA:82,8
DA:83,1
DA:86,7
DA:87,7
DA:88,1
DA:90,6
DA:91,6
DA:92,1
DA:96,5
DA:106,5
DA:107,1
DA:112,4
DA:117,4
DA:125,3
DA:126,3
DA:132,1
DA:135,3
DA:136,3
DA:146,3
DA:148,1
DA:149,1
DA:154,1
LF:58
LH:58
BRDA:82,0,0,1
BRDA:82,0,1,7
BRDA:87,1,0,1
BRDA:87,1,1,6
BRDA:91,2,0,1
BRDA:91,2,1,5
BRDA:106,3,0,1
BRDA:106,3,1,4
BRDA:112,4,0,3
BRDA:112,4,1,1
BRF:10
BRH:10
end_of_record
TN:
SF:controllers/ContactoControllers.js
FN:3,(anonymous_0)
FN:13,(anonymous_1)
FNF:2
FNH:2
FNDA:13,(anonymous_0)
FNDA:5,(anonymous_1)
DA:1,1
DA:3,1
DA:4,13
DA:5,1
DA:6,1
DA:7,1
DA:14,5
DA:15,5
DA:16,5
DA:17,4
DA:18,4
DA:20,4
DA:21,4
DA:22,1
DA:23,1
DA:24,1
DA:26,3
DA:27,0
DA:28,0
DA:29,0
DA:31,3
DA:32,1
DA:33,1
DA:34,1
DA:36,2
DA:37,0
DA:38,0
DA:39,0
DA:42,2
DA:44,1
DA:46,4
DA:47,4
DA:52,1
LF:33
LH:27
BRDA:4,0,0,1
BRDA:4,0,1,12
BRDA:4,1,0,13
BRDA:4,1,1,12
BRDA:15,2,0,5
BRDA:15,2,1,0
BRDA:21,3,0,1
BRDA:21,3,1,3
BRDA:26,4,0,0
BRDA:26,4,1,3
BRDA:31,5,0,1
BRDA:31,5,1,2
BRDA:31,6,0,3
BRDA:31,6,1,1
BRDA:36,7,0,0
BRDA:36,7,1,2
BRDA:46,8,0,4
BRDA:46,8,1,1
BRDA:47,9,0,4
BRDA:47,9,1,0
BRF:20
BRH:16
end_of_record
TN:
SF:controllers/ExamenControllers.js
FN:7,(anonymous_0)
FN:23,(anonymous_1)
FN:32,(anonymous_2)
FN:42,(anonymous_3)
FNF:4
FNH:4
FNDA:2,(anonymous_0)
FNDA:2,(anonymous_1)
FNDA:3,(anonymous_2)
FNDA:5,(anonymous_3)
DA:1,1
DA:2,1
DA:3,1
DA:8,2
DA:9,2
DA:10,2
DA:14,1
DA:18,1
DA:19,1
DA:24,2
DA:25,2
DA:26,1
DA:28,1
DA:33,3
DA:34,3
DA:35,2
DA:36,1
DA:38,1
DA:43,5
DA:44,5
DA:45,5
DA:46,5
DA:49,5
DA:50,1
DA:52,4
DA:53,4
DA:55,4
DA:58,4
DA:60,4
DA:61,4
DA:62,1
DA:65,3
DA:66,3
DA:67,1
DA:70,2
DA:72,2
DA:73,1
DA:79,1
DA:87,2
DA:89,0
DA:90,0
DA:95,1
LF:42
LH:40
BRDA:19,0,0,1
BRDA:19,0,1,0
BRDA:35,1,0,1
BRDA:35,1,1,1
BRDA:49,2,0,1
BRDA:49,2,1,4
BRDA:53,3,0,0
BRDA:53,3,1,4
BRDA:55,4,0,4
BRDA:55,4,1,1
BRDA:58,5,0,4
BRDA:58,5,1,2
BRDA:61,6,0,1
BRDA:61,6,1,3
BRDA:61,7,0,4
BRDA:61,7,1,3
BRDA:61,7,2,2
BRDA:66,8,0,1
BRDA:66,8,1,2
BRDA:72,9,0,1
BRDA:72,9,1,1
BRF:21
BRH:19
end_of_record
TN:
SF:controllers/HistorialMedicoControllers.js
FN:4,(anonymous_0)
FN:10,(anonymous_1)
FN:18,(anonymous_2)
FN:28,(anonymous_3)
FN:52,(anonymous_4)
FN:66,(anonymous_5)
FN:124,(anonymous_6)
FNF:7
FNH:7
FNDA:2,(anonymous_0)
FNDA:4,(anonymous_1)
FNDA:4,(anonymous_2)
FNDA:6,(anonymous_3)
FNDA:3,(anonymous_4)
FNDA:7,(anonymous_5)
FNDA:2,(anonymous_6)
DA:1,2
DA:6,2
DA:7,2
DA:12,4
DA:13,4
DA:20,4
DA:23,4
DA:29,6
DA:30,6
DA:31,6
DA:32,2
DA:36,4
DA:37,4
DA:38,3
DA:39,3
DA:40,1
DA:43,2
DA:45,1
DA:46,1
DA:53,3
DA:55,3
DA:56,2
DA:58,1
DA:59,1
DA:67,7
DA:68,7
DA:87,7
DA:88,7
DA:89,2
DA:92,5
DA:111,4
DA:112,2
DA:114,2
DA:116,1
DA:125,2
DA:126,2
DA:130,2
LF:37
LH:37
BRDA:13,0,0,2
BRDA:13,0,1,2
BRDA:23,1,0,2
BRDA:23,1,1,2
BRDA:31,2,0,2
BRDA:31,2,1,4
BRDA:39,3,0,1
BRDA:39,3,1,2
BRDA:88,4,0,2
BRDA:88,4,1,5
BRDA:111,5,0,2
BRDA:111,5,1,2
BRF:12
BRH:12
end_of_record
TN:
SF:controllers/OrdenControllers.js
FN:4,(anonymous_0)
FN:17,(anonymous_1)
FN:28,(anonymous_2)
FN:33,(anonymous_3)
FN:40,(anonymous_4)
FN:45,(anonymous_5)
FN:68,(anonymous_6)
FNF:7
FNH:7
FNDA:3,(anonymous_0)
FNDA:2,(anonymous_1)
FNDA:1,(anonymous_2)
FNDA:2,(anonymous_3)
FNDA:1,(anonymous_4)
FNDA:4,(anonymous_5)
FNDA:1,(anonymous_6)
DA:1,1
DA:5,3
DA:6,3
DA:7,3
DA:8,1
DA:10,2
DA:11,1
DA:13,1
DA:14,1
DA:18,2
DA:19,2
DA:21,2
DA:22,1
DA:24,1
DA:25,1
DA:29,1
DA:30,1
DA:34,2
DA:35,2
DA:41,1
DA:42,1
DA:46,4
DA:47,4
DA:48,4
DA:49,4
DA:50,1
DA:52,3
DA:57,2
DA:58,1
DA:60,1
DA:62,1
DA:69,1
DA:70,1
DA:74,1
LF:34
LH:34
BRDA:7,0,0,1
BRDA:7,0,1,2
BRDA:7,1,0,3
BRDA:7,1,1,3
BRDA:35,2,0,1
BRDA:35,2,1,1
BRDA:49,3,0,1
BRDA:49,3,1,3
BRDA:57,4,0,1
BRDA:57,4,1,1
BRF:10
BRH:10
end_of_record
TN:
SF:controllers/OrdenProcedimientosControllers.js
FN:4,(anonymous_0)
FN:9,(anonymous_1)
FN:14,(anonymous_2)
FN:19,(anonymous_3)
FN:39,(anonymous_4)
FNF:5
FNH:5
FNDA:1,(anonymous_0)
FNDA:2,(anonymous_1)
FNDA:1,(anonymous_2)
FNDA:4,(anonymous_3)
FNDA:1,(anonymous_4)
DA:1,1
DA:5,1
DA:6,1
DA:10,2
DA:11,2
DA:15,1
DA:16,1
DA:21,4
DA:22,4
DA:23,4
DA:24,4
DA:26,1
DA:28,3
DA:29,2
DA:30,1
DA:32,1
DA:34,1
DA:40,1
DA:41,1
DA:45,1
LF:20
LH:20
BRDA:11,0,0,1
BRDA:11,0,1,1
BRDA:24,1,0,1
BRDA:24,1,1,3
BRDA:29,2,0,1
BRDA:29,2,1,1
BRF:6
BRH:6
end_of_record
TN:
SF:controllers/ProcedimientoControllers.js
FN:12,getCloudinaryPublicIdFromUrl
FN:37,(anonymous_1)
FN:52,(anonymous_2)
FN:59,(anonymous_3)
FN:88,(anonymous_4)
FN:112,(anonymous_5)
FN:144,(anonymous_6)
FN:146,(anonymous_7)
FN:147,(anonymous_8)
FN:148,(anonymous_9)
FN:160,(anonymous_10)
FN:178,(anonymous_11)
FN:185,(anonymous_12)
FN:223,(anonymous_13)
FN:240,(anonymous_14)
FNF:15
FNH:15
FNDA:2,getCloudinaryPublicIdFromUrl
FNDA:4,(anonymous_1)
FNDA:4,(anonymous_2)
FNDA:3,(anonymous_3)
FNDA:2,(anonymous_4)
FNDA:7,(anonymous_5)
FNDA:2,(anonymous_6)
FNDA:2,(anonymous_7)
FNDA:2,(anonymous_8)
FNDA:2,(anonymous_9)
FNDA:1,(anonymous_10)
FNDA:1,(anonymous_11)
FNDA:2,(anonymous_12)
FNDA:4,(anonymous_13)
FNDA:2,(anonymous_14)
DA:1,2
DA:2,2
DA:3,2
DA:4,2
DA:6,2
DA:13,2
DA:14,2
DA:16,2
DA:17,2
DA:18,0
DA:19,0
DA:21,0
DA:22,0
DA:23,0
DA:24,0
DA:26,0
DA:27,0
DA:28,0
DA:29,0
DA:31,0
DA:38,4
DA:39,4
DA:40,4
DA:41,1
DA:42,1
DA:44,3
DA:45,2
DA:47,1
DA:48,1
DA:53,4
DA:54,4
DA:60,3
DA:61,3
DA:62,3
DA:63,3
DA:64,3
DA:65,3
DA:66,2
DA:69,3
DA:70,3
DA:71,3
DA:73,3
DA:74,1
DA:77,3
DA:79,2
DA:80,2
DA:81,1
DA:88,2
DA:89,2
DA:90,2
DA:98,2
DA:99,1
DA:102,2
DA:104,1
DA:105,1
DA:113,7
DA:114,7
DA:115,7
DA:116,2
DA:118,5
DA:119,5
DA:120,2
DA:122,3
DA:129,3
DA:130,0
DA:133,3
DA:134,3
DA:135,3
DA:137,3
DA:138,0
DA:142,3
DA:143,3
DA:144,3
DA:145,3
DA:146,2
DA:147,2
DA:148,3
DA:150,3
DA:151,2
DA:152,0
DA:156,2
DA:157,2
DA:158,0
DA:160,2
DA:161,1
DA:162,1
DA:165,2
DA:166,1
DA:170,2
DA:172,1
DA:178,1
DA:179,1
DA:184,1
DA:186,2
DA:187,2
DA:188,0
DA:189,0
DA:191,0
DA:197,1
DA:198,1
DA:202,1
DA:203,1
DA:208,1
DA:209,1
DA:210,0
DA:213,2
DA:215,1
DA:216,1
DA:224,4
DA:225,4
DA:226,4
DA:227,1
DA:229,3
DA:230,2
DA:232,1
DA:233,1
DA:241,2
DA:242,2
DA:247,2
LF:119
LH:100
BRDA:14,0,0,0
BRDA:14,0,1,2
BRDA:17,1,0,2
BRDA:17,1,1,0
BRDA:23,2,0,0
BRDA:23,2,1,0
BRDA:23,3,0,0
BRDA:23,3,1,0
BRDA:23,3,2,0
BRDA:28,4,0,0
BRDA:28,4,1,0
BRDA:40,5,0,1
BRDA:40,5,1,3
BRDA:54,6,0,2
BRDA:54,6,1,2
BRDA:65,7,0,2
BRDA:65,7,1,1
BRDA:69,8,0,3
BRDA:69,8,1,1
BRDA:71,9,0,3
BRDA:71,9,1,2
BRDA:73,10,0,1
BRDA:73,10,1,2
BRDA:80,11,0,1
BRDA:80,11,1,1
BRDA:83,12,0,1
BRDA:83,12,1,0
BRDA:89,13,0,2
BRDA:89,13,1,0
BRDA:92,14,0,2
BRDA:92,14,1,0
BRDA:98,15,0,1
BRDA:98,15,1,1
BRDA:115,16,0,2
BRDA:115,16,1,5
BRDA:119,17,0,2
BRDA:119,17,1,3
BRDA:129,18,0,0
BRDA:129,18,1,3
BRDA:133,19,0,3
BRDA:133,19,1,1
BRDA:135,20,0,3
BRDA:135,20,1,2
BRDA:137,21,0,0
BRDA:137,21,1,3
BRDA:142,22,0,3
BRDA:142,22,1,2
BRDA:142,22,2,2
BRDA:143,23,0,0
BRDA:143,23,1,3
BRDA:144,24,0,2
BRDA:144,24,1,2
BRDA:144,24,2,2
BRDA:151,25,0,0
BRDA:151,25,1,2
BRDA:157,26,0,0
BRDA:157,26,1,2
BRDA:158,27,0,0
BRDA:158,27,1,0
BRDA:161,28,0,1
BRDA:161,28,1,0
BRDA:162,29,0,1
BRDA:162,29,1,1
BRDA:165,30,0,1
BRDA:165,30,1,1
BRDA:170,31,0,1
BRDA:170,31,1,1
BRDA:170,32,0,2
BRDA:170,32,1,1
BRDA:172,33,0,1
BRDA:172,33,1,0
BRDA:180,34,0,1
BRDA:180,34,1,0
BRDA:180,35,0,1
BRDA:180,35,1,0
BRDA:187,36,0,0
BRDA:187,36,1,2
BRDA:197,37,0,1
BRDA:197,37,1,0
BRDA:202,38,0,1
BRDA:202,38,1,0
BRDA:209,39,0,0
BRDA:209,39,1,1
BRDA:209,40,0,1
BRDA:209,40,1,0
BRDA:226,41,0,1
BRDA:226,41,1,3
BRF:87
BRH:59
end_of_record
TN:
SF:controllers/UsuariosControllers.js
FN:7,(anonymous_0)
FN:12,(anonymous_1)
FN:19,(anonymous_2)
FN:29,(anonymous_3)
FN:39,(anonymous_4)
FN:54,(anonymous_5)
FN:68,(anonymous_6)
FN:82,(anonymous_7)
FN:97,(anonymous_8)
FN:108,(anonymous_9)
FN:159,(anonymous_10)
FN:164,(anonymous_11)
FN:183,(anonymous_12)
FN:204,(anonymous_13)
FN:219,(anonymous_14)
FN:233,(anonymous_15)
FN:264,(anonymous_16)
FN:286,(anonymous_17)
FN:306,(anonymous_18)
FN:322,(anonymous_19)
FN:357,(anonymous_20)
FN:381,(anonymous_21)
FN:402,(anonymous_22)
FNF:23
FNH:23
FNDA:2,(anonymous_0)
FNDA:4,(anonymous_1)
FNDA:2,(anonymous_2)
FNDA:2,(anonymous_3)
FNDA:3,(anonymous_4)
FNDA:4,(anonymous_5)
FNDA:5,(anonymous_6)
FNDA:3,(anonymous_7)
FNDA:2,(anonymous_8)
FNDA:7,(anonymous_9)
FNDA:2,(anonymous_10)
FNDA:5,(anonymous_11)
FNDA:7,(anonymous_12)
FNDA:3,(anonymous_13)
FNDA:3,(anonymous_14)
FNDA:6,(anonymous_15)
FNDA:4,(anonymous_16)
FNDA:3,(anonymous_17)
FNDA:3,(anonymous_18)
FNDA:6,(anonymous_19)
FNDA:4,(anonymous_20)
FNDA:3,(anonymous_21)
FNDA:3,(anonymous_22)
DA:1,2
DA:5,2
DA:8,2
DA:9,2
DA:13,4
DA:14,4
DA:20,2
DA:21,2
DA:22,1
DA:24,1
DA:25,1
DA:30,2
DA:31,2
DA:32,1
DA:34,1
DA:35,1
DA:40,3
DA:41,3
DA:42,3
DA:43,2
DA:45,1
DA:46,1
DA:55,4
DA:56,4
DA:57,4
DA:58,2
DA:60,2
DA:62,0
DA:63,0
DA:69,5
DA:70,5
DA:71,5
DA:72,4
DA:73,2
DA:75,2
DA:77,1
DA:78,1
DA:83,3
DA:84,3
DA:87,2
DA:89,1
DA:90,1
DA:98,2
DA:100,2
DA:101,2
DA:102,1
DA:105,1
DA:109,7
DA:110,7
DA:125,7
DA:126,7
DA:127,2
DA:129,5
DA:145,5
DA:147,4
DA:148,2
DA:151,2
DA:153,1
DA:160,2
DA:161,2
DA:165,5
DA:166,5
DA:167,5
DA:168,4
DA:169,2
DA:170,2
DA:171,2
DA:174,2
DA:175,2
DA:176,2
DA:178,1
DA:179,1
DA:184,7
DA:185,7
DA:186,7
DA:187,7
DA:188,2
DA:192,5
DA:193,4
DA:194,2
DA:196,2
DA:197,2
DA:199,1
DA:200,1
DA:205,3
DA:206,3
DA:207,3
DA:210,2
DA:212,1
DA:213,1
DA:220,3
DA:221,3
DA:223,3
DA:224,2
DA:226,1
DA:227,1
DA:234,6
DA:235,6
DA:237,6
DA:238,6
DA:240,6
DA:241,2
DA:246,4
DA:251,3
DA:252,2
DA:254,1
DA:257,1
DA:258,1
DA:265,4
DA:266,4
DA:268,4
DA:270,3
DA:271,2
DA:273,1
DA:276,1
DA:280,1
DA:287,3
DA:288,3
DA:289,3
DA:291,2
DA:292,2
DA:298,0
DA:301,1
DA:302,1
DA:307,3
DA:308,3
DA:309,3
DA:312,2
DA:314,1
DA:315,1
DA:323,6
DA:324,6
DA:326,6
DA:327,6
DA:329,6
DA:330,2
DA:336,4
DA:341,3
DA:342,2
DA:344,1
DA:347,1
DA:351,1
DA:358,4
DA:359,4
DA:361,4
DA:363,3
DA:364,2
DA:368,1
DA:371,1
DA:375,1
DA:382,3
DA:383,3
DA:385,3
DA:387,2
DA:388,2
DA:394,0
DA:397,1
DA:398,1
DA:403,3
DA:404,3
DA:406,3
DA:407,2
DA:409,1
DA:413,1
DA:420,2
LF:165
LH:161
BRDA:14,0,0,2
BRDA:14,0,1,2
BRDA:57,1,0,2
BRDA:57,1,1,2
BRDA:72,2,0,2
BRDA:72,2,1,2
BRDA:72,3,0,4
BRDA:72,3,1,3
BRDA:101,4,0,1
BRDA:101,4,1,1
BRDA:126,5,0,2
BRDA:126,5,1,5
BRDA:147,6,0,2
BRDA:147,6,1,2
BRDA:168,7,0,2
BRDA:168,7,1,2
BRDA:187,8,0,2
BRDA:187,8,1,5
BRDA:193,9,0,2
BRDA:193,9,1,2
BRDA:237,10,0,6
BRDA:237,10,1,0
BRDA:238,11,0,6
BRDA:238,11,1,2
BRDA:240,12,0,2
BRDA:240,12,1,4
BRDA:251,13,0,2
BRDA:251,13,1,1
BRDA:270,14,0,2
BRDA:270,14,1,1
BRDA:291,15,0,2
BRDA:291,15,1,0
BRDA:326,16,0,6
BRDA:326,16,1,0
BRDA:327,17,0,6
BRDA:327,17,1,2
BRDA:329,18,0,2
BRDA:329,18,1,4
BRDA:341,19,0,2
BRDA:341,19,1,1
BRDA:363,20,0,2
BRDA:363,20,1,1
BRDA:387,21,0,2
BRDA:387,21,1,0
BRF:44
BRH:40
end_of_record
TN:
SF:middleware/Authorization.js
FN:3,(anonymous_0)
FN:35,(anonymous_1)
FN:35,(anonymous_2)
FN:53,(anonymous_3)
FN:76,(anonymous_4)
FNF:5
FNH:5
FNDA:4,(anonymous_0)
FNDA:2,(anonymous_1)
FNDA:2,(anonymous_2)
FNDA:5,(anonymous_3)
FNDA:3,(anonymous_4)
DA:1,1
DA:2,1
DA:3,1
DA:4,4
DA:5,4
DA:6,1
DA:11,1
DA:15,3
DA:16,3
DA:17,3
DA:18,2
DA:19,2
DA:20,1
DA:21,1
DA:23,1
DA:24,1
DA:26,1
DA:31,1
DA:35,2
DA:36,2
DA:37,1
DA:43,1
DA:45,1
DA:46,1
DA:49,1
DA:53,1
DA:54,5
DA:55,5
DA:56,5
DA:57,1
DA:59,4
DA:60,4
DA:61,1
DA:63,3
DA:64,3
DA:65,3
DA:66,3
DA:67,1
DA:69,2
DA:71,0
DA:72,0
DA:76,1
DA:77,3
DA:78,3
DA:79,3
DA:80,3
DA:81,1
DA:83,2
DA:86,1
DA:87,1
LF:50
LH:48
BRDA:5,0,0,1
BRDA:5,0,1,3
BRDA:19,1,0,1
BRDA:19,1,1,1
BRDA:36,2,0,1
BRDA:36,2,1,1
BRDA:36,3,0,2
BRDA:36,3,1,2
BRDA:45,4,0,1
BRDA:45,4,1,1
BRDA:56,5,0,1
BRDA:56,5,1,4
BRDA:56,6,0,5
BRDA:56,6,1,5
BRDA:60,7,0,1
BRDA:60,7,1,3
BRDA:64,8,0,3
BRDA:64,8,1,0
BRDA:66,9,0,1
BRDA:66,9,1,2
BRDA:66,10,0,3
BRDA:66,10,1,2
BRDA:80,11,0,1
BRDA:80,11,1,2
BRDA:80,12,0,3
BRDA:80,12,1,2
BRF:26
BRH:25
end_of_record
TN:
SF:middleware/Multer.js
FN:10,(anonymous_0)
FNF:1
FNH:1
FNDA:1,(anonymous_0)
DA:1,1
DA:2,1
DA:3,1
DA:5,1
DA:10,1
DA:14,1
DA:16,1
LF:7
LH:7
BRF:0
BRH:0
end_of_record
TN:
SF:middleware/MulterExamenes.js
FN:15,(anonymous_0)
FN:33,(anonymous_1)
FNF:2
FNH:2
FNDA:2,(anonymous_0)
FNDA:3,(anonymous_1)
DA:1,1
DA:2,1
DA:3,1
DA:4,1
DA:6,1
DA:13,1
DA:16,2
DA:17,2
DA:18,2
DA:19,2
DA:20,2
DA:33,1
DA:34,3
DA:40,3
DA:41,1
DA:43,2
DA:46,1
DA:55,1
LF:18
LH:18
BRDA:17,0,0,2
BRDA:17,0,1,0
BRDA:22,1,0,1
BRDA:22,1,1,1
BRDA:24,2,0,1
BRDA:24,2,1,1
BRDA:40,3,0,1
BRDA:40,3,1,2
BRF:8
BRH:7
end_of_record
TN:
SF:middleware/PrimerMayusculaProcedimientos.js
FN:2,(anonymous_0)
FN:9,(anonymous_1)
FNF:2
FNH:2
FNDA:7,(anonymous_0)
FNDA:2,(anonymous_1)
DA:3,7
DA:4,6
DA:5,6
DA:6,4
DA:10,2
DA:11,1
DA:15,2
DA:16,1
DA:20,2
DA:21,1
DA:25,2
DA:29,1
LF:12
LH:12
BRDA:3,0,0,1
BRDA:3,0,1,6
BRDA:5,1,0,2
BRDA:5,1,1,4
BRDA:10,2,0,1
BRDA:10,2,1,1
BRDA:10,3,0,2
BRDA:10,3,1,2
BRDA:15,4,0,1
BRDA:15,4,1,1
BRDA:20,5,0,1
BRDA:20,5,1,1
BRF:12
BRH:12
end_of_record
TN:
SF:middleware/PrimeraMayusculaCategoria.js
FN:2,(anonymous_0)
FN:12,(anonymous_1)
FNF:2
FNH:2
FNDA:7,(anonymous_0)
FNDA:2,(anonymous_1)
DA:3,7
DA:4,5
DA:8,5
DA:9,3
DA:13,2
DA:14,1
DA:18,2
DA:22,1
LF:8
LH:8
BRDA:3,0,0,2
BRDA:3,0,1,5
BRDA:8,1,0,2
BRDA:8,1,1,3
BRDA:13,2,0,1
BRDA:13,2,1,1
BRDA:13,3,0,2
BRDA:13,3,1,2
BRF:8
BRH:8
end_of_record
TN:
SF:middleware/Validaciones.js
FN:28,(anonymous_0)
FN:36,(anonymous_1)
FN:48,(anonymous_2)
FNF:3
FNH:3
FNDA:5,(anonymous_0)
FNDA:3,(anonymous_1)
FNDA:2,(anonymous_2)
DA:1,2
DA:3,2
DA:28,5
DA:33,2
DA:37,3
DA:38,3
DA:39,2
DA:41,1
DA:46,2
DA:49,2
DA:50,2
DA:51,1
DA:53,1
DA:57,2
LF:14
LH:14
BRDA:28,0,0,5
BRDA:28,0,1,2
BRDA:38,1,0,2
BRDA:38,1,1,1
BRDA:50,2,0,1
BRDA:50,2,1,1
BRF:6
BRH:6
end_of_record
TN:
SF:middleware/intentosfallidos.js
FN:6,(anonymous_0)
FN:19,(anonymous_1)
FN:30,(anonymous_2)
FNF:3
FNH:3
FNDA:2,(anonymous_0)
FNDA:3,(anonymous_1)
FNDA:1,(anonymous_2)
DA:1,2
DA:3,2
DA:4,2
DA:6,2
DA:7,2
DA:8,2
DA:9,2
DA:11,2
DA:12,1
DA:13,1
DA:16,1
DA:19,2
DA:20,3
DA:21,3
DA:23,3
DA:24,1
DA:26,2
DA:30,2
DA:31,1
DA:34,2
LF:20
LH:20
BRDA:11,0,0,1
BRDA:11,0,1,1
BRDA:11,1,0,2
BRDA:11,1,1,1
BRDA:23,2,0,1
BRDA:23,2,1,2
BRF:6
BRH:6
end_of_record
TN:
SF:services/CambiarContrasenaServices.js
FN:10,(anonymous_0)
FN:32,(anonymous_1)
FN:62,(anonymous_2)
FNF:3
FNH:3
FNDA:5,(anonymous_0)
FNDA:6,(anonymous_1)
FNDA:6,(anonymous_2)
DA:1,1
DA:2,1
DA:3,1
DA:4,1
DA:6,1
DA:7,1
DA:11,5
DA:12,5
DA:14,4
DA:15,4
DA:17,3
DA:18,1
DA:21,2
DA:22,2
DA:23,1
DA:25,1
DA:26,1
DA:27,1
DA:29,1
DA:33,6
DA:34,6
DA:36,5
DA:37,5
DA:42,5
DA:50,5
DA:52,5
DA:59,5
DA:63,6
DA:64,6
DA:65,3
DA:66,3
DA:69,3
DA:70,1
DA:73,2
DA:74,2
DA:76,1
DA:77,1
DA:79,1
DA:81,1
DA:85,1
LF:40
LH:40
BRDA:12,0,0,1
BRDA:12,0,1,4
BRDA:15,1,0,1
BRDA:15,1,1,3
BRDA:17,2,0,1
BRDA:17,2,1,2
BRDA:17,3,0,3
BRDA:17,3,1,3
BRDA:22,4,0,1
BRDA:22,4,1,1
BRDA:34,5,0,1
BRDA:34,5,1,5
BRDA:64,6,0,3
BRDA:64,6,1,3
BRDA:64,7,0,6
BRDA:64,7,1,4
BRDA:69,8,0,1
BRDA:69,8,1,2
BRDA:69,9,0,3
BRDA:69,9,1,3
BRDA:74,10,0,1
BRDA:74,10,1,1
BRF:22
BRH:22
end_of_record
TN:
SF:services/CarritoServices.js
FN:4,(anonymous_0)
FN:21,(anonymous_1)
FN:47,(anonymous_2)
FN:56,(anonymous_3)
FNF:4
FNH:4
FNDA:2,(anonymous_0)
FNDA:3,(anonymous_1)
FNDA:2,(anonymous_2)
FNDA:2,(anonymous_3)
DA:1,1
DA:5,2
DA:6,2
DA:16,1
DA:17,1
DA:22,3
DA:23,3
DA:29,3
DA:30,1
DA:32,2
DA:33,1
DA:36,1
DA:42,2
DA:43,2
DA:48,2
DA:49,2
DA:51,1
DA:52,1
DA:57,2
DA:58,2
DA:60,1
DA:61,1
DA:66,1
LF:23
LH:23
BRDA:29,0,0,1
BRDA:29,0,1,2
BRF:2
BRH:2
end_of_record
TN:
SF:services/CategoriaProcedimientosServices.js
FN:4,normalizeNombre
FN:10,(anonymous_1)
FN:28,(anonymous_2)
FN:45,(anonymous_3)
FN:74,(anonymous_4)
FN:108,(anonymous_5)
FNF:6
FNH:6
FNDA:13,normalizeNombre
FNDA:2,(anonymous_1)
FNDA:2,(anonymous_2)
FNDA:4,(anonymous_3)
FNDA:5,(anonymous_4)
FNDA:2,(anonymous_5)
DA:1,1
DA:2,1
DA:5,13
DA:6,11
DA:11,2
DA:12,2
DA:23,1
DA:24,1
DA:29,2
DA:30,2
DA:40,1
DA:41,1
DA:46,4
DA:47,4
DA:48,4
DA:49,1
DA:50,1
DA:51,1
DA:54,3
DA:60,2
DA:61,1
DA:62,1
DA:63,1
DA:66,1
DA:67,1
DA:69,3
DA:70,3
DA:75,5
DA:76,5
DA:77,4
DA:78,4
DA:79,1
DA:80,1
DA:81,1
DA:83,3
DA:91,3
DA:92,1
DA:93,1
DA:94,1
DA:96,2
DA:98,3
DA:101,2
DA:103,3
DA:104,3
DA:109,2
DA:110,2
DA:112,1
DA:113,1
DA:120,1
LF:49
LH:49
BRDA:5,0,0,2
BRDA:5,0,1,11
BRDA:48,1,0,1
BRDA:48,1,1,3
BRDA:60,2,0,1
BRDA:60,2,1,1
BRDA:76,3,0,4
BRDA:76,3,1,1
BRDA:76,4,0,5
BRDA:76,4,1,5
BRDA:78,5,0,1
BRDA:78,5,1,3
BRDA:91,6,0,1
BRDA:91,6,1,2
BRF:14
BRH:14
end_of_record
TN:
SF:services/ChatServices.js
FN:57,(anonymous_0)
FN:64,(anonymous_1)
FN:68,(anonymous_2)
FN:72,(anonymous_3)
FN:75,(anonymous_4)
FN:101,(anonymous_5)
FN:111,(anonymous_6)
FNF:7
FNH:7
FNDA:6,(anonymous_0)
FNDA:4,(anonymous_1)
FNDA:13,(anonymous_2)
FNDA:6,(anonymous_3)
FNDA:2,(anonymous_4)
FNDA:2,(anonymous_5)
FNDA:3,(anonymous_6)
DA:1,1
DA:2,1
DA:5,1
DA:58,6
DA:65,4
DA:66,4
DA:68,13
DA:73,6
DA:75,2
DA:76,1
DA:101,2
DA:112,3
DA:113,3
DA:114,1
DA:122,2
DA:123,2
DA:124,1
DA:132,1
DA:142,1
LF:19
LH:19
BRDA:57,0,0,1
BRDA:58,1,0,6
BRDA:58,1,1,3
BRDA:64,2,0,1
BRDA:68,3,0,13
BRDA:68,3,1,11
BRDA:68,3,2,5
BRDA:72,4,0,1
BRDA:72,5,0,5
BRDA:73,6,0,5
BRDA:73,6,1,1
BRDA:73,7,0,6
BRDA:73,7,1,4
BRDA:107,8,0,1
BRDA:107,8,1,1
BRDA:113,9,0,1
BRDA:113,9,1,2
BRDA:123,10,0,1
BRDA:123,10,1,1
BRF:19
BRH:19
end_of_record
TN:
SF:services/CitasServices.js
FN:23,(anonymous_0)
FN:33,(anonymous_1)
FN:34,(anonymous_2)
FN:36,(anonymous_3)
FN:39,(anonymous_4)
FN:44,(anonymous_5)
FN:52,(anonymous_6)
FN:60,(anonymous_7)
FN:68,(anonymous_8)
FN:110,(anonymous_9)
FN:164,(anonymous_10)
FN:199,(anonymous_11)
FN:234,(anonymous_12)
FN:265,(anonymous_13)
FN:296,(anonymous_14)
FN:301,(anonymous_15)
FN:308,(anonymous_16)
FN:328,(anonymous_17)
FN:348,(anonymous_18)
FN:394,(anonymous_19)
FN:396,(anonymous_20)
FN:413,(anonymous_21)
FN:427,(anonymous_22)
FN:479,(anonymous_23)
FN:666,(anonymous_24)
FN:675,(anonymous_25)
FN:684,(anonymous_26)
FN:714,(anonymous_27)
FN:754,(anonymous_28)
FN:791,(anonymous_29)
FN:828,(anonymous_30)
FN:867,(anonymous_31)
FN:892,(anonymous_32)
FN:935,(anonymous_33)
FN:971,(anonymous_34)
FN:1035,(anonymous_35)
FN:1101,(anonymous_36)
FNF:37
FNH:10
FNDA:1,(anonymous_0)
FNDA:5,(anonymous_1)
FNDA:5,(anonymous_2)
FNDA:5,(anonymous_3)
FNDA:5,(anonymous_4)
FNDA:1,(anonymous_5)
FNDA:0,(anonymous_6)
FNDA:0,(anonymous_7)
FNDA:2,(anonymous_8)
FNDA:0,(anonymous_9)
FNDA:2,(anonymous_10)
FNDA:2,(anonymous_11)
FNDA:2,(anonymous_12)
FNDA:0,(anonymous_13)
FNDA:0,(anonymous_14)
FNDA:0,(anonymous_15)
FNDA:0,(anonymous_16)
FNDA:0,(anonymous_17)
FNDA:0,(anonymous_18)
FNDA:0,(anonymous_19)
FNDA:0,(anonymous_20)
FNDA:0,(anonymous_21)
FNDA:0,(anonymous_22)
FNDA:0,(anonymous_23)
FNDA:0,(anonymous_24)
FNDA:0,(anonymous_25)
FNDA:0,(anonymous_26)
FNDA:0,(anonymous_27)
FNDA:0,(anonymous_28)
FNDA:0,(anonymous_29)
FNDA:0,(anonymous_30)
FNDA:0,(anonymous_31)
FNDA:0,(anonymous_32)
FNDA:0,(anonymous_33)
FNDA:0,(anonymous_34)
FNDA:0,(anonymous_35)
FNDA:0,(anonymous_36)
DA:1,1
DA:16,1
DA:17,1
DA:18,1
DA:19,1
DA:20,1
DA:21,1
DA:24,1
DA:27,1
DA:29,1
DA:31,1
DA:33,5
DA:34,5
DA:36,5
DA:39,5
DA:45,1
DA:46,1
DA:48,1
DA:49,1
DA:53,0
DA:54,0
DA:56,0
DA:57,0
DA:61,0
DA:62,0
DA:64,0
DA:65,0
DA:69,2
DA:71,2
DA:73,2
DA:74,0
DA:76,2
DA:77,2
DA:78,2
DA:79,2
DA:80,2
DA:81,11
DA:83,11
DA:85,11
DA:88,11
DA:92,11
DA:100,11
DA:101,11
DA:102,1
DA:105,1
DA:110,1
DA:111,0
DA:112,0
DA:116,0
DA:123,1
DA:124,1
DA:125,1
DA:129,11
DA:130,1
DA:139,1
DA:141,10
DA:142,10
DA:143,1
DA:145,10
DA:149,2
DA:150,1
DA:151,1
DA:152,0
DA:155,1
DA:161,1
DA:165,2
DA:166,2
DA:167,2
DA:169,2
DA:177,2
DA:178,1
DA:181,2
DA:183,1
DA:184,1
DA:189,1
DA:191,1
DA:195,1
DA:200,2
DA:201,2
DA:202,2
DA:204,2
DA:212,2
DA:213,1
DA:216,2
DA:218,1
DA:219,1
DA:224,1
DA:226,1
DA:230,1
DA:235,2
DA:236,2
DA:237,2
DA:239,2
DA:246,2
DA:247,1
DA:250,2
DA:252,1
DA:253,1
DA:258,1
DA:260,1
DA:261,1
DA:266,0
DA:267,0
DA:268,0
DA:270,0
DA:277,0
DA:278,0
DA:281,0
DA:283,0
DA:284,0
DA:289,0
DA:291,0
DA:292,0
DA:297,0
DA:298,0
DA:302,0
DA:305,0
DA:309,0
DA:310,0
DA:323,0
DA:324,0
DA:329,0
DA:330,0
DA:343,0
DA:344,0
DA:349,0
DA:351,0
DA:395,0
DA:396,0
DA:397,0
DA:405,0
DA:409,0
DA:410,0
DA:411,0
DA:413,0
DA:417,0
DA:418,0
DA:419,0
DA:420,0
DA:423,0
DA:428,0
DA:480,0
DA:481,0
DA:482,0
DA:483,0
DA:484,0
DA:485,0
DA:487,0
DA:489,0
DA:491,0
DA:495,0
DA:499,0
DA:500,0
DA:501,0
DA:503,0
DA:504,0
DA:505,0
DA:508,0
DA:509,0
DA:511,0
DA:512,0
DA:515,0
DA:516,0
DA:520,0
DA:521,0
DA:522,0
DA:523,0
DA:524,0
DA:525,0
DA:528,0
DA:529,0
DA:531,0
DA:533,0
DA:534,0
DA:537,0
DA:538,0
DA:542,0
DA:543,0
DA:544,0
DA:545,0
DA:548,0
DA:549,0
DA:551,0
DA:553,0
DA:554,0
DA:555,0
DA:558,0
DA:559,0
DA:561,0
DA:570,0
DA:571,0
DA:574,0
DA:575,0
DA:577,0
DA:581,0
DA:586,0
DA:588,0
DA:589,0
DA:590,0
DA:591,0
DA:592,0
DA:594,0
DA:595,0
DA:598,0
DA:600,0
DA:601,0
DA:611,0
DA:614,0
DA:615,0
DA:628,0
DA:630,0
DA:631,0
DA:643,0
DA:645,0
DA:649,0
DA:650,0
DA:659,0
DA:661,0
DA:663,0
DA:667,0
DA:669,0
DA:670,0
DA:672,0
DA:676,0
DA:677,0
DA:678,0
DA:680,0
DA:685,0
DA:686,0
DA:688,0
DA:689,0
DA:692,0
DA:699,0
DA:700,0
DA:703,0
DA:715,0
DA:718,0
DA:729,0
DA:738,0
DA:741,0
DA:748,0
DA:755,0
DA:757,0
DA:767,0
DA:776,0
DA:778,0
DA:785,0
DA:792,0
DA:794,0
DA:795,0
DA:798,0
DA:801,0
DA:805,0
DA:807,0
DA:810,0
DA:823,0
DA:824,0
DA:829,0
DA:831,0
DA:835,0
DA:839,0
DA:842,0
DA:846,0
DA:848,0
DA:851,0
DA:862,0
DA:863,0
DA:868,0
DA:869,0
DA:872,0
DA:876,0
DA:887,0
DA:888,0
DA:893,0
DA:936,0
DA:937,0
DA:938,0
DA:940,0
DA:941,0
DA:942,0
DA:943,0
DA:946,0
DA:952,0
DA:953,0
DA:954,0
DA:955,0
DA:958,0
DA:959,0
DA:960,0
DA:964,0
DA:966,0
DA:967,0
DA:972,0
DA:986,0
DA:987,0
DA:988,0
DA:989,0
DA:990,0
DA:992,0
DA:993,0
DA:995,0
DA:996,0
DA:998,0
DA:999,0
DA:1000,0
DA:1014,0
DA:1017,0
DA:1018,0
DA:1019,0
DA:1030,0
DA:1032,0
DA:1036,0
DA:1046,0
DA:1047,0
DA:1048,0
DA:1049,0
DA:1052,0
DA:1053,0
DA:1054,0
DA:1055,0
DA:1058,0
DA:1062,0
DA:1065,0
DA:1066,0
DA:1069,0
DA:1070,0
DA:1071,0
DA:1072,0
DA:1073,0
DA:1076,0
DA:1077,0
DA:1079,0
DA:1080,0
DA:1081,0
DA:1082,0
DA:1085,0
DA:1086,0
DA:1095,0
DA:1098,0
DA:1102,0
DA:1136,1
LF:341
LH:89
BRDA:27,0,0,1
BRDA:27,0,1,0
BRDA:36,1,0,5
BRDA:36,1,1,3
BRDA:39,2,0,5
BRDA:39,2,1,3
BRDA:73,3,0,0
BRDA:73,3,1,2
BRDA:80,4,0,13
BRDA:80,4,1,12
BRDA:117,5,0,0
BRDA:117,5,1,0
BRDA:117,5,2,0
BRDA:117,5,3,0
BRDA:117,5,4,0
BRDA:117,5,5,0
BRDA:123,6,0,1
BRDA:123,6,1,0
BRDA:129,7,0,1
BRDA:129,7,1,10
BRDA:142,8,0,1
BRDA:142,8,1,9
BRDA:149,9,0,1
BRDA:149,9,1,1
BRDA:151,10,0,0
BRDA:151,10,1,1
BRDA:177,11,0,1
BRDA:177,11,1,1
BRDA:183,12,0,1
BRDA:183,12,1,0
BRDA:212,13,0,1
BRDA:212,13,1,1
BRDA:218,14,0,1
BRDA:218,14,1,0
BRDA:246,15,0,1
BRDA:246,15,1,1
BRDA:252,16,0,1
BRDA:252,16,1,0
BRDA:277,17,0,0
BRDA:277,17,1,0
BRDA:283,18,0,0
BRDA:283,18,1,0
BRDA:348,19,0,0
BRDA:349,20,0,0
BRDA:349,20,1,0
BRDA:410,21,0,0
BRDA:410,21,1,0
BRDA:480,22,0,0
BRDA:480,22,1,0
BRDA:482,23,0,0
BRDA:482,23,1,0
BRDA:503,24,0,0
BRDA:503,24,1,0
BRDA:504,25,0,0
BRDA:504,25,1,0
BRDA:511,26,0,0
BRDA:511,26,1,0
BRDA:520,27,0,0
BRDA:520,27,1,0
BRDA:521,28,0,0
BRDA:521,28,1,0
BRDA:524,29,0,0
BRDA:524,29,1,0
BRDA:524,30,0,0
BRDA:524,30,1,0
BRDA:533,31,0,0
BRDA:533,31,1,0
BRDA:542,32,0,0
BRDA:542,32,1,0
BRDA:544,33,0,0
BRDA:544,33,1,0
BRDA:544,34,0,0
BRDA:544,34,1,0
BRDA:553,35,0,0
BRDA:553,35,1,0
BRDA:554,36,0,0
BRDA:554,36,1,0
BRDA:570,37,0,0
BRDA:570,37,1,0
BRDA:577,38,0,0
BRDA:577,38,1,0
BRDA:578,39,0,0
BRDA:578,39,1,0
BRDA:591,40,0,0
BRDA:591,40,1,0
BRDA:594,41,0,0
BRDA:594,41,1,0
BRDA:632,42,0,0
BRDA:632,42,1,0
BRDA:669,43,0,0
BRDA:669,43,1,0
BRDA:684,44,0,0
BRDA:688,45,0,0
BRDA:688,45,1,0
BRDA:688,46,0,0
BRDA:688,46,1,0
BRDA:699,47,0,0
BRDA:699,47,1,0
BRDA:720,48,0,0
BRDA:720,48,1,0
BRDA:759,49,0,0
BRDA:759,49,1,0
BRDA:794,50,0,0
BRDA:794,50,1,0
BRDA:831,51,0,0
BRDA:831,51,1,0
BRDA:832,52,0,0
BRDA:832,52,1,0
BRDA:938,53,0,0
BRDA:938,53,1,0
BRDA:940,54,0,0
BRDA:940,54,1,0
BRDA:952,55,0,0
BRDA:952,55,1,0
BRDA:986,56,0,0
BRDA:986,56,1,0
BRDA:987,57,0,0
BRDA:987,57,1,0
BRDA:992,58,0,0
BRDA:992,58,1,0
BRDA:999,59,0,0
BRDA:999,59,1,0
BRDA:1006,60,0,0
BRDA:1006,60,1,0
BRDA:1018,61,0,0
BRDA:1018,61,1,0
BRDA:1018,62,0,0
BRDA:1018,62,1,0
BRDA:1046,63,0,0
BRDA:1046,63,1,0
BRDA:1052,64,0,0
BRDA:1052,64,1,0
BRDA:1052,65,0,0
BRDA:1052,65,1,0
BRDA:1058,66,0,0
BRDA:1058,66,1,0
BRDA:1059,67,0,0
BRDA:1059,67,1,0
BRDA:1070,68,0,0
BRDA:1070,68,1,0
BRDA:1081,69,0,0
BRDA:1081,69,1,0
BRDA:1081,70,0,0
BRDA:1081,70,1,0
BRF:144
BRH:25
end_of_record
TN:
SF:services/ConsentimientoService.js
FN:6,(anonymous_0)
FN:10,(anonymous_1)
FN:14,(anonymous_2)
FN:18,(anonymous_3)
FN:22,(anonymous_4)
FN:26,(anonymous_5)
FN:36,(anonymous_6)
FN:62,(anonymous_7)
FN:82,(anonymous_8)
FN:83,(anonymous_9)
FN:102,(anonymous_10)
FN:123,(anonymous_11)
FN:126,(anonymous_12)
FNF:13
FNH:12
FNDA:1,(anonymous_0)
FNDA:1,(anonymous_1)
FNDA:1,(anonymous_2)
FNDA:1,(anonymous_3)
FNDA:1,(anonymous_4)
FNDA:1,(anonymous_5)
FNDA:0,(anonymous_6)
FNDA:1,(anonymous_7)
FNDA:1,(anonymous_8)
FNDA:1,(anonymous_9)
FNDA:1,(anonymous_10)
FNDA:1,(anonymous_11)
FNDA:1,(anonymous_12)
DA:1,1
DA:2,1
DA:3,1
DA:4,1
DA:7,1
DA:11,1
DA:15,1
DA:19,1
DA:23,1
DA:34,1
DA:35,1
DA:36,1
DA:39,1
DA:40,1
DA:43,1
DA:44,1
DA:49,1
DA:50,1
DA:53,1
DA:54,1
DA:55,1
DA:56,1
DA:59,1
DA:60,1
DA:61,1
DA:62,1
DA:63,1
DA:64,1
DA:65,1
DA:67,1
DA:69,1
DA:70,1
DA:73,1
DA:76,1
DA:77,1
DA:78,1
DA:79,1
DA:82,1
DA:83,1
DA:84,1
DA:85,1
DA:86,1
DA:91,1
DA:92,1
DA:93,1
DA:103,1
DA:104,1
DA:107,1
DA:109,0
DA:112,1
DA:115,1
DA:116,1
DA:124,1
DA:127,1
DA:131,1
LF:55
LH:54
BRDA:43,0,0,1
BRDA:43,0,1,0
BRDA:45,1,0,1
BRDA:45,1,1,0
BRDA:46,2,0,1
BRDA:46,2,1,0
BRDA:49,3,0,1
BRDA:49,3,1,0
BRDA:54,4,0,1
BRDA:54,4,1,0
BRDA:55,5,0,1
BRDA:55,5,1,0
BRDA:62,6,0,1
BRDA:62,6,1,0
BRDA:63,7,0,1
BRDA:63,7,1,0
BRDA:64,8,0,1
BRDA:64,8,1,0
BRDA:65,9,0,1
BRDA:65,9,1,0
BRDA:69,10,0,1
BRDA:69,10,1,0
BRDA:76,11,0,1
BRDA:76,11,1,0
BRDA:78,12,0,1
BRDA:78,12,1,0
BRDA:103,13,0,0
BRDA:103,13,1,1
BRF:28
BRH:14
end_of_record
TN:
SF:services/ContactoServices.js
FN:5,(anonymous_0)
FN:14,(anonymous_1)
FN:21,(anonymous_2)
FN:37,(anonymous_3)
FNF:4
FNH:4
FNDA:39,(anonymous_0)
FNDA:27,(anonymous_1)
FNDA:16,(anonymous_2)
FNDA:14,(anonymous_3)
DA:1,1
DA:6,39
DA:15,27
DA:22,16
DA:23,16
DA:24,16
DA:25,16
DA:26,16
DA:28,16
DA:39,14
DA:43,14
DA:44,2
DA:47,2
DA:48,2
DA:52,12
DA:53,12
DA:54,12
DA:57,12
DA:60,12
DA:68,12
DA:71,12
DA:73,12
DA:75,12
DA:76,12
DA:88,12
DA:92,1
LF:26
LH:26
BRDA:5,0,0,1
BRDA:14,1,0,1
BRDA:22,2,0,16
BRDA:22,2,1,1
BRDA:23,3,0,16
BRDA:23,3,1,1
BRDA:23,4,0,16
BRDA:23,4,1,2
BRDA:24,5,0,16
BRDA:24,5,1,13
BRDA:25,6,0,16
BRDA:25,6,1,15
BRDA:26,7,0,16
BRDA:26,7,1,2
BRDA:31,8,0,16
BRDA:31,8,1,1
BRDA:32,9,0,2
BRDA:32,9,1,14
BRDA:32,10,0,16
BRDA:32,10,1,5
BRDA:39,11,0,14
BRDA:39,11,1,2
BRDA:39,11,2,2
BRDA:43,12,0,2
BRDA:43,12,1,12
BRDA:52,13,0,12
BRDA:52,13,1,1
BRDA:53,14,0,12
BRDA:53,14,1,4
BRDA:55,15,0,12
BRDA:55,15,1,10
BRDA:57,16,0,12
BRDA:57,16,1,1
BRDA:68,17,0,12
BRDA:68,17,1,10
BRDA:68,17,2,9
BRDA:71,18,0,12
BRDA:71,18,1,6
BRDA:86,19,0,12
BRDA:86,19,1,4
BRF:40
BRH:40
end_of_record
TN:
SF:services/ExamenServices.js
FN:4,(anonymous_0)
FN:15,(anonymous_1)
FN:38,(anonymous_2)
FN:42,(anonymous_3)
FNF:4
FNH:4
FNDA:5,(anonymous_0)
FNDA:3,(anonymous_1)
FNDA:1,(anonymous_2)
FNDA:2,(anonymous_3)
DA:1,1
DA:5,5
DA:6,1
DA:9,4
DA:10,4
DA:11,3
DA:12,1
DA:14,2
DA:16,3
DA:25,3
DA:26,3
DA:27,2
DA:35,1
DA:39,1
DA:43,2
DA:44,2
DA:45,1
DA:46,1
DA:50,1
LF:19
LH:19
BRDA:5,0,0,1
BRDA:5,0,1,4
BRDA:5,1,0,5
BRDA:5,1,1,5
BRDA:10,2,0,1
BRDA:10,2,1,3
BRDA:11,3,0,1
BRDA:11,3,1,2
BRDA:26,4,0,1
BRDA:26,4,1,2
BRDA:44,5,0,1
BRDA:44,5,1,1
BRF:12
BRH:12
end_of_record
TN:
SF:services/HistorialMedicoServices.js
FN:4,(anonymous_0)
FN:23,(anonymous_1)
FN:46,(anonymous_2)
FN:73,(anonymous_3)
FN:83,(anonymous_4)
FN:91,(anonymous_5)
FNF:6
FNH:6
FNDA:1,(anonymous_0)
FNDA:2,(anonymous_1)
FNDA:2,(anonymous_2)
FNDA:2,(anonymous_3)
FNDA:1,(anonymous_4)
FNDA:2,(anonymous_5)
DA:1,1
DA:2,1
DA:5,1
DA:24,2
DA:25,2
DA:42,1
DA:47,2
DA:48,2
DA:66,1
DA:74,2
DA:77,2
DA:78,1
DA:80,1
DA:84,1
DA:85,0
DA:86,0
DA:88,0
DA:92,2
DA:93,2
DA:94,1
DA:96,1
DA:101,1
LF:22
LH:19
BRDA:77,0,0,1
BRDA:77,0,1,1
BRDA:85,1,0,0
BRDA:85,1,1,0
BRF:4
BRH:2
end_of_record
TN:
SF:services/OrdenProcedimientoServices.js
FN:4,(anonymous_0)
FN:12,(anonymous_1)
FN:20,(anonymous_2)
FN:28,(anonymous_3)
FN:36,(anonymous_4)
FNF:5
FNH:5
FNDA:1,(anonymous_0)
FNDA:1,(anonymous_1)
FNDA:1,(anonymous_2)
FNDA:1,(anonymous_3)
FNDA:1,(anonymous_4)
DA:1,1
DA:5,1
DA:6,1
DA:8,0
DA:13,1
DA:14,1
DA:16,0
DA:21,1
DA:22,1
DA:24,0
DA:29,1
DA:30,1
DA:32,0
DA:37,1
DA:38,1
DA:39,1
DA:41,0
DA:46,1
LF:18
LH:13
BRF:0
BRH:0
end_of_record
TN:
SF:services/OrdenServices.js
FN:8,(anonymous_0)
FN:25,(anonymous_1)
FN:36,(anonymous_2)
FN:55,(anonymous_3)
FN:63,(anonymous_4)
FN:71,(anonymous_5)
FN:84,(anonymous_6)
FN:92,(anonymous_7)
FNF:8
FNH:8
FNDA:1,(anonymous_0)
FNDA:3,(anonymous_1)
FNDA:5,(anonymous_2)
FNDA:1,(anonymous_3)
FNDA:1,(anonymous_4)
FNDA:2,(anonymous_5)
FNDA:1,(anonymous_6)
FNDA:1,(anonymous_7)
DA:5,1
DA:9,1
DA:10,1
DA:21,1
DA:26,3
DA:27,3
DA:36,5
DA:37,3
DA:39,2
DA:50,1
DA:51,1
DA:56,1
DA:57,1
DA:59,0
DA:64,1
DA:65,1
DA:67,0
DA:72,2
DA:73,2
DA:74,2
DA:75,2
DA:76,1
DA:78,2
DA:80,0
DA:85,1
DA:86,1
DA:88,0
DA:93,1
DA:94,1
DA:95,1
DA:97,0
DA:102,1
LF:32
LH:27
BRDA:37,0,0,1
BRDA:37,0,1,2
BRDA:75,1,0,1
BRDA:75,1,1,1
BRDA:75,2,0,2
BRDA:75,2,1,1
BRF:6
BRH:6
end_of_record
TN:
SF:services/ProcedimientosServices.js
FN:5,(anonymous_0)
FN:27,(anonymous_1)
FN:49,(anonymous_2)
FN:53,(anonymous_3)
FN:76,(anonymous_4)
FN:80,(anonymous_5)
FNF:6
FNH:6
FNDA:1,(anonymous_0)
FNDA:1,(anonymous_1)
FNDA:1,(anonymous_2)
FNDA:1,(anonymous_3)
FNDA:1,(anonymous_4)
FNDA:1,(anonymous_5)
DA:1,1
DA:6,1
DA:28,1
DA:50,1
DA:54,1
DA:77,1
DA:81,1
DA:82,1
DA:83,1
DA:85,0
DA:93,1
LF:11
LH:10
BRF:0
BRH:0
end_of_record
TN:
SF:services/UsuariosServices.js
FN:9,(anonymous_0)
FN:13,(anonymous_1)
FN:25,(anonymous_2)
FN:46,(anonymous_3)
FN:50,(anonymous_4)
FN:75,(anonymous_5)
FN:100,(anonymous_6)
FN:108,(anonymous_7)
FN:127,(anonymous_8)
FN:173,(anonymous_9)
FN:192,(anonymous_10)
FN:196,(anonymous_11)
FN:206,(anonymous_12)
FN:212,(anonymous_13)
FN:227,(anonymous_14)
FN:232,(anonymous_15)
FN:243,(anonymous_16)
FN:249,(anonymous_17)
FN:265,(anonymous_18)
FN:278,(anonymous_19)
FN:302,(anonymous_20)
FN:314,(anonymous_21)
FN:336,(anonymous_22)
FN:350,(anonymous_23)
FN:369,(anonymous_24)
FN:382,(anonymous_25)
FN:409,(anonymous_26)
FN:423,(anonymous_27)
FN:434,(anonymous_28)
FN:456,(anonymous_29)
FN:475,(anonymous_30)
FN:476,(anonymous_31)
FN:497,(anonymous_32)
FN:540,(anonymous_33)
FN:585,(anonymous_34)
FNF:35
FNH:35
FNDA:1,(anonymous_0)
FNDA:1,(anonymous_1)
FNDA:1,(anonymous_2)
FNDA:1,(anonymous_3)
FNDA:1,(anonymous_4)
FNDA:1,(anonymous_5)
FNDA:2,(anonymous_6)
FNDA:3,(anonymous_7)
FNDA:5,(anonymous_8)
FNDA:3,(anonymous_9)
FNDA:2,(anonymous_10)
FNDA:2,(anonymous_11)
FNDA:1,(anonymous_12)
FNDA:2,(anonymous_13)
FNDA:2,(anonymous_14)
FNDA:1,(anonymous_15)
FNDA:1,(anonymous_16)
FNDA:1,(anonymous_17)
FNDA:3,(anonymous_18)
FNDA:2,(anonymous_19)
FNDA:2,(anonymous_20)
FNDA:2,(anonymous_21)
FNDA:2,(anonymous_22)
FNDA:2,(anonymous_23)
FNDA:2,(anonymous_24)
FNDA:2,(anonymous_25)
FNDA:2,(anonymous_26)
FNDA:2,(anonymous_27)
FNDA:2,(anonymous_28)
FNDA:2,(anonymous_29)
FNDA:3,(anonymous_30)
FNDA:2,(anonymous_31)
FNDA:4,(anonymous_32)
FNDA:5,(anonymous_33)
FNDA:4,(anonymous_34)
DA:1,1
DA:2,1
DA:3,1
DA:4,1
DA:5,1
DA:6,1
DA:7,1
DA:10,1
DA:14,1
DA:15,1
DA:20,0
DA:21,0
DA:26,1
DA:27,1
DA:41,0
DA:42,0
DA:47,1
DA:51,1
DA:52,1
DA:53,1
DA:54,1
DA:59,1
DA:60,1
DA:70,0
DA:72,1
DA:76,1
DA:77,1
DA:78,1
DA:79,1
DA:84,1
DA:85,1
DA:95,0
DA:97,1
DA:101,2
DA:102,2
DA:103,1
DA:105,1
DA:109,3
DA:110,3
DA:111,1
DA:114,3
DA:115,3
DA:116,1
DA:119,2
DA:120,1
DA:122,1
DA:123,1
DA:128,5
DA:129,5
DA:130,4
DA:131,1
DA:133,3
DA:134,1
DA:135,1
DA:137,2
DA:141,2
DA:142,1
DA:144,1
DA:149,1
DA:150,1
DA:151,1
DA:161,0
DA:163,1
DA:165,1
DA:169,1
DA:174,3
DA:175,3
DA:176,2
DA:177,1
DA:179,1
DA:180,1
DA:181,1
DA:182,1
DA:187,1
DA:188,1
DA:193,2
DA:194,2
DA:195,2
DA:196,1
DA:197,2
DA:198,2
DA:199,1
DA:201,2
DA:204,1
DA:206,1
DA:209,1
DA:210,1
DA:212,1
DA:213,2
DA:215,1
DA:216,2
DA:220,1
DA:222,1
DA:223,1
DA:228,2
DA:229,2
DA:230,2
DA:232,1
DA:233,1
DA:234,1
DA:235,1
DA:237,1
DA:241,1
DA:243,1
DA:246,1
DA:247,1
DA:249,1
DA:250,1
DA:252,1
DA:253,1
DA:258,1
DA:260,1
DA:261,1
DA:266,3
DA:267,3
DA:270,2
DA:272,1
DA:273,1
DA:275,1
DA:276,1
DA:278,1
DA:279,2
DA:281,2
DA:282,1
DA:285,2
DA:288,1
DA:289,1
DA:290,1
DA:291,2
DA:295,1
DA:297,1
DA:298,1
DA:303,2
DA:305,2
DA:310,1
DA:311,1
DA:313,1
DA:314,1
DA:315,2
DA:316,2
DA:317,2
DA:320,1
DA:321,1
DA:322,2
DA:326,1
DA:328,1
DA:332,1
DA:337,2
DA:338,2
DA:342,1
DA:343,1
DA:345,1
DA:346,1
DA:351,2
DA:353,2
DA:362,1
DA:364,1
DA:365,1
DA:370,2
DA:371,2
DA:374,1
DA:376,1
DA:377,1
DA:379,1
DA:380,1
DA:382,1
DA:383,2
DA:385,2
DA:386,1
DA:389,2
DA:392,1
DA:393,1
DA:394,1
DA:395,2
DA:399,1
DA:401,1
DA:405,1
DA:410,2
DA:411,2
DA:415,1
DA:416,1
DA:418,1
DA:419,1
DA:424,2
DA:425,2
DA:430,1
DA:431,1
DA:433,1
DA:434,1
DA:435,2
DA:436,2
DA:437,2
DA:440,1
DA:441,1
DA:442,2
DA:446,1
DA:448,1
DA:452,1
DA:457,2
DA:458,2
DA:465,1
DA:467,1
DA:471,1
DA:476,3
DA:477,2
DA:479,3
DA:480,3
DA:481,3
DA:482,1
DA:486,2
DA:487,2
DA:488,2
DA:489,2
DA:494,2
DA:498,4
DA:499,4
DA:500,4
DA:502,4
DA:503,1
DA:506,3
DA:508,2
DA:511,2
DA:512,1
DA:515,2
DA:516,1
DA:517,1
DA:525,1
DA:533,1
DA:534,1
DA:535,1
DA:537,1
DA:541,5
DA:542,5
DA:543,5
DA:546,4
DA:547,4
DA:548,1
DA:551,3
DA:553,3
DA:554,2
DA:557,2
DA:558,2
DA:561,2
DA:570,2
DA:573,2
DA:575,2
DA:580,0
DA:581,0
DA:586,4
DA:587,4
DA:588,0
DA:591,4
DA:592,4
DA:593,1
DA:596,3
DA:597,3
DA:598,3
DA:599,1
DA:601,2
DA:604,2
DA:605,2
DA:606,1
DA:607,1
DA:610,1
DA:626,1
DA:629,1
DA:630,1
DA:636,0
DA:638,1
DA:644,0
DA:645,0
DA:649,1
LF:272
LH:259
BRDA:102,0,0,1
BRDA:102,0,1,1
BRDA:110,1,0,1
BRDA:110,1,1,2
BRDA:110,2,0,3
BRDA:110,2,1,1
BRDA:115,3,0,1
BRDA:115,3,1,2
BRDA:130,4,0,1
BRDA:130,4,1,3
BRDA:133,5,0,1
BRDA:133,5,1,2
BRDA:141,6,0,1
BRDA:141,6,1,1
BRDA:176,7,0,1
BRDA:176,7,1,1
BRDA:198,8,0,1
BRDA:198,8,1,1
BRDA:204,9,0,1
BRDA:204,9,1,0
BRDA:210,10,0,1
BRDA:210,10,1,0
BRDA:234,11,0,1
BRDA:234,11,1,0
BRDA:241,12,0,1
BRDA:241,12,1,0
BRDA:247,13,0,1
BRDA:247,13,1,0
BRDA:270,14,0,1
BRDA:270,14,1,1
BRDA:281,15,0,1
BRDA:281,15,1,1
BRDA:289,16,0,1
BRDA:289,16,1,0
BRDA:313,17,0,1
BRDA:313,17,1,0
BRDA:374,18,0,0
BRDA:374,18,1,1
BRDA:385,19,0,1
BRDA:385,19,1,1
BRDA:393,20,0,1
BRDA:393,20,1,0
BRDA:433,21,0,1
BRDA:433,21,1,0
BRDA:481,22,0,1
BRDA:481,22,1,2
BRDA:502,23,0,1
BRDA:502,23,1,3
BRDA:506,24,0,2
BRDA:506,24,1,1
BRDA:511,25,0,1
BRDA:511,25,1,1
BRDA:515,26,0,1
BRDA:515,26,1,1
BRDA:543,27,0,1
BRDA:543,27,1,4
BRDA:547,28,0,1
BRDA:547,28,1,3
BRDA:553,29,0,1
BRDA:553,29,1,2
BRDA:557,30,0,2
BRDA:557,30,1,0
BRDA:587,31,0,0
BRDA:587,31,1,4
BRDA:587,32,0,4
BRDA:587,32,1,4
BRDA:592,33,0,1
BRDA:592,33,1,3
BRDA:598,34,0,1
BRDA:598,34,1,2
BRDA:605,35,0,1
BRDA:605,35,1,1
BRDA:614,36,0,1
BRDA:614,36,1,0
BRF:74
BRH:61
end_of_record
